2023-10-14 18:46:20 [scrapy] DEBUG: Crawled (200) <GET https://www.cbf.com.br/futebol-brasileiro/competicoes/campeonato-brasileiro-serie-b/2017> (referer: None)
2023-10-14 18:46:20 [scrapy] DEBUG: Scraped from <200 https://www.cbf.com.br/futebol-brasileiro/competicoes/campeonato-brasileiro-serie-b/2017>
{'year': '2017', 'position': '1', 'team': 'América - MG', 'points': '73', 'games': '38', 'wins': '20', 'draws': '13', 'losses': '5', 'goals_for': '46', 'goals_against': '25', 'goal_difference': '21', 'percentage': '64', 'top_player_scorer': {'team': 'Oeste - SP', 'name': 'Mazinho', 'goals': '16'}}
2023-10-14 18:46:20 [scrapy] DEBUG: Scraped from <200 https://www.cbf.com.br/futebol-brasileiro/competicoes/campeonato-brasileiro-serie-b/2017>
{'year': '2017', 'position': '2', 'team': 'Internacional - RS', 'points': '71', 'games': '38', 'wins': '20', 'draws': '11', 'losses': '7', 'goals_for': '54', 'goals_against': '26', 'goal_difference': '28', 'percentage': '62', 'top_player_scorer': {'team': 'Oeste - SP', 'name': 'Mazinho', 'goals': '16'}}
2023-10-14 18:46:20 [scrapy] DEBUG: Scraped from <200 https://www.cbf.com.br/futebol-brasileiro/competicoes/campeonato-brasileiro-serie-b/2017>
{'year': '2017', 'position': '3', 'team': 'Ceará - CE', 'points': '67', 'games': '38', 'wins': '19', 'draws': '10', 'losses': '9', 'goals_for': '46', 'goals_against': '32', 'goal_difference': '14', 'percentage': '58', 'top_player_scorer': {'team': 'Oeste - SP', 'name': 'Mazinho', 'goals': '16'}}
2023-10-14 18:46:20 [scrapy] DEBUG: Scraped from <200 https://www.cbf.com.br/futebol-brasileiro/competicoes/campeonato-brasileiro-serie-b/2017>
{'year': '2017', 'position': '4', 'team': 'Paraná - PR', 'points': '64', 'games': '38', 'wins': '18', 'draws': '10', 'losses': '10', 'goals_for': '49', 'goals_against': '28', 'goal_difference': '21', 'percentage': '56', 'top_player_scorer': {'team': 'Oeste - SP', 'name': 'Mazinho', 'goals': '16'}}
2023-10-14 18:46:20 [scrapy] DEBUG: Scraped from <200 https://www.cbf.com.br/futebol-brasileiro/competicoes/campeonato-brasileiro-serie-b/2017>
{'year': '2017', 'position': '5', 'team': 'Londrina - PR', 'points': '62', 'games': '38', 'wins': '18', 'draws': '8', 'losses': '12', 'goals_for': '56', 'goals_against': '46', 'goal_difference': '10', 'percentage': '54', 'top_player_scorer': {'team': 'Oeste - SP', 'name': 'Mazinho', 'goals': '16'}}
2023-10-14 18:46:20 [scrapy] DEBUG: Scraped from <200 https://www.cbf.com.br/futebol-brasileiro/competicoes/campeonato-brasileiro-serie-b/2017>
{'year': '2017', 'position': '6', 'team': 'Oeste - SP', 'points': '59', 'games': '38', 'wins': '14', 'draws': '17', 'losses': '7', 'goals_for': '43', 'goals_against': '31', 'goal_difference': '12', 'percentage': '51', 'top_player_scorer': {'team': 'Oeste - SP', 'name': 'Mazinho', 'goals': '16'}}
2023-10-14 18:46:20 [scrapy] DEBUG: Scraped from <200 https://www.cbf.com.br/futebol-brasileiro/competicoes/campeonato-brasileiro-serie-b/2017>
{'year': '2017', 'position': '7', 'team': 'Vila Nova - GO', 'points': '58', 'games': '38', 'wins': '15', 'draws': '13', 'losses': '10', 'goals_for': '38', 'goals_against': '30', 'goal_difference': '8', 'percentage': '50', 'top_player_scorer': {'team': 'Oeste - SP', 'name': 'Mazinho', 'goals': '16'}}
2023-10-14 18:46:20 [scrapy] DEBUG: Scraped from <200 https://www.cbf.com.br/futebol-brasileiro/competicoes/campeonato-brasileiro-serie-b/2017>
{'year': '2017', 'position': '8', 'team': 'Brasil - RS', 'points': '51', 'games': '38', 'wins': '15', 'draws': '6', 'losses': '17', 'goals_for': '43', 'goals_against': '50', 'goal_difference': '-7', 'percentage': '44', 'top_player_scorer': {'team': 'Oeste - SP', 'name': 'Mazinho', 'goals': '16'}}
2023-10-14 18:46:20 [scrapy] DEBUG: Scraped from <200 https://www.cbf.com.br/futebol-brasileiro/competicoes/campeonato-brasileiro-serie-b/2017>
{'year': '2017', 'position': '9', 'team': 'Juventude - RS', 'points': '51', 'games': '38', 'wins': '13', 'draws': '12', 'losses': '13', 'goals_for': '35', 'goals_against': '38', 'goal_difference': '-3', 'percentage': '44', 'top_player_scorer': {'team': 'Oeste - SP', 'name': 'Mazinho', 'goals': '16'}}
2023-10-14 18:46:20 [scrapy] DEBUG: Scraped from <200 https://www.cbf.com.br/futebol-brasileiro/competicoes/campeonato-brasileiro-serie-b/2017>
{'year': '2017', 'position': '10', 'team': 'Boa - MG', 'points': '50', 'games': '38', 'wins': '12', 'draws': '14', 'losses': '12', 'goals_for': '40', 'goals_against': '42', 'goal_difference': '-2', 'percentage': '43', 'top_player_scorer': {'team': 'Oeste - SP', 'name': 'Mazinho', 'goals': '16'}}
2023-10-14 18:46:20 [scrapy] DEBUG: Scraped from <200 https://www.cbf.com.br/futebol-brasileiro/competicoes/campeonato-brasileiro-serie-b/2017>
{'year': '2017', 'position': '11', 'team': 'Paysandu - PA', 'points': '48', 'games': '38', 'wins': '13', 'draws': '9', 'losses': '16', 'goals_for': '41', 'goals_against': '41', 'goal_difference': '0', 'percentage': '42', 'top_player_scorer': {'team': 'Oeste - SP', 'name': 'Mazinho', 'goals': '16'}}
2023-10-14 18:46:20 [scrapy] DEBUG: Scraped from <200 https://www.cbf.com.br/futebol-brasileiro/competicoes/campeonato-brasileiro-serie-b/2017>
{'year': '2017', 'position': '12', 'team': 'Figueirense - SC', 'points': '48', 'games': '38', 'wins': '12', 'draws': '12', 'losses': '14', 'goals_for': '44', 'goals_against': '49', 'goal_difference': '-5', 'percentage': '42', 'top_player_scorer': {'team': 'Oeste - SP', 'name': 'Mazinho', 'goals': '16'}}
2023-10-14 18:46:20 [scrapy] DEBUG: Scraped from <200 https://www.cbf.com.br/futebol-brasileiro/competicoes/campeonato-brasileiro-serie-b/2017>
{'year': '2017', 'position': '13', 'team': 'Criciúma - SC', 'points': '48', 'games': '38', 'wins': '12', 'draws': '12', 'losses': '14', 'goals_for': '41', 'goals_against': '46', 'goal_difference': '-5', 'percentage': '42', 'top_player_scorer': {'team': 'Oeste - SP', 'name': 'Mazinho', 'goals': '16'}}
2023-10-14 18:46:20 [scrapy] DEBUG: Scraped from <200 https://www.cbf.com.br/futebol-brasileiro/competicoes/campeonato-brasileiro-serie-b/2017>
{'year': '2017', 'position': '14', 'team': 'Goiás - GO', 'points': '45', 'games': '38', 'wins': '12', 'draws': '9', 'losses': '17', 'goals_for': '35', 'goals_against': '46', 'goal_difference': '-11', 'percentage': '39', 'top_player_scorer': {'team': 'Oeste - SP', 'name': 'Mazinho', 'goals': '16'}}
2023-10-14 18:46:20 [scrapy] DEBUG: Scraped from <200 https://www.cbf.com.br/futebol-brasileiro/competicoes/campeonato-brasileiro-serie-b/2017>
{'year': '2017', 'position': '15', 'team': 'Crb - AL', 'points': '45', 'games': '38', 'wins': '12', 'draws': '9', 'losses': '17', 'goals_for': '35', 'goals_against': '50', 'goal_difference': '-15', 'percentage': '39', 'top_player_scorer': {'team': 'Oeste - SP', 'name': 'Mazinho', 'goals': '16'}}
2023-10-14 18:46:20 [scrapy] DEBUG: Scraped from <200 https://www.cbf.com.br/futebol-brasileiro/competicoes/campeonato-brasileiro-serie-b/2017>
{'year': '2017', 'position': '16', 'team': 'Guarani - SP', 'points': '44', 'games': '38', 'wins': '11', 'draws': '11', 'losses': '16', 'goals_for': '36', 'goals_against': '46', 'goal_difference': '-10', 'percentage': '38', 'top_player_scorer': {'team': 'Oeste - SP', 'name': 'Mazinho', 'goals': '16'}}
2023-10-14 18:46:20 [scrapy] DEBUG: Scraped from <200 https://www.cbf.com.br/futebol-brasileiro/competicoes/campeonato-brasileiro-serie-b/2017>
{'year': '2017', 'position': '17', 'team': 'Luverdense - MT', 'points': '44', 'games': '38', 'wins': '10', 'draws': '14', 'losses': '14', 'goals_for': '38', 'goals_against': '40', 'goal_difference': '-2', 'percentage': '38', 'top_player_scorer': {'team': 'Oeste - SP', 'name': 'Mazinho', 'goals': '16'}}
2023-10-14 18:46:20 [scrapy] DEBUG: Scraped from <200 https://www.cbf.com.br/futebol-brasileiro/competicoes/campeonato-brasileiro-serie-b/2017>
{'year': '2017', 'position': '18', 'team': 'Santa Cruz - PE', 'points': '37', 'games': '38', 'wins': '8', 'draws': '13', 'losses': '17', 'goals_for': '43', 'goals_against': '54', 'goal_difference': '-11', 'percentage': '32', 'top_player_scorer': {'team': 'Oeste - SP', 'name': 'Mazinho', 'goals': '16'}}
2023-10-14 18:46:20 [scrapy] DEBUG: Scraped from <200 https://www.cbf.com.br/futebol-brasileiro/competicoes/campeonato-brasileiro-serie-b/2017>
{'year': '2017', 'position': '19', 'team': 'Abc - RN', 'points': '34', 'games': '38', 'wins': '9', 'draws': '7', 'losses': '22', 'goals_for': '28', 'goals_against': '49', 'goal_difference': '-21', 'percentage': '29', 'top_player_scorer': {'team': 'Oeste - SP', 'name': 'Mazinho', 'goals': '16'}}
2023-10-14 18:46:20 [scrapy] DEBUG: Scraped from <200 https://www.cbf.com.br/futebol-brasileiro/competicoes/campeonato-brasileiro-serie-b/2017>
{'year': '2017', 'position': '20', 'team': 'Náutico - PE', 'points': '32', 'games': '38', 'wins': '8', 'draws': '8', 'losses': '22', 'goals_for': '29', 'goals_against': '51', 'goal_difference': '-22', 'percentage': '28', 'top_player_scorer': {'team': 'Oeste - SP', 'name': 'Mazinho', 'goals': '16'}}
2023-10-14 18:46:20 [scrapy] INFO: Closing spider (finished)
2023-10-14 18:46:20 [scrapy] INFO: Stored json feed (20 items) in: output.json
2023-10-14 18:46:20 [scrapy] INFO: Dumping Scrapy stats:
{'downloader/request_bytes': 280,
 'downloader/request_count': 1,
 'downloader/request_method_count/GET': 1,
 'downloader/response_bytes': 153022,
 'downloader/response_count': 1,
 'downloader/response_status_count/200': 1,
 'elapsed_time_seconds': 3.317256,
 'feedexport/success_count/FileFeedStorage': 1,
 'finish_reason': 'finished',
 'finish_time': datetime.datetime(2023, 10, 14, 21, 46, 20, 874434),
 'httpcompression/response_bytes': 1176883,
 'httpcompression/response_count': 1,
 'item_scraped_count': 20,
 'log_count/DEBUG': 21,
 'log_count/INFO': 8,
 'log_count/WARNING': 1,
 'memusage/max': 197910528,
 'memusage/startup': 197910528,
 'response_received_count': 1,
 'scheduler/dequeued': 1,
 'scheduler/dequeued/memory': 1,
 'scheduler/enqueued': 1,
 'scheduler/enqueued/memory': 1,
 'start_time': datetime.datetime(2023, 10, 14, 21, 46, 17, 557178)}
2023-10-14 18:46:20 [scrapy] INFO: Spider closed (finished)
