2023-10-14 15:29:22 [scrapy] DEBUG: Crawled (200) <GET https://www.cbf.com.br/futebol-brasileiro/competicoes/campeonato-brasileiro-serie-a/2023> (referer: None)
2023-10-14 15:29:22 [scrapy] DEBUG: Scraped from <200 https://www.cbf.com.br/futebol-brasileiro/competicoes/campeonato-brasileiro-serie-a/2023>
{'year': '2023', 'position': '1', 'team': 'Botafogo - RJ', 'points': '55', 'games': '26', 'wins': '17', 'draws': '4', 'losses': '5', 'goals_for': '42', 'goals_against': '16', 'goal_difference': '26', 'percentage': '70', 'top_player_scorer': {'team': 'Botafogo - RJ', 'name': 'Tiquinho', 'goals': '15'}}
2023-10-14 15:29:22 [scrapy] DEBUG: Scraped from <200 https://www.cbf.com.br/futebol-brasileiro/competicoes/campeonato-brasileiro-serie-a/2023>
{'year': '2023', 'position': '2', 'team': 'Red Bull Bragantino - SP', 'points': '46', 'games': '26', 'wins': '12', 'draws': '10', 'losses': '4', 'goals_for': '36', 'goals_against': '23', 'goal_difference': '13', 'percentage': '58', 'top_player_scorer': {'team': 'Botafogo - RJ', 'name': 'Tiquinho', 'goals': '15'}}
2023-10-14 15:29:22 [scrapy] DEBUG: Scraped from <200 https://www.cbf.com.br/futebol-brasileiro/competicoes/campeonato-brasileiro-serie-a/2023>
{'year': '2023', 'position': '3', 'team': 'Grêmio - RS', 'points': '44', 'games': '26', 'wins': '13', 'draws': '5', 'losses': '8', 'goals_for': '42', 'goals_against': '35', 'goal_difference': '7', 'percentage': '56', 'top_player_scorer': {'team': 'Botafogo - RJ', 'name': 'Tiquinho', 'goals': '15'}}
2023-10-14 15:29:22 [scrapy] DEBUG: Scraped from <200 https://www.cbf.com.br/futebol-brasileiro/competicoes/campeonato-brasileiro-serie-a/2023>
{'year': '2023', 'position': '4', 'team': 'Palmeiras - SP', 'points': '44', 'games': '26', 'wins': '12', 'draws': '8', 'losses': '6', 'goals_for': '40', 'goals_against': '22', 'goal_difference': '18', 'percentage': '56', 'top_player_scorer': {'team': 'Botafogo - RJ', 'name': 'Tiquinho', 'goals': '15'}}
2023-10-14 15:29:22 [scrapy] DEBUG: Scraped from <200 https://www.cbf.com.br/futebol-brasileiro/competicoes/campeonato-brasileiro-serie-a/2023>
{'year': '2023', 'position': '5', 'team': 'Flamengo - RJ', 'points': '44', 'games': '26', 'wins': '12', 'draws': '8', 'losses': '6', 'goals_for': '38', 'goals_against': '31', 'goal_difference': '7', 'percentage': '56', 'top_player_scorer': {'team': 'Botafogo - RJ', 'name': 'Tiquinho', 'goals': '15'}}
2023-10-14 15:29:22 [scrapy] DEBUG: Scraped from <200 https://www.cbf.com.br/futebol-brasileiro/competicoes/campeonato-brasileiro-serie-a/2023>
{'year': '2023', 'position': '6', 'team': 'Fortaleza - CE', 'points': '42', 'games': '26', 'wins': '12', 'draws': '6', 'losses': '8', 'goals_for': '33', 'goals_against': '26', 'goal_difference': '7', 'percentage': '53', 'top_player_scorer': {'team': 'Botafogo - RJ', 'name': 'Tiquinho', 'goals': '15'}}
2023-10-14 15:29:22 [scrapy] DEBUG: Scraped from <200 https://www.cbf.com.br/futebol-brasileiro/competicoes/campeonato-brasileiro-serie-a/2023>
{'year': '2023', 'position': '7', 'team': 'Fluminense - RJ', 'points': '41', 'games': '26', 'wins': '12', 'draws': '5', 'losses': '9', 'goals_for': '34', 'goals_against': '31', 'goal_difference': '3', 'percentage': '52', 'top_player_scorer': {'team': 'Botafogo - RJ', 'name': 'Tiquinho', 'goals': '15'}}
2023-10-14 15:29:22 [scrapy] DEBUG: Scraped from <200 https://www.cbf.com.br/futebol-brasileiro/competicoes/campeonato-brasileiro-serie-a/2023>
{'year': '2023', 'position': '8', 'team': 'Athletico Paranaense - PR', 'points': '41', 'games': '26', 'wins': '11', 'draws': '8', 'losses': '7', 'goals_for': '38', 'goals_against': '30', 'goal_difference': '8', 'percentage': '52', 'top_player_scorer': {'team': 'Botafogo - RJ', 'name': 'Tiquinho', 'goals': '15'}}
2023-10-14 15:29:22 [scrapy] DEBUG: Scraped from <200 https://www.cbf.com.br/futebol-brasileiro/competicoes/campeonato-brasileiro-serie-a/2023>
{'year': '2023', 'position': '9', 'team': 'Atlético Mineiro - MG', 'points': '40', 'games': '26', 'wins': '11', 'draws': '7', 'losses': '8', 'goals_for': '30', 'goals_against': '21', 'goal_difference': '9', 'percentage': '51', 'top_player_scorer': {'team': 'Botafogo - RJ', 'name': 'Tiquinho', 'goals': '15'}}
2023-10-14 15:29:22 [scrapy] DEBUG: Scraped from <200 https://www.cbf.com.br/futebol-brasileiro/competicoes/campeonato-brasileiro-serie-a/2023>
{'year': '2023', 'position': '10', 'team': 'São Paulo - SP', 'points': '35', 'games': '26', 'wins': '9', 'draws': '8', 'losses': '9', 'goals_for': '31', 'goals_against': '27', 'goal_difference': '4', 'percentage': '44', 'top_player_scorer': {'team': 'Botafogo - RJ', 'name': 'Tiquinho', 'goals': '15'}}
2023-10-14 15:29:22 [scrapy] DEBUG: Scraped from <200 https://www.cbf.com.br/futebol-brasileiro/competicoes/campeonato-brasileiro-serie-a/2023>
{'year': '2023', 'position': '11', 'team': 'Cuiabá Saf - MT', 'points': '32', 'games': '25', 'wins': '9', 'draws': '5', 'losses': '11', 'goals_for': '26', 'goals_against': '30', 'goal_difference': '-4', 'percentage': '42', 'top_player_scorer': {'team': 'Botafogo - RJ', 'name': 'Tiquinho', 'goals': '15'}}
2023-10-14 15:29:22 [scrapy] DEBUG: Scraped from <200 https://www.cbf.com.br/futebol-brasileiro/competicoes/campeonato-brasileiro-serie-a/2023>
{'year': '2023', 'position': '12', 'team': 'Internacional - RS', 'points': '32', 'games': '26', 'wins': '8', 'draws': '8', 'losses': '10', 'goals_for': '23', 'goals_against': '31', 'goal_difference': '-8', 'percentage': '41', 'top_player_scorer': {'team': 'Botafogo - RJ', 'name': 'Tiquinho', 'goals': '15'}}
2023-10-14 15:29:22 [scrapy] DEBUG: Scraped from <200 https://www.cbf.com.br/futebol-brasileiro/competicoes/campeonato-brasileiro-serie-a/2023>
{'year': '2023', 'position': '13', 'team': 'Corinthians - SP', 'points': '31', 'games': '26', 'wins': '7', 'draws': '10', 'losses': '9', 'goals_for': '30', 'goals_against': '32', 'goal_difference': '-2', 'percentage': '39', 'top_player_scorer': {'team': 'Botafogo - RJ', 'name': 'Tiquinho', 'goals': '15'}}
2023-10-14 15:29:22 [scrapy] DEBUG: Scraped from <200 https://www.cbf.com.br/futebol-brasileiro/competicoes/campeonato-brasileiro-serie-a/2023>
{'year': '2023', 'position': '14', 'team': 'Santos - SP', 'points': '30', 'games': '26', 'wins': '8', 'draws': '6', 'losses': '12', 'goals_for': '29', 'goals_against': '42', 'goal_difference': '-13', 'percentage': '38', 'top_player_scorer': {'team': 'Botafogo - RJ', 'name': 'Tiquinho', 'goals': '15'}}
2023-10-14 15:29:22 [scrapy] DEBUG: Scraped from <200 https://www.cbf.com.br/futebol-brasileiro/competicoes/campeonato-brasileiro-serie-a/2023>
{'year': '2023', 'position': '15', 'team': 'Cruzeiro Saf - MG', 'points': '30', 'games': '25', 'wins': '7', 'draws': '9', 'losses': '9', 'goals_for': '24', 'goals_against': '22', 'goal_difference': '2', 'percentage': '40', 'top_player_scorer': {'team': 'Botafogo - RJ', 'name': 'Tiquinho', 'goals': '15'}}
2023-10-14 15:29:22 [scrapy] DEBUG: Scraped from <200 https://www.cbf.com.br/futebol-brasileiro/competicoes/campeonato-brasileiro-serie-a/2023>
{'year': '2023', 'position': '16', 'team': 'Bahia - BA', 'points': '28', 'games': '26', 'wins': '7', 'draws': '7', 'losses': '12', 'goals_for': '34', 'goals_against': '38', 'goal_difference': '-4', 'percentage': '35', 'top_player_scorer': {'team': 'Botafogo - RJ', 'name': 'Tiquinho', 'goals': '15'}}
2023-10-14 15:29:22 [scrapy] DEBUG: Scraped from <200 https://www.cbf.com.br/futebol-brasileiro/competicoes/campeonato-brasileiro-serie-a/2023>
{'year': '2023', 'position': '17', 'team': 'Vasco da Gama S.a.f. - RJ', 'points': '27', 'games': '26', 'wins': '7', 'draws': '6', 'losses': '13', 'goals_for': '27', 'goals_against': '38', 'goal_difference': '-11', 'percentage': '34', 'top_player_scorer': {'team': 'Botafogo - RJ', 'name': 'Tiquinho', 'goals': '15'}}
2023-10-14 15:29:22 [scrapy] DEBUG: Scraped from <200 https://www.cbf.com.br/futebol-brasileiro/competicoes/campeonato-brasileiro-serie-a/2023>
{'year': '2023', 'position': '18', 'team': 'Goiás - GO', 'points': '27', 'games': '26', 'wins': '6', 'draws': '9', 'losses': '11', 'goals_for': '25', 'goals_against': '37', 'goal_difference': '-12', 'percentage': '34', 'top_player_scorer': {'team': 'Botafogo - RJ', 'name': 'Tiquinho', 'goals': '15'}}
2023-10-14 15:29:22 [scrapy] DEBUG: Scraped from <200 https://www.cbf.com.br/futebol-brasileiro/competicoes/campeonato-brasileiro-serie-a/2023>
{'year': '2023', 'position': '19', 'team': 'Coritiba S.a.f. - PR', 'points': '20', 'games': '26', 'wins': '5', 'draws': '5', 'losses': '16', 'goals_for': '29', 'goals_against': '54', 'goal_difference': '-25', 'percentage': '25', 'top_player_scorer': {'team': 'Botafogo - RJ', 'name': 'Tiquinho', 'goals': '15'}}
2023-10-14 15:29:22 [scrapy] DEBUG: Scraped from <200 https://www.cbf.com.br/futebol-brasileiro/competicoes/campeonato-brasileiro-serie-a/2023>
{'year': '2023', 'position': '20', 'team': 'America Saf - MG', 'points': '18', 'games': '26', 'wins': '4', 'draws': '6', 'losses': '16', 'goals_for': '29', 'goals_against': '54', 'goal_difference': '-25', 'percentage': '23', 'top_player_scorer': {'team': 'Botafogo - RJ', 'name': 'Tiquinho', 'goals': '15'}}
2023-10-14 15:29:22 [scrapy] INFO: Closing spider (finished)
2023-10-14 15:29:22 [scrapy] INFO: Stored json feed (20 items) in: output.json
2023-10-14 15:29:22 [scrapy] INFO: Dumping Scrapy stats:
{'downloader/request_bytes': 280,
 'downloader/request_count': 1,
 'downloader/request_method_count/GET': 1,
 'downloader/response_bytes': 199733,
 'downloader/response_count': 1,
 'downloader/response_status_count/200': 1,
 'elapsed_time_seconds': 4.086173,
 'feedexport/success_count/FileFeedStorage': 1,
 'finish_reason': 'finished',
 'finish_time': datetime.datetime(2023, 10, 14, 18, 29, 22, 593771),
 'httpcompression/response_bytes': 1496984,
 'httpcompression/response_count': 1,
 'item_scraped_count': 20,
 'log_count/DEBUG': 21,
 'log_count/INFO': 8,
 'log_count/WARNING': 1,
 'memusage/max': 195117056,
 'memusage/startup': 195117056,
 'response_received_count': 1,
 'scheduler/dequeued': 1,
 'scheduler/dequeued/memory': 1,
 'scheduler/enqueued': 1,
 'scheduler/enqueued/memory': 1,
 'start_time': datetime.datetime(2023, 10, 14, 18, 29, 18, 507598)}
2023-10-14 15:29:22 [scrapy] INFO: Spider closed (finished)
