2023-10-14 18:01:02 [scrapy] DEBUG: Crawled (200) <GET https://www.cbf.com.br/futebol-brasileiro/competicoes/campeonato-brasileiro-serie-a/2022> (referer: None)
2023-10-14 18:01:02 [scrapy] DEBUG: Scraped from <200 https://www.cbf.com.br/futebol-brasileiro/competicoes/campeonato-brasileiro-serie-a/2022>
{'year': '2022', 'position': '1', 'team': 'Palmeiras - SP', 'points': '81', 'games': '38', 'wins': '23', 'draws': '12', 'losses': '3', 'goals_for': '66', 'goals_against': '27', 'goal_difference': '39', 'percentage': '71', 'top_player_scorer': {'team': 'Fluminense - RJ', 'name': 'German Cano', 'goals': '27'}}
2023-10-14 18:01:02 [scrapy] DEBUG: Scraped from <200 https://www.cbf.com.br/futebol-brasileiro/competicoes/campeonato-brasileiro-serie-a/2022>
{'year': '2022', 'position': '2', 'team': 'Internacional - RS', 'points': '73', 'games': '38', 'wins': '20', 'draws': '13', 'losses': '5', 'goals_for': '58', 'goals_against': '31', 'goal_difference': '27', 'percentage': '64', 'top_player_scorer': {'team': 'Fluminense - RJ', 'name': 'German Cano', 'goals': '27'}}
2023-10-14 18:01:02 [scrapy] DEBUG: Scraped from <200 https://www.cbf.com.br/futebol-brasileiro/competicoes/campeonato-brasileiro-serie-a/2022>
{'year': '2022', 'position': '3', 'team': 'Fluminense - RJ', 'points': '70', 'games': '38', 'wins': '21', 'draws': '7', 'losses': '10', 'goals_for': '63', 'goals_against': '41', 'goal_difference': '22', 'percentage': '61', 'top_player_scorer': {'team': 'Fluminense - RJ', 'name': 'German Cano', 'goals': '27'}}
2023-10-14 18:01:02 [scrapy] DEBUG: Scraped from <200 https://www.cbf.com.br/futebol-brasileiro/competicoes/campeonato-brasileiro-serie-a/2022>
{'year': '2022', 'position': '4', 'team': 'Corinthians - SP', 'points': '65', 'games': '38', 'wins': '18', 'draws': '11', 'losses': '9', 'goals_for': '44', 'goals_against': '36', 'goal_difference': '8', 'percentage': '57', 'top_player_scorer': {'team': 'Fluminense - RJ', 'name': 'German Cano', 'goals': '27'}}
2023-10-14 18:01:02 [scrapy] DEBUG: Scraped from <200 https://www.cbf.com.br/futebol-brasileiro/competicoes/campeonato-brasileiro-serie-a/2022>
{'year': '2022', 'position': '5', 'team': 'Flamengo - RJ', 'points': '62', 'games': '38', 'wins': '18', 'draws': '8', 'losses': '12', 'goals_for': '60', 'goals_against': '39', 'goal_difference': '21', 'percentage': '54', 'top_player_scorer': {'team': 'Fluminense - RJ', 'name': 'German Cano', 'goals': '27'}}
2023-10-14 18:01:02 [scrapy] DEBUG: Scraped from <200 https://www.cbf.com.br/futebol-brasileiro/competicoes/campeonato-brasileiro-serie-a/2022>
{'year': '2022', 'position': '6', 'team': 'Athletico Paranaense - PR', 'points': '58', 'games': '38', 'wins': '16', 'draws': '10', 'losses': '12', 'goals_for': '48', 'goals_against': '48', 'goal_difference': '0', 'percentage': '50', 'top_player_scorer': {'team': 'Fluminense - RJ', 'name': 'German Cano', 'goals': '27'}}
2023-10-14 18:01:02 [scrapy] DEBUG: Scraped from <200 https://www.cbf.com.br/futebol-brasileiro/competicoes/campeonato-brasileiro-serie-a/2022>
{'year': '2022', 'position': '7', 'team': 'Atlético Mineiro - MG', 'points': '58', 'games': '38', 'wins': '15', 'draws': '13', 'losses': '10', 'goals_for': '45', 'goals_against': '37', 'goal_difference': '8', 'percentage': '50', 'top_player_scorer': {'team': 'Fluminense - RJ', 'name': 'German Cano', 'goals': '27'}}
2023-10-14 18:01:02 [scrapy] DEBUG: Scraped from <200 https://www.cbf.com.br/futebol-brasileiro/competicoes/campeonato-brasileiro-serie-a/2022>
{'year': '2022', 'position': '8', 'team': 'Fortaleza - CE', 'points': '55', 'games': '38', 'wins': '15', 'draws': '10', 'losses': '13', 'goals_for': '46', 'goals_against': '39', 'goal_difference': '7', 'percentage': '48', 'top_player_scorer': {'team': 'Fluminense - RJ', 'name': 'German Cano', 'goals': '27'}}
2023-10-14 18:01:02 [scrapy] DEBUG: Scraped from <200 https://www.cbf.com.br/futebol-brasileiro/competicoes/campeonato-brasileiro-serie-a/2022>
{'year': '2022', 'position': '9', 'team': 'São Paulo - SP', 'points': '54', 'games': '38', 'wins': '13', 'draws': '15', 'losses': '10', 'goals_for': '55', 'goals_against': '42', 'goal_difference': '13', 'percentage': '47', 'top_player_scorer': {'team': 'Fluminense - RJ', 'name': 'German Cano', 'goals': '27'}}
2023-10-14 18:01:02 [scrapy] DEBUG: Scraped from <200 https://www.cbf.com.br/futebol-brasileiro/competicoes/campeonato-brasileiro-serie-a/2022>
{'year': '2022', 'position': '10', 'team': 'América Fc Saf - MG', 'points': '53', 'games': '38', 'wins': '15', 'draws': '8', 'losses': '15', 'goals_for': '40', 'goals_against': '40', 'goal_difference': '0', 'percentage': '46', 'top_player_scorer': {'team': 'Fluminense - RJ', 'name': 'German Cano', 'goals': '27'}}
2023-10-14 18:01:02 [scrapy] DEBUG: Scraped from <200 https://www.cbf.com.br/futebol-brasileiro/competicoes/campeonato-brasileiro-serie-a/2022>
{'year': '2022', 'position': '11', 'team': 'Botafogo - RJ', 'points': '53', 'games': '38', 'wins': '15', 'draws': '8', 'losses': '15', 'goals_for': '41', 'goals_against': '43', 'goal_difference': '-2', 'percentage': '46', 'top_player_scorer': {'team': 'Fluminense - RJ', 'name': 'German Cano', 'goals': '27'}}
2023-10-14 18:01:02 [scrapy] DEBUG: Scraped from <200 https://www.cbf.com.br/futebol-brasileiro/competicoes/campeonato-brasileiro-serie-a/2022>
{'year': '2022', 'position': '12', 'team': 'Santos - SP', 'points': '47', 'games': '38', 'wins': '12', 'draws': '11', 'losses': '15', 'goals_for': '44', 'goals_against': '41', 'goal_difference': '3', 'percentage': '41', 'top_player_scorer': {'team': 'Fluminense - RJ', 'name': 'German Cano', 'goals': '27'}}
2023-10-14 18:01:02 [scrapy] DEBUG: Scraped from <200 https://www.cbf.com.br/futebol-brasileiro/competicoes/campeonato-brasileiro-serie-a/2022>
{'year': '2022', 'position': '13', 'team': 'Goiás - GO', 'points': '46', 'games': '38', 'wins': '11', 'draws': '13', 'losses': '14', 'goals_for': '40', 'goals_against': '53', 'goal_difference': '-13', 'percentage': '40', 'top_player_scorer': {'team': 'Fluminense - RJ', 'name': 'German Cano', 'goals': '27'}}
2023-10-14 18:01:02 [scrapy] DEBUG: Scraped from <200 https://www.cbf.com.br/futebol-brasileiro/competicoes/campeonato-brasileiro-serie-a/2022>
{'year': '2022', 'position': '14', 'team': 'Red Bull Bragantino - SP', 'points': '44', 'games': '38', 'wins': '11', 'draws': '11', 'losses': '16', 'goals_for': '49', 'goals_against': '59', 'goal_difference': '-10', 'percentage': '38', 'top_player_scorer': {'team': 'Fluminense - RJ', 'name': 'German Cano', 'goals': '27'}}
2023-10-14 18:01:02 [scrapy] DEBUG: Scraped from <200 https://www.cbf.com.br/futebol-brasileiro/competicoes/campeonato-brasileiro-serie-a/2022>
{'year': '2022', 'position': '15', 'team': 'Coritiba - PR', 'points': '42', 'games': '38', 'wins': '12', 'draws': '6', 'losses': '20', 'goals_for': '39', 'goals_against': '60', 'goal_difference': '-21', 'percentage': '36', 'top_player_scorer': {'team': 'Fluminense - RJ', 'name': 'German Cano', 'goals': '27'}}
2023-10-14 18:01:02 [scrapy] DEBUG: Scraped from <200 https://www.cbf.com.br/futebol-brasileiro/competicoes/campeonato-brasileiro-serie-a/2022>
{'year': '2022', 'position': '16', 'team': 'Cuiabá Saf - MT', 'points': '41', 'games': '38', 'wins': '10', 'draws': '11', 'losses': '17', 'goals_for': '31', 'goals_against': '42', 'goal_difference': '-11', 'percentage': '35', 'top_player_scorer': {'team': 'Fluminense - RJ', 'name': 'German Cano', 'goals': '27'}}
2023-10-14 18:01:02 [scrapy] DEBUG: Scraped from <200 https://www.cbf.com.br/futebol-brasileiro/competicoes/campeonato-brasileiro-serie-a/2022>
{'year': '2022', 'position': '17', 'team': 'Ceará - CE', 'points': '37', 'games': '38', 'wins': '7', 'draws': '16', 'losses': '15', 'goals_for': '34', 'goals_against': '41', 'goal_difference': '-7', 'percentage': '32', 'top_player_scorer': {'team': 'Fluminense - RJ', 'name': 'German Cano', 'goals': '27'}}
2023-10-14 18:01:02 [scrapy] DEBUG: Scraped from <200 https://www.cbf.com.br/futebol-brasileiro/competicoes/campeonato-brasileiro-serie-a/2022>
{'year': '2022', 'position': '18', 'team': 'Atlético - GO', 'points': '36', 'games': '38', 'wins': '8', 'draws': '12', 'losses': '18', 'goals_for': '39', 'goals_against': '57', 'goal_difference': '-18', 'percentage': '31', 'top_player_scorer': {'team': 'Fluminense - RJ', 'name': 'German Cano', 'goals': '27'}}
2023-10-14 18:01:02 [scrapy] DEBUG: Scraped from <200 https://www.cbf.com.br/futebol-brasileiro/competicoes/campeonato-brasileiro-serie-a/2022>
{'year': '2022', 'position': '19', 'team': 'Avaí - SC', 'points': '35', 'games': '38', 'wins': '9', 'draws': '8', 'losses': '21', 'goals_for': '34', 'goals_against': '60', 'goal_difference': '-26', 'percentage': '30', 'top_player_scorer': {'team': 'Fluminense - RJ', 'name': 'German Cano', 'goals': '27'}}
2023-10-14 18:01:02 [scrapy] DEBUG: Scraped from <200 https://www.cbf.com.br/futebol-brasileiro/competicoes/campeonato-brasileiro-serie-a/2022>
{'year': '2022', 'position': '20', 'team': 'Juventude - RS', 'points': '22', 'games': '38', 'wins': '3', 'draws': '13', 'losses': '22', 'goals_for': '29', 'goals_against': '69', 'goal_difference': '-40', 'percentage': '19', 'top_player_scorer': {'team': 'Fluminense - RJ', 'name': 'German Cano', 'goals': '27'}}
2023-10-14 18:01:02 [scrapy] INFO: Closing spider (finished)
2023-10-14 18:01:02 [scrapy] INFO: Stored json feed (20 items) in: output.json
2023-10-14 18:01:02 [scrapy] INFO: Dumping Scrapy stats:
{'downloader/request_bytes': 280,
 'downloader/request_count': 1,
 'downloader/request_method_count/GET': 1,
 'downloader/response_bytes': 213403,
 'downloader/response_count': 1,
 'downloader/response_status_count/200': 1,
 'elapsed_time_seconds': 6.84588,
 'feedexport/success_count/FileFeedStorage': 1,
 'finish_reason': 'finished',
 'finish_time': datetime.datetime(2023, 10, 14, 21, 1, 2, 553845),
 'httpcompression/response_bytes': 1586832,
 'httpcompression/response_count': 1,
 'item_scraped_count': 20,
 'log_count/DEBUG': 21,
 'log_count/INFO': 8,
 'log_count/WARNING': 1,
 'memusage/max': 195117056,
 'memusage/startup': 195117056,
 'response_received_count': 1,
 'scheduler/dequeued': 1,
 'scheduler/dequeued/memory': 1,
 'scheduler/enqueued': 1,
 'scheduler/enqueued/memory': 1,
 'start_time': datetime.datetime(2023, 10, 14, 21, 0, 55, 707965)}
2023-10-14 18:01:02 [scrapy] INFO: Spider closed (finished)
