2023-10-14 15:21:05 [scrapy] DEBUG: Crawled (200) <GET https://www.cbf.com.br/futebol-brasileiro/competicoes/campeonato-brasileiro-serie-b/2014> (referer: None)
2023-10-14 15:21:05 [scrapy] DEBUG: Scraped from <200 https://www.cbf.com.br/futebol-brasileiro/competicoes/campeonato-brasileiro-serie-b/2014>
{'year': '2014', 'position': '1', 'team': 'Joinville - SC', 'points': '70', 'games': '38', 'wins': '21', 'draws': '7', 'losses': '10', 'goals_for': '54', 'goals_against': '33', 'goal_difference': '21', 'percentage': '61', 'top_player_scorer': {'team': 'Ceará - CE', 'name': 'Magno', 'goals': '18'}}
2023-10-14 15:21:05 [scrapy] DEBUG: Scraped from <200 https://www.cbf.com.br/futebol-brasileiro/competicoes/campeonato-brasileiro-serie-b/2014>
{'year': '2014', 'position': '2', 'team': 'Ponte Preta - SP', 'points': '69', 'games': '38', 'wins': '19', 'draws': '12', 'losses': '7', 'goals_for': '61', 'goals_against': '38', 'goal_difference': '23', 'percentage': '60', 'top_player_scorer': {'team': 'Ceará - CE', 'name': 'Magno', 'goals': '18'}}
2023-10-14 15:21:05 [scrapy] DEBUG: Scraped from <200 https://www.cbf.com.br/futebol-brasileiro/competicoes/campeonato-brasileiro-serie-b/2014>
{'year': '2014', 'position': '3', 'team': 'Vasco da Gama - RJ', 'points': '63', 'games': '38', 'wins': '16', 'draws': '15', 'losses': '7', 'goals_for': '50', 'goals_against': '36', 'goal_difference': '14', 'percentage': '55', 'top_player_scorer': {'team': 'Ceará - CE', 'name': 'Magno', 'goals': '18'}}
2023-10-14 15:21:05 [scrapy] DEBUG: Scraped from <200 https://www.cbf.com.br/futebol-brasileiro/competicoes/campeonato-brasileiro-serie-b/2014>
{'year': '2014', 'position': '4', 'team': 'Avaí - SC', 'points': '62', 'games': '38', 'wins': '18', 'draws': '8', 'losses': '12', 'goals_for': '47', 'goals_against': '40', 'goal_difference': '7', 'percentage': '54', 'top_player_scorer': {'team': 'Ceará - CE', 'name': 'Magno', 'goals': '18'}}
2023-10-14 15:21:05 [scrapy] DEBUG: Scraped from <200 https://www.cbf.com.br/futebol-brasileiro/competicoes/campeonato-brasileiro-serie-b/2014>
{'year': '2014', 'position': '5', 'team': 'América - MG', 'points': '61', 'games': '38', 'wins': '20', 'draws': '7', 'losses': '11', 'goals_for': '59', 'goals_against': '39', 'goal_difference': '20', 'percentage': '53', 'top_player_scorer': {'team': 'Ceará - CE', 'name': 'Magno', 'goals': '18'}}
2023-10-14 15:21:05 [scrapy] DEBUG: Scraped from <200 https://www.cbf.com.br/futebol-brasileiro/competicoes/campeonato-brasileiro-serie-b/2014>
{'year': '2014', 'position': '6', 'team': 'Boa - MG', 'points': '59', 'games': '38', 'wins': '18', 'draws': '5', 'losses': '15', 'goals_for': '51', 'goals_against': '48', 'goal_difference': '3', 'percentage': '51', 'top_player_scorer': {'team': 'Ceará - CE', 'name': 'Magno', 'goals': '18'}}
2023-10-14 15:21:05 [scrapy] DEBUG: Scraped from <200 https://www.cbf.com.br/futebol-brasileiro/competicoes/campeonato-brasileiro-serie-b/2014>
{'year': '2014', 'position': '7', 'team': 'Atlético - GO', 'points': '59', 'games': '38', 'wins': '17', 'draws': '8', 'losses': '13', 'goals_for': '54', 'goals_against': '49', 'goal_difference': '5', 'percentage': '51', 'top_player_scorer': {'team': 'Ceará - CE', 'name': 'Magno', 'goals': '18'}}
2023-10-14 15:21:05 [scrapy] DEBUG: Scraped from <200 https://www.cbf.com.br/futebol-brasileiro/competicoes/campeonato-brasileiro-serie-b/2014>
{'year': '2014', 'position': '8', 'team': 'Ceará - CE', 'points': '57', 'games': '38', 'wins': '16', 'draws': '9', 'losses': '13', 'goals_for': '58', 'goals_against': '53', 'goal_difference': '5', 'percentage': '50', 'top_player_scorer': {'team': 'Ceará - CE', 'name': 'Magno', 'goals': '18'}}
2023-10-14 15:21:05 [scrapy] DEBUG: Scraped from <200 https://www.cbf.com.br/futebol-brasileiro/competicoes/campeonato-brasileiro-serie-b/2014>
{'year': '2014', 'position': '9', 'team': 'Santa Cruz - PE', 'points': '55', 'games': '38', 'wins': '14', 'draws': '13', 'losses': '11', 'goals_for': '51', 'goals_against': '38', 'goal_difference': '13', 'percentage': '48', 'top_player_scorer': {'team': 'Ceará - CE', 'name': 'Magno', 'goals': '18'}}
2023-10-14 15:21:05 [scrapy] DEBUG: Scraped from <200 https://www.cbf.com.br/futebol-brasileiro/competicoes/campeonato-brasileiro-serie-b/2014>
{'year': '2014', 'position': '10', 'team': 'Sampaio Correa - MA', 'points': '53', 'games': '38', 'wins': '13', 'draws': '14', 'losses': '11', 'goals_for': '54', 'goals_against': '46', 'goal_difference': '8', 'percentage': '46', 'top_player_scorer': {'team': 'Ceará - CE', 'name': 'Magno', 'goals': '18'}}
2023-10-14 15:21:05 [scrapy] DEBUG: Scraped from <200 https://www.cbf.com.br/futebol-brasileiro/competicoes/campeonato-brasileiro-serie-b/2014>
{'year': '2014', 'position': '11', 'team': 'Paraná - PR', 'points': '51', 'games': '38', 'wins': '13', 'draws': '12', 'losses': '13', 'goals_for': '45', 'goals_against': '43', 'goal_difference': '2', 'percentage': '44', 'top_player_scorer': {'team': 'Ceará - CE', 'name': 'Magno', 'goals': '18'}}
2023-10-14 15:21:05 [scrapy] DEBUG: Scraped from <200 https://www.cbf.com.br/futebol-brasileiro/competicoes/campeonato-brasileiro-serie-b/2014>
{'year': '2014', 'position': '12', 'team': 'Luverdense - MT', 'points': '50', 'games': '38', 'wins': '15', 'draws': '5', 'losses': '18', 'goals_for': '40', 'goals_against': '46', 'goal_difference': '-6', 'percentage': '43', 'top_player_scorer': {'team': 'Ceará - CE', 'name': 'Magno', 'goals': '18'}}
2023-10-14 15:21:05 [scrapy] DEBUG: Scraped from <200 https://www.cbf.com.br/futebol-brasileiro/competicoes/campeonato-brasileiro-serie-b/2014>
{'year': '2014', 'position': '13', 'team': 'Náutico - PE', 'points': '50', 'games': '38', 'wins': '14', 'draws': '8', 'losses': '16', 'goals_for': '40', 'goals_against': '47', 'goal_difference': '-7', 'percentage': '43', 'top_player_scorer': {'team': 'Ceará - CE', 'name': 'Magno', 'goals': '18'}}
2023-10-14 15:21:05 [scrapy] DEBUG: Scraped from <200 https://www.cbf.com.br/futebol-brasileiro/competicoes/campeonato-brasileiro-serie-b/2014>
{'year': '2014', 'position': '14', 'team': 'Abc - RN', 'points': '48', 'games': '38', 'wins': '14', 'draws': '6', 'losses': '18', 'goals_for': '34', 'goals_against': '40', 'goal_difference': '-6', 'percentage': '42', 'top_player_scorer': {'team': 'Ceará - CE', 'name': 'Magno', 'goals': '18'}}
2023-10-14 15:21:05 [scrapy] DEBUG: Scraped from <200 https://www.cbf.com.br/futebol-brasileiro/competicoes/campeonato-brasileiro-serie-b/2014>
{'year': '2014', 'position': '15', 'team': 'Oeste - SP', 'points': '48', 'games': '38', 'wins': '12', 'draws': '12', 'losses': '14', 'goals_for': '39', 'goals_against': '48', 'goal_difference': '-9', 'percentage': '42', 'top_player_scorer': {'team': 'Ceará - CE', 'name': 'Magno', 'goals': '18'}}
2023-10-14 15:21:05 [scrapy] DEBUG: Scraped from <200 https://www.cbf.com.br/futebol-brasileiro/competicoes/campeonato-brasileiro-serie-b/2014>
{'year': '2014', 'position': '16', 'team': 'Bragantino - SP', 'points': '46', 'games': '38', 'wins': '13', 'draws': '7', 'losses': '18', 'goals_for': '45', 'goals_against': '55', 'goal_difference': '-10', 'percentage': '40', 'top_player_scorer': {'team': 'Ceará - CE', 'name': 'Magno', 'goals': '18'}}
2023-10-14 15:21:05 [scrapy] DEBUG: Scraped from <200 https://www.cbf.com.br/futebol-brasileiro/competicoes/campeonato-brasileiro-serie-b/2014>
{'year': '2014', 'position': '17', 'team': 'América - RN', 'points': '43', 'games': '38', 'wins': '12', 'draws': '7', 'losses': '19', 'goals_for': '44', 'goals_against': '53', 'goal_difference': '-9', 'percentage': '37', 'top_player_scorer': {'team': 'Ceará - CE', 'name': 'Magno', 'goals': '18'}}
2023-10-14 15:21:05 [scrapy] DEBUG: Scraped from <200 https://www.cbf.com.br/futebol-brasileiro/competicoes/campeonato-brasileiro-serie-b/2014>
{'year': '2014', 'position': '18', 'team': 'Icasa - CE', 'points': '43', 'games': '38', 'wins': '11', 'draws': '10', 'losses': '17', 'goals_for': '34', 'goals_against': '43', 'goal_difference': '-9', 'percentage': '37', 'top_player_scorer': {'team': 'Ceará - CE', 'name': 'Magno', 'goals': '18'}}
2023-10-14 15:21:05 [scrapy] DEBUG: Scraped from <200 https://www.cbf.com.br/futebol-brasileiro/competicoes/campeonato-brasileiro-serie-b/2014>
{'year': '2014', 'position': '19', 'team': 'Vila Nova - GO', 'points': '32', 'games': '38', 'wins': '10', 'draws': '2', 'losses': '26', 'goals_for': '35', 'goals_against': '70', 'goal_difference': '-35', 'percentage': '28', 'top_player_scorer': {'team': 'Ceará - CE', 'name': 'Magno', 'goals': '18'}}
2023-10-14 15:21:05 [scrapy] DEBUG: Scraped from <200 https://www.cbf.com.br/futebol-brasileiro/competicoes/campeonato-brasileiro-serie-b/2014>
{'year': '2014', 'position': '20', 'team': 'Portuguesa - SP', 'points': '25', 'games': '38', 'wins': '4', 'draws': '13', 'losses': '21', 'goals_for': '29', 'goals_against': '59', 'goal_difference': '-30', 'percentage': '21', 'top_player_scorer': {'team': 'Ceará - CE', 'name': 'Magno', 'goals': '18'}}
2023-10-14 15:21:05 [scrapy] INFO: Closing spider (finished)
2023-10-14 15:21:05 [scrapy] INFO: Stored json feed (20 items) in: output.json
2023-10-14 15:21:05 [scrapy] INFO: Dumping Scrapy stats:
{'downloader/request_bytes': 280,
 'downloader/request_count': 1,
 'downloader/request_method_count/GET': 1,
 'downloader/response_bytes': 152168,
 'downloader/response_count': 1,
 'downloader/response_status_count/200': 1,
 'elapsed_time_seconds': 4.246184,
 'feedexport/success_count/FileFeedStorage': 1,
 'finish_reason': 'finished',
 'finish_time': datetime.datetime(2023, 10, 14, 18, 21, 5, 383363),
 'httpcompression/response_bytes': 1206631,
 'httpcompression/response_count': 1,
 'item_scraped_count': 20,
 'log_count/DEBUG': 21,
 'log_count/INFO': 8,
 'log_count/WARNING': 1,
 'memusage/max': 189280256,
 'memusage/startup': 189280256,
 'response_received_count': 1,
 'scheduler/dequeued': 1,
 'scheduler/dequeued/memory': 1,
 'scheduler/enqueued': 1,
 'scheduler/enqueued/memory': 1,
 'start_time': datetime.datetime(2023, 10, 14, 18, 21, 1, 137179)}
2023-10-14 15:21:05 [scrapy] INFO: Spider closed (finished)
