2023-09-23 11:39:05 [scrapy] DEBUG: Crawled (200) <GET https://www.cbf.com.br/futebol-brasileiro/competicoes/campeonato-brasileiro-serie-a/2019> (referer: None)
2023-09-23 11:39:05 [scrapy] DEBUG: Scraped from <200 https://www.cbf.com.br/futebol-brasileiro/competicoes/campeonato-brasileiro-serie-a/2019>
{'year': '2019', 'position': '1', 'team': 'Flamengo - RJ', 'points': '90', 'games': '38', 'wins': '28', 'draws': '6', 'losses': '4', 'goals_for': '86', 'goals_against': '37', 'goal_difference': '49', 'percentage': '78', 'top_player_scorer': {'team': 'Flamengo - RJ', 'name': 'Gabriel Barbosa', 'goals': '25'}}
2023-09-23 11:39:05 [scrapy] DEBUG: Scraped from <200 https://www.cbf.com.br/futebol-brasileiro/competicoes/campeonato-brasileiro-serie-a/2019>
{'year': '2019', 'position': '2', 'team': 'Santos - SP', 'points': '74', 'games': '38', 'wins': '22', 'draws': '8', 'losses': '8', 'goals_for': '60', 'goals_against': '33', 'goal_difference': '27', 'percentage': '64', 'top_player_scorer': {'team': 'Flamengo - RJ', 'name': 'Gabriel Barbosa', 'goals': '25'}}
2023-09-23 11:39:05 [scrapy] DEBUG: Scraped from <200 https://www.cbf.com.br/futebol-brasileiro/competicoes/campeonato-brasileiro-serie-a/2019>
{'year': '2019', 'position': '3', 'team': 'Palmeiras - SP', 'points': '74', 'games': '38', 'wins': '21', 'draws': '11', 'losses': '6', 'goals_for': '61', 'goals_against': '32', 'goal_difference': '29', 'percentage': '64', 'top_player_scorer': {'team': 'Flamengo - RJ', 'name': 'Gabriel Barbosa', 'goals': '25'}}
2023-09-23 11:39:05 [scrapy] DEBUG: Scraped from <200 https://www.cbf.com.br/futebol-brasileiro/competicoes/campeonato-brasileiro-serie-a/2019>
{'year': '2019', 'position': '4', 'team': 'Grêmio - RS', 'points': '65', 'games': '38', 'wins': '19', 'draws': '8', 'losses': '11', 'goals_for': '64', 'goals_against': '39', 'goal_difference': '25', 'percentage': '57', 'top_player_scorer': {'team': 'Flamengo - RJ', 'name': 'Gabriel Barbosa', 'goals': '25'}}
2023-09-23 11:39:05 [scrapy] DEBUG: Scraped from <200 https://www.cbf.com.br/futebol-brasileiro/competicoes/campeonato-brasileiro-serie-a/2019>
{'year': '2019', 'position': '5', 'team': 'Athletico Paranaense - PR', 'points': '64', 'games': '38', 'wins': '18', 'draws': '10', 'losses': '10', 'goals_for': '51', 'goals_against': '32', 'goal_difference': '19', 'percentage': '56', 'top_player_scorer': {'team': 'Flamengo - RJ', 'name': 'Gabriel Barbosa', 'goals': '25'}}
2023-09-23 11:39:05 [scrapy] DEBUG: Scraped from <200 https://www.cbf.com.br/futebol-brasileiro/competicoes/campeonato-brasileiro-serie-a/2019>
{'year': '2019', 'position': '6', 'team': 'São Paulo - SP', 'points': '63', 'games': '38', 'wins': '17', 'draws': '12', 'losses': '9', 'goals_for': '39', 'goals_against': '30', 'goal_difference': '9', 'percentage': '55', 'top_player_scorer': {'team': 'Flamengo - RJ', 'name': 'Gabriel Barbosa', 'goals': '25'}}
2023-09-23 11:39:05 [scrapy] DEBUG: Scraped from <200 https://www.cbf.com.br/futebol-brasileiro/competicoes/campeonato-brasileiro-serie-a/2019>
{'year': '2019', 'position': '7', 'team': 'Internacional - RS', 'points': '57', 'games': '38', 'wins': '16', 'draws': '9', 'losses': '13', 'goals_for': '44', 'goals_against': '38', 'goal_difference': '6', 'percentage': '50', 'top_player_scorer': {'team': 'Flamengo - RJ', 'name': 'Gabriel Barbosa', 'goals': '25'}}
2023-09-23 11:39:05 [scrapy] DEBUG: Scraped from <200 https://www.cbf.com.br/futebol-brasileiro/competicoes/campeonato-brasileiro-serie-a/2019>
{'year': '2019', 'position': '8', 'team': 'Corinthians - SP', 'points': '56', 'games': '38', 'wins': '14', 'draws': '14', 'losses': '10', 'goals_for': '42', 'goals_against': '34', 'goal_difference': '8', 'percentage': '49', 'top_player_scorer': {'team': 'Flamengo - RJ', 'name': 'Gabriel Barbosa', 'goals': '25'}}
2023-09-23 11:39:05 [scrapy] DEBUG: Scraped from <200 https://www.cbf.com.br/futebol-brasileiro/competicoes/campeonato-brasileiro-serie-a/2019>
{'year': '2019', 'position': '9', 'team': 'Fortaleza - CE', 'points': '53', 'games': '38', 'wins': '15', 'draws': '8', 'losses': '15', 'goals_for': '50', 'goals_against': '49', 'goal_difference': '1', 'percentage': '46', 'top_player_scorer': {'team': 'Flamengo - RJ', 'name': 'Gabriel Barbosa', 'goals': '25'}}
2023-09-23 11:39:05 [scrapy] DEBUG: Scraped from <200 https://www.cbf.com.br/futebol-brasileiro/competicoes/campeonato-brasileiro-serie-a/2019>
{'year': '2019', 'position': '10', 'team': 'Goiás - GO', 'points': '52', 'games': '38', 'wins': '15', 'draws': '7', 'losses': '16', 'goals_for': '46', 'goals_against': '64', 'goal_difference': '-18', 'percentage': '45', 'top_player_scorer': {'team': 'Flamengo - RJ', 'name': 'Gabriel Barbosa', 'goals': '25'}}
2023-09-23 11:39:05 [scrapy] DEBUG: Scraped from <200 https://www.cbf.com.br/futebol-brasileiro/competicoes/campeonato-brasileiro-serie-a/2019>
{'year': '2019', 'position': '11', 'team': 'Bahia - BA', 'points': '49', 'games': '38', 'wins': '12', 'draws': '13', 'losses': '13', 'goals_for': '44', 'goals_against': '43', 'goal_difference': '1', 'percentage': '42', 'top_player_scorer': {'team': 'Flamengo - RJ', 'name': 'Gabriel Barbosa', 'goals': '25'}}
2023-09-23 11:39:05 [scrapy] DEBUG: Scraped from <200 https://www.cbf.com.br/futebol-brasileiro/competicoes/campeonato-brasileiro-serie-a/2019>
{'year': '2019', 'position': '12', 'team': 'Vasco da Gama - RJ', 'points': '49', 'games': '38', 'wins': '12', 'draws': '13', 'losses': '13', 'goals_for': '39', 'goals_against': '45', 'goal_difference': '-6', 'percentage': '42', 'top_player_scorer': {'team': 'Flamengo - RJ', 'name': 'Gabriel Barbosa', 'goals': '25'}}
2023-09-23 11:39:05 [scrapy] DEBUG: Scraped from <200 https://www.cbf.com.br/futebol-brasileiro/competicoes/campeonato-brasileiro-serie-a/2019>
{'year': '2019', 'position': '13', 'team': 'Atlético - MG', 'points': '48', 'games': '38', 'wins': '13', 'draws': '9', 'losses': '16', 'goals_for': '44', 'goals_against': '49', 'goal_difference': '-5', 'percentage': '42', 'top_player_scorer': {'team': 'Flamengo - RJ', 'name': 'Gabriel Barbosa', 'goals': '25'}}
2023-09-23 11:39:05 [scrapy] DEBUG: Scraped from <200 https://www.cbf.com.br/futebol-brasileiro/competicoes/campeonato-brasileiro-serie-a/2019>
{'year': '2019', 'position': '14', 'team': 'Fluminense - RJ', 'points': '46', 'games': '38', 'wins': '12', 'draws': '10', 'losses': '16', 'goals_for': '38', 'goals_against': '46', 'goal_difference': '-8', 'percentage': '40', 'top_player_scorer': {'team': 'Flamengo - RJ', 'name': 'Gabriel Barbosa', 'goals': '25'}}
2023-09-23 11:39:05 [scrapy] DEBUG: Scraped from <200 https://www.cbf.com.br/futebol-brasileiro/competicoes/campeonato-brasileiro-serie-a/2019>
{'year': '2019', 'position': '15', 'team': 'Botafogo - RJ', 'points': '43', 'games': '38', 'wins': '13', 'draws': '4', 'losses': '21', 'goals_for': '31', 'goals_against': '45', 'goal_difference': '-14', 'percentage': '37', 'top_player_scorer': {'team': 'Flamengo - RJ', 'name': 'Gabriel Barbosa', 'goals': '25'}}
2023-09-23 11:39:05 [scrapy] DEBUG: Scraped from <200 https://www.cbf.com.br/futebol-brasileiro/competicoes/campeonato-brasileiro-serie-a/2019>
{'year': '2019', 'position': '16', 'team': 'Ceará - CE', 'points': '39', 'games': '38', 'wins': '10', 'draws': '9', 'losses': '19', 'goals_for': '36', 'goals_against': '41', 'goal_difference': '-5', 'percentage': '34', 'top_player_scorer': {'team': 'Flamengo - RJ', 'name': 'Gabriel Barbosa', 'goals': '25'}}
2023-09-23 11:39:05 [scrapy] DEBUG: Scraped from <200 https://www.cbf.com.br/futebol-brasileiro/competicoes/campeonato-brasileiro-serie-a/2019>
{'year': '2019', 'position': '17', 'team': 'Cruzeiro - MG', 'points': '36', 'games': '38', 'wins': '7', 'draws': '15', 'losses': '16', 'goals_for': '27', 'goals_against': '46', 'goal_difference': '-19', 'percentage': '31', 'top_player_scorer': {'team': 'Flamengo - RJ', 'name': 'Gabriel Barbosa', 'goals': '25'}}
2023-09-23 11:39:05 [scrapy] DEBUG: Scraped from <200 https://www.cbf.com.br/futebol-brasileiro/competicoes/campeonato-brasileiro-serie-a/2019>
{'year': '2019', 'position': '18', 'team': 'Csa - AL', 'points': '32', 'games': '38', 'wins': '8', 'draws': '8', 'losses': '22', 'goals_for': '24', 'goals_against': '58', 'goal_difference': '-34', 'percentage': '28', 'top_player_scorer': {'team': 'Flamengo - RJ', 'name': 'Gabriel Barbosa', 'goals': '25'}}
2023-09-23 11:39:05 [scrapy] DEBUG: Scraped from <200 https://www.cbf.com.br/futebol-brasileiro/competicoes/campeonato-brasileiro-serie-a/2019>
{'year': '2019', 'position': '19', 'team': 'Chapecoense - SC', 'points': '32', 'games': '38', 'wins': '7', 'draws': '11', 'losses': '20', 'goals_for': '31', 'goals_against': '52', 'goal_difference': '-21', 'percentage': '28', 'top_player_scorer': {'team': 'Flamengo - RJ', 'name': 'Gabriel Barbosa', 'goals': '25'}}
2023-09-23 11:39:05 [scrapy] DEBUG: Scraped from <200 https://www.cbf.com.br/futebol-brasileiro/competicoes/campeonato-brasileiro-serie-a/2019>
{'year': '2019', 'position': '20', 'team': 'Avaí - SC', 'points': '20', 'games': '38', 'wins': '3', 'draws': '11', 'losses': '24', 'goals_for': '18', 'goals_against': '62', 'goal_difference': '-44', 'percentage': '17', 'top_player_scorer': {'team': 'Flamengo - RJ', 'name': 'Gabriel Barbosa', 'goals': '25'}}
2023-09-23 11:39:05 [scrapy] INFO: Closing spider (finished)
2023-09-23 11:39:05 [scrapy] INFO: Stored json feed (20 items) in: output.json
2023-09-23 11:39:05 [scrapy] INFO: Dumping Scrapy stats:
{'downloader/request_bytes': 280,
 'downloader/request_count': 1,
 'downloader/request_method_count/GET': 1,
 'downloader/response_bytes': 211839,
 'downloader/response_count': 1,
 'downloader/response_status_count/200': 1,
 'elapsed_time_seconds': 9.607335,
 'feedexport/success_count/FileFeedStorage': 1,
 'finish_reason': 'finished',
 'finish_time': datetime.datetime(2023, 9, 23, 14, 39, 5, 971999),
 'httpcompression/response_bytes': 1586387,
 'httpcompression/response_count': 1,
 'item_scraped_count': 20,
 'log_count/DEBUG': 21,
 'log_count/INFO': 8,
 'log_count/WARNING': 1,
 'memusage/max': 146841600,
 'memusage/startup': 146841600,
 'response_received_count': 1,
 'scheduler/dequeued': 1,
 'scheduler/dequeued/memory': 1,
 'scheduler/enqueued': 1,
 'scheduler/enqueued/memory': 1,
 'start_time': datetime.datetime(2023, 9, 23, 14, 38, 56, 364664)}
2023-09-23 11:39:05 [scrapy] INFO: Spider closed (finished)
