2023-09-23 11:39:18 [scrapy] DEBUG: Crawled (200) <GET https://www.cbf.com.br/futebol-brasileiro/competicoes/campeonato-brasileiro-serie-a/2021> (referer: None)
2023-09-23 11:39:18 [scrapy] DEBUG: Scraped from <200 https://www.cbf.com.br/futebol-brasileiro/competicoes/campeonato-brasileiro-serie-a/2021>
{'year': '2021', 'position': '1', 'team': 'Atlético Mineiro - MG', 'points': '84', 'games': '38', 'wins': '26', 'draws': '6', 'losses': '6', 'goals_for': '67', 'goals_against': '34', 'goal_difference': '33', 'percentage': '73', 'top_player_scorer': {'team': 'Atlético Mineiro - MG', 'name': 'Hulk', 'goals': '19'}}
2023-09-23 11:39:18 [scrapy] DEBUG: Scraped from <200 https://www.cbf.com.br/futebol-brasileiro/competicoes/campeonato-brasileiro-serie-a/2021>
{'year': '2021', 'position': '2', 'team': 'Flamengo - RJ', 'points': '71', 'games': '38', 'wins': '21', 'draws': '8', 'losses': '9', 'goals_for': '69', 'goals_against': '36', 'goal_difference': '33', 'percentage': '62', 'top_player_scorer': {'team': 'Atlético Mineiro - MG', 'name': 'Hulk', 'goals': '19'}}
2023-09-23 11:39:18 [scrapy] DEBUG: Scraped from <200 https://www.cbf.com.br/futebol-brasileiro/competicoes/campeonato-brasileiro-serie-a/2021>
{'year': '2021', 'position': '3', 'team': 'Palmeiras - SP', 'points': '66', 'games': '38', 'wins': '20', 'draws': '6', 'losses': '12', 'goals_for': '58', 'goals_against': '43', 'goal_difference': '15', 'percentage': '57', 'top_player_scorer': {'team': 'Atlético Mineiro - MG', 'name': 'Hulk', 'goals': '19'}}
2023-09-23 11:39:18 [scrapy] DEBUG: Scraped from <200 https://www.cbf.com.br/futebol-brasileiro/competicoes/campeonato-brasileiro-serie-a/2021>
{'year': '2021', 'position': '4', 'team': 'Fortaleza - CE', 'points': '58', 'games': '38', 'wins': '17', 'draws': '7', 'losses': '14', 'goals_for': '44', 'goals_against': '45', 'goal_difference': '-1', 'percentage': '50', 'top_player_scorer': {'team': 'Atlético Mineiro - MG', 'name': 'Hulk', 'goals': '19'}}
2023-09-23 11:39:18 [scrapy] DEBUG: Scraped from <200 https://www.cbf.com.br/futebol-brasileiro/competicoes/campeonato-brasileiro-serie-a/2021>
{'year': '2021', 'position': '5', 'team': 'Corinthians - SP', 'points': '57', 'games': '38', 'wins': '15', 'draws': '12', 'losses': '11', 'goals_for': '40', 'goals_against': '36', 'goal_difference': '4', 'percentage': '50', 'top_player_scorer': {'team': 'Atlético Mineiro - MG', 'name': 'Hulk', 'goals': '19'}}
2023-09-23 11:39:18 [scrapy] DEBUG: Scraped from <200 https://www.cbf.com.br/futebol-brasileiro/competicoes/campeonato-brasileiro-serie-a/2021>
{'year': '2021', 'position': '6', 'team': 'Red Bull Bragantino - SP', 'points': '56', 'games': '38', 'wins': '14', 'draws': '14', 'losses': '10', 'goals_for': '55', 'goals_against': '46', 'goal_difference': '9', 'percentage': '49', 'top_player_scorer': {'team': 'Atlético Mineiro - MG', 'name': 'Hulk', 'goals': '19'}}
2023-09-23 11:39:18 [scrapy] DEBUG: Scraped from <200 https://www.cbf.com.br/futebol-brasileiro/competicoes/campeonato-brasileiro-serie-a/2021>
{'year': '2021', 'position': '7', 'team': 'Fluminense - RJ', 'points': '54', 'games': '38', 'wins': '15', 'draws': '9', 'losses': '14', 'goals_for': '38', 'goals_against': '38', 'goal_difference': '0', 'percentage': '47', 'top_player_scorer': {'team': 'Atlético Mineiro - MG', 'name': 'Hulk', 'goals': '19'}}
2023-09-23 11:39:18 [scrapy] DEBUG: Scraped from <200 https://www.cbf.com.br/futebol-brasileiro/competicoes/campeonato-brasileiro-serie-a/2021>
{'year': '2021', 'position': '8', 'team': 'America - MG', 'points': '53', 'games': '38', 'wins': '13', 'draws': '14', 'losses': '11', 'goals_for': '41', 'goals_against': '37', 'goal_difference': '4', 'percentage': '46', 'top_player_scorer': {'team': 'Atlético Mineiro - MG', 'name': 'Hulk', 'goals': '19'}}
2023-09-23 11:39:18 [scrapy] DEBUG: Scraped from <200 https://www.cbf.com.br/futebol-brasileiro/competicoes/campeonato-brasileiro-serie-a/2021>
{'year': '2021', 'position': '9', 'team': 'Atlético - GO', 'points': '53', 'games': '38', 'wins': '13', 'draws': '14', 'losses': '11', 'goals_for': '33', 'goals_against': '36', 'goal_difference': '-3', 'percentage': '46', 'top_player_scorer': {'team': 'Atlético Mineiro - MG', 'name': 'Hulk', 'goals': '19'}}
2023-09-23 11:39:18 [scrapy] DEBUG: Scraped from <200 https://www.cbf.com.br/futebol-brasileiro/competicoes/campeonato-brasileiro-serie-a/2021>
{'year': '2021', 'position': '10', 'team': 'Santos - SP', 'points': '50', 'games': '38', 'wins': '12', 'draws': '14', 'losses': '12', 'goals_for': '35', 'goals_against': '40', 'goal_difference': '-5', 'percentage': '43', 'top_player_scorer': {'team': 'Atlético Mineiro - MG', 'name': 'Hulk', 'goals': '19'}}
2023-09-23 11:39:18 [scrapy] DEBUG: Scraped from <200 https://www.cbf.com.br/futebol-brasileiro/competicoes/campeonato-brasileiro-serie-a/2021>
{'year': '2021', 'position': '11', 'team': 'Ceará - CE', 'points': '50', 'games': '38', 'wins': '11', 'draws': '17', 'losses': '10', 'goals_for': '39', 'goals_against': '38', 'goal_difference': '1', 'percentage': '43', 'top_player_scorer': {'team': 'Atlético Mineiro - MG', 'name': 'Hulk', 'goals': '19'}}
2023-09-23 11:39:18 [scrapy] DEBUG: Scraped from <200 https://www.cbf.com.br/futebol-brasileiro/competicoes/campeonato-brasileiro-serie-a/2021>
{'year': '2021', 'position': '12', 'team': 'Internacional - RS', 'points': '48', 'games': '38', 'wins': '12', 'draws': '12', 'losses': '14', 'goals_for': '44', 'goals_against': '42', 'goal_difference': '2', 'percentage': '42', 'top_player_scorer': {'team': 'Atlético Mineiro - MG', 'name': 'Hulk', 'goals': '19'}}
2023-09-23 11:39:18 [scrapy] DEBUG: Scraped from <200 https://www.cbf.com.br/futebol-brasileiro/competicoes/campeonato-brasileiro-serie-a/2021>
{'year': '2021', 'position': '13', 'team': 'São Paulo - SP', 'points': '48', 'games': '38', 'wins': '11', 'draws': '15', 'losses': '12', 'goals_for': '31', 'goals_against': '39', 'goal_difference': '-8', 'percentage': '42', 'top_player_scorer': {'team': 'Atlético Mineiro - MG', 'name': 'Hulk', 'goals': '19'}}
2023-09-23 11:39:18 [scrapy] DEBUG: Scraped from <200 https://www.cbf.com.br/futebol-brasileiro/competicoes/campeonato-brasileiro-serie-a/2021>
{'year': '2021', 'position': '14', 'team': 'Athletico Paranaense - PR', 'points': '47', 'games': '38', 'wins': '13', 'draws': '8', 'losses': '17', 'goals_for': '41', 'goals_against': '45', 'goal_difference': '-4', 'percentage': '41', 'top_player_scorer': {'team': 'Atlético Mineiro - MG', 'name': 'Hulk', 'goals': '19'}}
2023-09-23 11:39:18 [scrapy] DEBUG: Scraped from <200 https://www.cbf.com.br/futebol-brasileiro/competicoes/campeonato-brasileiro-serie-a/2021>
{'year': '2021', 'position': '15', 'team': 'Cuiabá - MT', 'points': '47', 'games': '38', 'wins': '10', 'draws': '17', 'losses': '11', 'goals_for': '34', 'goals_against': '37', 'goal_difference': '-3', 'percentage': '41', 'top_player_scorer': {'team': 'Atlético Mineiro - MG', 'name': 'Hulk', 'goals': '19'}}
2023-09-23 11:39:18 [scrapy] DEBUG: Scraped from <200 https://www.cbf.com.br/futebol-brasileiro/competicoes/campeonato-brasileiro-serie-a/2021>
{'year': '2021', 'position': '16', 'team': 'Juventude - RS', 'points': '46', 'games': '38', 'wins': '11', 'draws': '13', 'losses': '14', 'goals_for': '36', 'goals_against': '44', 'goal_difference': '-8', 'percentage': '40', 'top_player_scorer': {'team': 'Atlético Mineiro - MG', 'name': 'Hulk', 'goals': '19'}}
2023-09-23 11:39:18 [scrapy] DEBUG: Scraped from <200 https://www.cbf.com.br/futebol-brasileiro/competicoes/campeonato-brasileiro-serie-a/2021>
{'year': '2021', 'position': '17', 'team': 'Grêmio - RS', 'points': '43', 'games': '38', 'wins': '12', 'draws': '7', 'losses': '19', 'goals_for': '44', 'goals_against': '51', 'goal_difference': '-7', 'percentage': '37', 'top_player_scorer': {'team': 'Atlético Mineiro - MG', 'name': 'Hulk', 'goals': '19'}}
2023-09-23 11:39:18 [scrapy] DEBUG: Scraped from <200 https://www.cbf.com.br/futebol-brasileiro/competicoes/campeonato-brasileiro-serie-a/2021>
{'year': '2021', 'position': '18', 'team': 'Bahia - BA', 'points': '43', 'games': '38', 'wins': '11', 'draws': '10', 'losses': '17', 'goals_for': '42', 'goals_against': '51', 'goal_difference': '-9', 'percentage': '37', 'top_player_scorer': {'team': 'Atlético Mineiro - MG', 'name': 'Hulk', 'goals': '19'}}
2023-09-23 11:39:18 [scrapy] DEBUG: Scraped from <200 https://www.cbf.com.br/futebol-brasileiro/competicoes/campeonato-brasileiro-serie-a/2021>
{'year': '2021', 'position': '19', 'team': 'Sport - PE', 'points': '38', 'games': '38', 'wins': '9', 'draws': '11', 'losses': '18', 'goals_for': '24', 'goals_against': '37', 'goal_difference': '-13', 'percentage': '33', 'top_player_scorer': {'team': 'Atlético Mineiro - MG', 'name': 'Hulk', 'goals': '19'}}
2023-09-23 11:39:18 [scrapy] DEBUG: Scraped from <200 https://www.cbf.com.br/futebol-brasileiro/competicoes/campeonato-brasileiro-serie-a/2021>
{'year': '2021', 'position': '20', 'team': 'Chapecoense - SC', 'points': '15', 'games': '38', 'wins': '1', 'draws': '12', 'losses': '25', 'goals_for': '27', 'goals_against': '67', 'goal_difference': '-40', 'percentage': '13', 'top_player_scorer': {'team': 'Atlético Mineiro - MG', 'name': 'Hulk', 'goals': '19'}}
2023-09-23 11:39:18 [scrapy] INFO: Closing spider (finished)
2023-09-23 11:39:18 [scrapy] INFO: Stored json feed (20 items) in: output.json
2023-09-23 11:39:18 [scrapy] INFO: Dumping Scrapy stats:
{'downloader/request_bytes': 280,
 'downloader/request_count': 1,
 'downloader/request_method_count/GET': 1,
 'downloader/response_bytes': 211815,
 'downloader/response_count': 1,
 'downloader/response_status_count/200': 1,
 'elapsed_time_seconds': 6.81151,
 'feedexport/success_count/FileFeedStorage': 1,
 'finish_reason': 'finished',
 'finish_time': datetime.datetime(2023, 9, 23, 14, 39, 18, 578377),
 'httpcompression/response_bytes': 1588855,
 'httpcompression/response_count': 1,
 'item_scraped_count': 20,
 'log_count/DEBUG': 21,
 'log_count/INFO': 8,
 'log_count/WARNING': 1,
 'memusage/max': 172679168,
 'memusage/startup': 172679168,
 'response_received_count': 1,
 'scheduler/dequeued': 1,
 'scheduler/dequeued/memory': 1,
 'scheduler/enqueued': 1,
 'scheduler/enqueued/memory': 1,
 'start_time': datetime.datetime(2023, 9, 23, 14, 39, 11, 766867)}
2023-09-23 11:39:18 [scrapy] INFO: Spider closed (finished)
