2023-10-14 14:38:45 [scrapy] DEBUG: Crawled (200) <GET https://www.cbf.com.br/futebol-brasileiro/competicoes/campeonato-brasileiro-serie-b/2023> (referer: None)
2023-10-14 14:38:45 [scrapy] DEBUG: Scraped from <200 https://www.cbf.com.br/futebol-brasileiro/competicoes/campeonato-brasileiro-serie-b/2023>
{'year': '2023', 'position': '1', 'team': 'Vitória - BA', 'points': '58', 'games': '31', 'wins': '18', 'draws': '4', 'losses': '9', 'goals_for': '42', 'goals_against': '26', 'goal_difference': '16', 'percentage': '62', 'top_player_scorer': {'team': 'Atlético - GO', 'name': 'Gustavo Coutinho', 'goals': '12'}}
2023-10-14 14:38:45 [scrapy] DEBUG: Scraped from <200 https://www.cbf.com.br/futebol-brasileiro/competicoes/campeonato-brasileiro-serie-b/2023>
{'year': '2023', 'position': '2', 'team': 'Sport - PE', 'points': '55', 'games': '31', 'wins': '15', 'draws': '10', 'losses': '6', 'goals_for': '49', 'goals_against': '31', 'goal_difference': '18', 'percentage': '59', 'top_player_scorer': {'team': 'Atlético - GO', 'name': 'Gustavo Coutinho', 'goals': '12'}}
2023-10-14 14:38:45 [scrapy] DEBUG: Scraped from <200 https://www.cbf.com.br/futebol-brasileiro/competicoes/campeonato-brasileiro-serie-b/2023>
{'year': '2023', 'position': '3', 'team': 'Juventude - RS', 'points': '54', 'games': '31', 'wins': '16', 'draws': '6', 'losses': '9', 'goals_for': '33', 'goals_against': '25', 'goal_difference': '8', 'percentage': '58', 'top_player_scorer': {'team': 'Atlético - GO', 'name': 'Gustavo Coutinho', 'goals': '12'}}
2023-10-14 14:38:45 [scrapy] DEBUG: Scraped from <200 https://www.cbf.com.br/futebol-brasileiro/competicoes/campeonato-brasileiro-serie-b/2023>
{'year': '2023', 'position': '4', 'team': 'Guarani - SP', 'points': '54', 'games': '31', 'wins': '15', 'draws': '9', 'losses': '7', 'goals_for': '39', 'goals_against': '23', 'goal_difference': '16', 'percentage': '58', 'top_player_scorer': {'team': 'Atlético - GO', 'name': 'Gustavo Coutinho', 'goals': '12'}}
2023-10-14 14:38:45 [scrapy] DEBUG: Scraped from <200 https://www.cbf.com.br/futebol-brasileiro/competicoes/campeonato-brasileiro-serie-b/2023>
{'year': '2023', 'position': '5', 'team': 'Atlético - GO', 'points': '53', 'games': '31', 'wins': '14', 'draws': '11', 'losses': '6', 'goals_for': '44', 'goals_against': '36', 'goal_difference': '8', 'percentage': '56', 'top_player_scorer': {'team': 'Atlético - GO', 'name': 'Gustavo Coutinho', 'goals': '12'}}
2023-10-14 14:38:46 [scrapy] DEBUG: Scraped from <200 https://www.cbf.com.br/futebol-brasileiro/competicoes/campeonato-brasileiro-serie-b/2023>
{'year': '2023', 'position': '6', 'team': 'Novorizontino - SP', 'points': '52', 'games': '31', 'wins': '16', 'draws': '4', 'losses': '11', 'goals_for': '40', 'goals_against': '24', 'goal_difference': '16', 'percentage': '55', 'top_player_scorer': {'team': 'Atlético - GO', 'name': 'Gustavo Coutinho', 'goals': '12'}}
2023-10-14 14:38:46 [scrapy] DEBUG: Scraped from <200 https://www.cbf.com.br/futebol-brasileiro/competicoes/campeonato-brasileiro-serie-b/2023>
{'year': '2023', 'position': '7', 'team': 'Mirassol - SP', 'points': '52', 'games': '32', 'wins': '15', 'draws': '7', 'losses': '10', 'goals_for': '35', 'goals_against': '27', 'goal_difference': '8', 'percentage': '54', 'top_player_scorer': {'team': 'Atlético - GO', 'name': 'Gustavo Coutinho', 'goals': '12'}}
2023-10-14 14:38:46 [scrapy] DEBUG: Scraped from <200 https://www.cbf.com.br/futebol-brasileiro/competicoes/campeonato-brasileiro-serie-b/2023>
{'year': '2023', 'position': '8', 'team': 'Criciúma - SC', 'points': '51', 'games': '32', 'wins': '15', 'draws': '6', 'losses': '11', 'goals_for': '36', 'goals_against': '30', 'goal_difference': '6', 'percentage': '53', 'top_player_scorer': {'team': 'Atlético - GO', 'name': 'Gustavo Coutinho', 'goals': '12'}}
2023-10-14 14:38:46 [scrapy] DEBUG: Scraped from <200 https://www.cbf.com.br/futebol-brasileiro/competicoes/campeonato-brasileiro-serie-b/2023>
{'year': '2023', 'position': '9', 'team': 'Vila Nova - GO', 'points': '51', 'games': '32', 'wins': '14', 'draws': '9', 'losses': '9', 'goals_for': '36', 'goals_against': '21', 'goal_difference': '15', 'percentage': '53', 'top_player_scorer': {'team': 'Atlético - GO', 'name': 'Gustavo Coutinho', 'goals': '12'}}
2023-10-14 14:38:46 [scrapy] DEBUG: Scraped from <200 https://www.cbf.com.br/futebol-brasileiro/competicoes/campeonato-brasileiro-serie-b/2023>
{'year': '2023', 'position': '10', 'team': 'Crb - AL', 'points': '48', 'games': '31', 'wins': '14', 'draws': '6', 'losses': '11', 'goals_for': '38', 'goals_against': '31', 'goal_difference': '7', 'percentage': '51', 'top_player_scorer': {'team': 'Atlético - GO', 'name': 'Gustavo Coutinho', 'goals': '12'}}
2023-10-14 14:38:46 [scrapy] DEBUG: Scraped from <200 https://www.cbf.com.br/futebol-brasileiro/competicoes/campeonato-brasileiro-serie-b/2023>
{'year': '2023', 'position': '11', 'team': 'Ceará - CE', 'points': '42', 'games': '31', 'wins': '11', 'draws': '9', 'losses': '11', 'goals_for': '32', 'goals_against': '35', 'goal_difference': '-3', 'percentage': '45', 'top_player_scorer': {'team': 'Atlético - GO', 'name': 'Gustavo Coutinho', 'goals': '12'}}
2023-10-14 14:38:46 [scrapy] DEBUG: Scraped from <200 https://www.cbf.com.br/futebol-brasileiro/competicoes/campeonato-brasileiro-serie-b/2023>
{'year': '2023', 'position': '12', 'team': 'Botafogo - SP', 'points': '40', 'games': '32', 'wins': '10', 'draws': '10', 'losses': '12', 'goals_for': '20', 'goals_against': '34', 'goal_difference': '-14', 'percentage': '41', 'top_player_scorer': {'team': 'Atlético - GO', 'name': 'Gustavo Coutinho', 'goals': '12'}}
2023-10-14 14:38:46 [scrapy] DEBUG: Scraped from <200 https://www.cbf.com.br/futebol-brasileiro/competicoes/campeonato-brasileiro-serie-b/2023>
{'year': '2023', 'position': '13', 'team': 'Sampaio Corrêa - MA', 'points': '35', 'games': '31', 'wins': '7', 'draws': '14', 'losses': '10', 'goals_for': '24', 'goals_against': '31', 'goal_difference': '-7', 'percentage': '37', 'top_player_scorer': {'team': 'Atlético - GO', 'name': 'Gustavo Coutinho', 'goals': '12'}}
2023-10-14 14:38:46 [scrapy] DEBUG: Scraped from <200 https://www.cbf.com.br/futebol-brasileiro/competicoes/campeonato-brasileiro-serie-b/2023>
{'year': '2023', 'position': '14', 'team': 'Ituano - SP', 'points': '34', 'games': '31', 'wins': '8', 'draws': '10', 'losses': '13', 'goals_for': '30', 'goals_against': '35', 'goal_difference': '-5', 'percentage': '36', 'top_player_scorer': {'team': 'Atlético - GO', 'name': 'Gustavo Coutinho', 'goals': '12'}}
2023-10-14 14:38:46 [scrapy] DEBUG: Scraped from <200 https://www.cbf.com.br/futebol-brasileiro/competicoes/campeonato-brasileiro-serie-b/2023>
{'year': '2023', 'position': '15', 'team': 'Avaí - SC', 'points': '34', 'games': '31', 'wins': '8', 'draws': '10', 'losses': '13', 'goals_for': '26', 'goals_against': '41', 'goal_difference': '-15', 'percentage': '36', 'top_player_scorer': {'team': 'Atlético - GO', 'name': 'Gustavo Coutinho', 'goals': '12'}}
2023-10-14 14:38:46 [scrapy] DEBUG: Scraped from <200 https://www.cbf.com.br/futebol-brasileiro/competicoes/campeonato-brasileiro-serie-b/2023>
{'year': '2023', 'position': '16', 'team': 'Ponte Preta - SP', 'points': '34', 'games': '31', 'wins': '7', 'draws': '13', 'losses': '11', 'goals_for': '20', 'goals_against': '30', 'goal_difference': '-10', 'percentage': '36', 'top_player_scorer': {'team': 'Atlético - GO', 'name': 'Gustavo Coutinho', 'goals': '12'}}
2023-10-14 14:38:46 [scrapy] DEBUG: Scraped from <200 https://www.cbf.com.br/futebol-brasileiro/competicoes/campeonato-brasileiro-serie-b/2023>
{'year': '2023', 'position': '17', 'team': 'Chapecoense - SC', 'points': '33', 'games': '32', 'wins': '7', 'draws': '12', 'losses': '13', 'goals_for': '29', 'goals_against': '35', 'goal_difference': '-6', 'percentage': '34', 'top_player_scorer': {'team': 'Atlético - GO', 'name': 'Gustavo Coutinho', 'goals': '12'}}
2023-10-14 14:38:46 [scrapy] DEBUG: Scraped from <200 https://www.cbf.com.br/futebol-brasileiro/competicoes/campeonato-brasileiro-serie-b/2023>
{'year': '2023', 'position': '18', 'team': 'Tombense - MG', 'points': '27', 'games': '31', 'wins': '6', 'draws': '9', 'losses': '16', 'goals_for': '31', 'goals_against': '43', 'goal_difference': '-12', 'percentage': '29', 'top_player_scorer': {'team': 'Atlético - GO', 'name': 'Gustavo Coutinho', 'goals': '12'}}
2023-10-14 14:38:46 [scrapy] DEBUG: Scraped from <200 https://www.cbf.com.br/futebol-brasileiro/competicoes/campeonato-brasileiro-serie-b/2023>
{'year': '2023', 'position': '19', 'team': 'Londrina - PR', 'points': '24', 'games': '31', 'wins': '6', 'draws': '6', 'losses': '19', 'goals_for': '25', 'goals_against': '49', 'goal_difference': '-24', 'percentage': '25', 'top_player_scorer': {'team': 'Atlético - GO', 'name': 'Gustavo Coutinho', 'goals': '12'}}
2023-10-14 14:38:46 [scrapy] DEBUG: Scraped from <200 https://www.cbf.com.br/futebol-brasileiro/competicoes/campeonato-brasileiro-serie-b/2023>
{'year': '2023', 'position': '20', 'team': 'Abc - RN', 'points': '20', 'games': '32', 'wins': '3', 'draws': '11', 'losses': '18', 'goals_for': '20', 'goals_against': '42', 'goal_difference': '-22', 'percentage': '20', 'top_player_scorer': {'team': 'Atlético - GO', 'name': 'Gustavo Coutinho', 'goals': '12'}}
2023-10-14 14:38:46 [scrapy] INFO: Closing spider (finished)
2023-10-14 14:38:46 [scrapy] INFO: Stored json feed (20 items) in: output.json
2023-10-14 14:38:46 [scrapy] INFO: Dumping Scrapy stats:
{'downloader/request_bytes': 280,
 'downloader/request_count': 1,
 'downloader/request_method_count/GET': 1,
 'downloader/response_bytes': 203729,
 'downloader/response_count': 1,
 'downloader/response_status_count/200': 1,
 'elapsed_time_seconds': 7.372107,
 'feedexport/success_count/FileFeedStorage': 1,
 'finish_reason': 'finished',
 'finish_time': datetime.datetime(2023, 10, 14, 17, 38, 46, 114168),
 'httpcompression/response_bytes': 1524479,
 'httpcompression/response_count': 1,
 'item_scraped_count': 20,
 'log_count/DEBUG': 21,
 'log_count/INFO': 8,
 'log_count/WARNING': 1,
 'memusage/max': 185602048,
 'memusage/startup': 185602048,
 'response_received_count': 1,
 'scheduler/dequeued': 1,
 'scheduler/dequeued/memory': 1,
 'scheduler/enqueued': 1,
 'scheduler/enqueued/memory': 1,
 'start_time': datetime.datetime(2023, 10, 14, 17, 38, 38, 742061)}
2023-10-14 14:38:46 [scrapy] INFO: Spider closed (finished)
