2023-10-15 09:06:30 [scrapy] DEBUG: Crawled (200) <GET https://www.cbf.com.br/futebol-brasileiro/competicoes/campeonato-brasileiro-serie-a/2012> (referer: None)
2023-10-15 09:06:30 [scrapy] DEBUG: Scraped from <200 https://www.cbf.com.br/futebol-brasileiro/competicoes/campeonato-brasileiro-serie-a/2012>
{'year': '2012', 'position': '1', 'team': 'Fluminense - RJ', 'points': '77', 'games': '38', 'wins': '22', 'draws': '11', 'losses': '5', 'goals_for': '61', 'goals_against': '33', 'goal_difference': '28', 'percentage': '67', 'top_player_scorer': {'team': 'Fluminense - RJ', 'name': 'FRED', 'goals': '20'}}
2023-10-15 09:06:30 [scrapy] DEBUG: Scraped from <200 https://www.cbf.com.br/futebol-brasileiro/competicoes/campeonato-brasileiro-serie-a/2012>
{'year': '2012', 'position': '2', 'team': 'Atlético - MG', 'points': '72', 'games': '38', 'wins': '20', 'draws': '12', 'losses': '6', 'goals_for': '64', 'goals_against': '37', 'goal_difference': '27', 'percentage': '63', 'top_player_scorer': {'team': 'Fluminense - RJ', 'name': 'FRED', 'goals': '20'}}
2023-10-15 09:06:30 [scrapy] DEBUG: Scraped from <200 https://www.cbf.com.br/futebol-brasileiro/competicoes/campeonato-brasileiro-serie-a/2012>
{'year': '2012', 'position': '3', 'team': 'Grêmio - RS', 'points': '71', 'games': '38', 'wins': '20', 'draws': '11', 'losses': '7', 'goals_for': '56', 'goals_against': '33', 'goal_difference': '23', 'percentage': '62', 'top_player_scorer': {'team': 'Fluminense - RJ', 'name': 'FRED', 'goals': '20'}}
2023-10-15 09:06:30 [scrapy] DEBUG: Scraped from <200 https://www.cbf.com.br/futebol-brasileiro/competicoes/campeonato-brasileiro-serie-a/2012>
{'year': '2012', 'position': '4', 'team': 'São Paulo - SP', 'points': '66', 'games': '38', 'wins': '20', 'draws': '6', 'losses': '12', 'goals_for': '59', 'goals_against': '37', 'goal_difference': '22', 'percentage': '57', 'top_player_scorer': {'team': 'Fluminense - RJ', 'name': 'FRED', 'goals': '20'}}
2023-10-15 09:06:30 [scrapy] DEBUG: Scraped from <200 https://www.cbf.com.br/futebol-brasileiro/competicoes/campeonato-brasileiro-serie-a/2012>
{'year': '2012', 'position': '5', 'team': 'Vasco da Gama - RJ', 'points': '58', 'games': '38', 'wins': '16', 'draws': '10', 'losses': '12', 'goals_for': '45', 'goals_against': '44', 'goal_difference': '1', 'percentage': '50', 'top_player_scorer': {'team': 'Fluminense - RJ', 'name': 'FRED', 'goals': '20'}}
2023-10-15 09:06:30 [scrapy] DEBUG: Scraped from <200 https://www.cbf.com.br/futebol-brasileiro/competicoes/campeonato-brasileiro-serie-a/2012>
{'year': '2012', 'position': '6', 'team': 'Corinthians - SP', 'points': '57', 'games': '38', 'wins': '15', 'draws': '12', 'losses': '11', 'goals_for': '51', 'goals_against': '39', 'goal_difference': '12', 'percentage': '50', 'top_player_scorer': {'team': 'Fluminense - RJ', 'name': 'FRED', 'goals': '20'}}
2023-10-15 09:06:30 [scrapy] DEBUG: Scraped from <200 https://www.cbf.com.br/futebol-brasileiro/competicoes/campeonato-brasileiro-serie-a/2012>
{'year': '2012', 'position': '7', 'team': 'Botafogo - RJ', 'points': '55', 'games': '38', 'wins': '15', 'draws': '10', 'losses': '13', 'goals_for': '60', 'goals_against': '50', 'goal_difference': '10', 'percentage': '48', 'top_player_scorer': {'team': 'Fluminense - RJ', 'name': 'FRED', 'goals': '20'}}
2023-10-15 09:06:30 [scrapy] DEBUG: Scraped from <200 https://www.cbf.com.br/futebol-brasileiro/competicoes/campeonato-brasileiro-serie-a/2012>
{'year': '2012', 'position': '8', 'team': 'Santos - SP', 'points': '53', 'games': '38', 'wins': '13', 'draws': '14', 'losses': '11', 'goals_for': '50', 'goals_against': '44', 'goal_difference': '6', 'percentage': '46', 'top_player_scorer': {'team': 'Fluminense - RJ', 'name': 'FRED', 'goals': '20'}}
2023-10-15 09:06:30 [scrapy] DEBUG: Scraped from <200 https://www.cbf.com.br/futebol-brasileiro/competicoes/campeonato-brasileiro-serie-a/2012>
{'year': '2012', 'position': '9', 'team': 'Cruzeiro - MG', 'points': '52', 'games': '38', 'wins': '15', 'draws': '7', 'losses': '16', 'goals_for': '47', 'goals_against': '51', 'goal_difference': '-4', 'percentage': '45', 'top_player_scorer': {'team': 'Fluminense - RJ', 'name': 'FRED', 'goals': '20'}}
2023-10-15 09:06:30 [scrapy] DEBUG: Scraped from <200 https://www.cbf.com.br/futebol-brasileiro/competicoes/campeonato-brasileiro-serie-a/2012>
{'year': '2012', 'position': '10', 'team': 'Internacional - RS', 'points': '52', 'games': '38', 'wins': '13', 'draws': '13', 'losses': '12', 'goals_for': '44', 'goals_against': '40', 'goal_difference': '4', 'percentage': '45', 'top_player_scorer': {'team': 'Fluminense - RJ', 'name': 'FRED', 'goals': '20'}}
2023-10-15 09:06:30 [scrapy] DEBUG: Scraped from <200 https://www.cbf.com.br/futebol-brasileiro/competicoes/campeonato-brasileiro-serie-a/2012>
{'year': '2012', 'position': '11', 'team': 'Flamengo - RJ', 'points': '50', 'games': '38', 'wins': '12', 'draws': '14', 'losses': '12', 'goals_for': '39', 'goals_against': '46', 'goal_difference': '-7', 'percentage': '43', 'top_player_scorer': {'team': 'Fluminense - RJ', 'name': 'FRED', 'goals': '20'}}
2023-10-15 09:06:30 [scrapy] DEBUG: Scraped from <200 https://www.cbf.com.br/futebol-brasileiro/competicoes/campeonato-brasileiro-serie-a/2012>
{'year': '2012', 'position': '12', 'team': 'Náutico - PE', 'points': '49', 'games': '38', 'wins': '14', 'draws': '7', 'losses': '17', 'goals_for': '44', 'goals_against': '51', 'goal_difference': '-7', 'percentage': '43', 'top_player_scorer': {'team': 'Fluminense - RJ', 'name': 'FRED', 'goals': '20'}}
2023-10-15 09:06:30 [scrapy] DEBUG: Scraped from <200 https://www.cbf.com.br/futebol-brasileiro/competicoes/campeonato-brasileiro-serie-a/2012>
{'year': '2012', 'position': '13', 'team': 'Coritiba - PR', 'points': '48', 'games': '38', 'wins': '14', 'draws': '6', 'losses': '18', 'goals_for': '53', 'goals_against': '60', 'goal_difference': '-7', 'percentage': '42', 'top_player_scorer': {'team': 'Fluminense - RJ', 'name': 'FRED', 'goals': '20'}}
2023-10-15 09:06:30 [scrapy] DEBUG: Scraped from <200 https://www.cbf.com.br/futebol-brasileiro/competicoes/campeonato-brasileiro-serie-a/2012>
{'year': '2012', 'position': '14', 'team': 'Ponte Preta - SP', 'points': '48', 'games': '38', 'wins': '12', 'draws': '12', 'losses': '14', 'goals_for': '37', 'goals_against': '44', 'goal_difference': '-7', 'percentage': '42', 'top_player_scorer': {'team': 'Fluminense - RJ', 'name': 'FRED', 'goals': '20'}}
2023-10-15 09:06:30 [scrapy] DEBUG: Scraped from <200 https://www.cbf.com.br/futebol-brasileiro/competicoes/campeonato-brasileiro-serie-a/2012>
{'year': '2012', 'position': '15', 'team': 'Bahia - BA', 'points': '47', 'games': '38', 'wins': '11', 'draws': '14', 'losses': '13', 'goals_for': '37', 'goals_against': '41', 'goal_difference': '-4', 'percentage': '41', 'top_player_scorer': {'team': 'Fluminense - RJ', 'name': 'FRED', 'goals': '20'}}
2023-10-15 09:06:30 [scrapy] DEBUG: Scraped from <200 https://www.cbf.com.br/futebol-brasileiro/competicoes/campeonato-brasileiro-serie-a/2012>
{'year': '2012', 'position': '16', 'team': 'Portuguesa - SP', 'points': '45', 'games': '38', 'wins': '10', 'draws': '15', 'losses': '13', 'goals_for': '39', 'goals_against': '41', 'goal_difference': '-2', 'percentage': '39', 'top_player_scorer': {'team': 'Fluminense - RJ', 'name': 'FRED', 'goals': '20'}}
2023-10-15 09:06:30 [scrapy] DEBUG: Scraped from <200 https://www.cbf.com.br/futebol-brasileiro/competicoes/campeonato-brasileiro-serie-a/2012>
{'year': '2012', 'position': '17', 'team': 'Sport - PE', 'points': '41', 'games': '38', 'wins': '10', 'draws': '11', 'losses': '17', 'goals_for': '39', 'goals_against': '56', 'goal_difference': '-17', 'percentage': '36', 'top_player_scorer': {'team': 'Fluminense - RJ', 'name': 'FRED', 'goals': '20'}}
2023-10-15 09:06:30 [scrapy] DEBUG: Scraped from <200 https://www.cbf.com.br/futebol-brasileiro/competicoes/campeonato-brasileiro-serie-a/2012>
{'year': '2012', 'position': '18', 'team': 'Palmeiras - SP', 'points': '34', 'games': '38', 'wins': '9', 'draws': '7', 'losses': '22', 'goals_for': '39', 'goals_against': '54', 'goal_difference': '-15', 'percentage': '29', 'top_player_scorer': {'team': 'Fluminense - RJ', 'name': 'FRED', 'goals': '20'}}
2023-10-15 09:06:30 [scrapy] DEBUG: Scraped from <200 https://www.cbf.com.br/futebol-brasileiro/competicoes/campeonato-brasileiro-serie-a/2012>
{'year': '2012', 'position': '19', 'team': 'Atlético - GO', 'points': '30', 'games': '38', 'wins': '7', 'draws': '9', 'losses': '22', 'goals_for': '37', 'goals_against': '67', 'goal_difference': '-30', 'percentage': '26', 'top_player_scorer': {'team': 'Fluminense - RJ', 'name': 'FRED', 'goals': '20'}}
2023-10-15 09:06:30 [scrapy] DEBUG: Scraped from <200 https://www.cbf.com.br/futebol-brasileiro/competicoes/campeonato-brasileiro-serie-a/2012>
{'year': '2012', 'position': '20', 'team': 'Figueirense - SC', 'points': '30', 'games': '38', 'wins': '7', 'draws': '9', 'losses': '22', 'goals_for': '39', 'goals_against': '72', 'goal_difference': '-33', 'percentage': '26', 'top_player_scorer': {'team': 'Fluminense - RJ', 'name': 'FRED', 'goals': '20'}}
2023-10-15 09:06:30 [scrapy] INFO: Closing spider (finished)
2023-10-15 09:06:30 [scrapy] INFO: Stored json feed (20 items) in: output.json
2023-10-15 09:06:30 [scrapy] INFO: Dumping Scrapy stats:
{'downloader/request_bytes': 280,
 'downloader/request_count': 1,
 'downloader/request_method_count/GET': 1,
 'downloader/response_bytes': 168418,
 'downloader/response_count': 1,
 'downloader/response_status_count/200': 1,
 'elapsed_time_seconds': 3.769082,
 'feedexport/success_count/FileFeedStorage': 1,
 'finish_reason': 'finished',
 'finish_time': datetime.datetime(2023, 10, 15, 12, 6, 30, 726911),
 'httpcompression/response_bytes': 1213003,
 'httpcompression/response_count': 1,
 'item_scraped_count': 20,
 'log_count/DEBUG': 21,
 'log_count/INFO': 8,
 'log_count/WARNING': 1,
 'memusage/max': 100700160,
 'memusage/startup': 100700160,
 'response_received_count': 1,
 'scheduler/dequeued': 1,
 'scheduler/dequeued/memory': 1,
 'scheduler/enqueued': 1,
 'scheduler/enqueued/memory': 1,
 'start_time': datetime.datetime(2023, 10, 15, 12, 6, 26, 957829)}
2023-10-15 09:06:30 [scrapy] INFO: Spider closed (finished)
