2023-10-14 14:36:52 [scrapy] DEBUG: Crawled (200) <GET https://www.cbf.com.br/futebol-brasileiro/competicoes/campeonato-brasileiro-serie-a/2014> (referer: None)
2023-10-14 14:36:52 [scrapy] DEBUG: Scraped from <200 https://www.cbf.com.br/futebol-brasileiro/competicoes/campeonato-brasileiro-serie-a/2014>
{'year': '2014', 'position': '1', 'team': 'Cruzeiro - MG', 'points': '80', 'games': '38', 'wins': '24', 'draws': '8', 'losses': '6', 'goals_for': '67', 'goals_against': '38', 'goal_difference': '29', 'percentage': '70', 'top_player_scorer': {'team': 'Fluminense - RJ', 'name': 'Fred', 'goals': '18'}}
2023-10-14 14:36:52 [scrapy] DEBUG: Scraped from <200 https://www.cbf.com.br/futebol-brasileiro/competicoes/campeonato-brasileiro-serie-a/2014>
{'year': '2014', 'position': '2', 'team': 'São Paulo - SP', 'points': '70', 'games': '38', 'wins': '20', 'draws': '10', 'losses': '8', 'goals_for': '59', 'goals_against': '40', 'goal_difference': '19', 'percentage': '61', 'top_player_scorer': {'team': 'Fluminense - RJ', 'name': 'Fred', 'goals': '18'}}
2023-10-14 14:36:52 [scrapy] DEBUG: Scraped from <200 https://www.cbf.com.br/futebol-brasileiro/competicoes/campeonato-brasileiro-serie-a/2014>
{'year': '2014', 'position': '3', 'team': 'Internacional - RS', 'points': '69', 'games': '38', 'wins': '21', 'draws': '6', 'losses': '11', 'goals_for': '53', 'goals_against': '41', 'goal_difference': '12', 'percentage': '60', 'top_player_scorer': {'team': 'Fluminense - RJ', 'name': 'Fred', 'goals': '18'}}
2023-10-14 14:36:52 [scrapy] DEBUG: Scraped from <200 https://www.cbf.com.br/futebol-brasileiro/competicoes/campeonato-brasileiro-serie-a/2014>
{'year': '2014', 'position': '4', 'team': 'Corinthians - SP', 'points': '69', 'games': '38', 'wins': '19', 'draws': '12', 'losses': '7', 'goals_for': '49', 'goals_against': '31', 'goal_difference': '18', 'percentage': '60', 'top_player_scorer': {'team': 'Fluminense - RJ', 'name': 'Fred', 'goals': '18'}}
2023-10-14 14:36:52 [scrapy] DEBUG: Scraped from <200 https://www.cbf.com.br/futebol-brasileiro/competicoes/campeonato-brasileiro-serie-a/2014>
{'year': '2014', 'position': '5', 'team': 'Atlético - MG', 'points': '62', 'games': '38', 'wins': '17', 'draws': '11', 'losses': '10', 'goals_for': '51', 'goals_against': '38', 'goal_difference': '13', 'percentage': '54', 'top_player_scorer': {'team': 'Fluminense - RJ', 'name': 'Fred', 'goals': '18'}}
2023-10-14 14:36:52 [scrapy] DEBUG: Scraped from <200 https://www.cbf.com.br/futebol-brasileiro/competicoes/campeonato-brasileiro-serie-a/2014>
{'year': '2014', 'position': '6', 'team': 'Fluminense - RJ', 'points': '61', 'games': '38', 'wins': '17', 'draws': '10', 'losses': '11', 'goals_for': '61', 'goals_against': '42', 'goal_difference': '19', 'percentage': '53', 'top_player_scorer': {'team': 'Fluminense - RJ', 'name': 'Fred', 'goals': '18'}}
2023-10-14 14:36:52 [scrapy] DEBUG: Scraped from <200 https://www.cbf.com.br/futebol-brasileiro/competicoes/campeonato-brasileiro-serie-a/2014>
{'year': '2014', 'position': '7', 'team': 'Grêmio - RS', 'points': '61', 'games': '38', 'wins': '17', 'draws': '10', 'losses': '11', 'goals_for': '36', 'goals_against': '24', 'goal_difference': '12', 'percentage': '53', 'top_player_scorer': {'team': 'Fluminense - RJ', 'name': 'Fred', 'goals': '18'}}
2023-10-14 14:36:52 [scrapy] DEBUG: Scraped from <200 https://www.cbf.com.br/futebol-brasileiro/competicoes/campeonato-brasileiro-serie-a/2014>
{'year': '2014', 'position': '8', 'team': 'Atletico - PR', 'points': '54', 'games': '38', 'wins': '15', 'draws': '9', 'losses': '14', 'goals_for': '43', 'goals_against': '42', 'goal_difference': '1', 'percentage': '47', 'top_player_scorer': {'team': 'Fluminense - RJ', 'name': 'Fred', 'goals': '18'}}
2023-10-14 14:36:52 [scrapy] DEBUG: Scraped from <200 https://www.cbf.com.br/futebol-brasileiro/competicoes/campeonato-brasileiro-serie-a/2014>
{'year': '2014', 'position': '9', 'team': 'Santos - SP', 'points': '53', 'games': '38', 'wins': '15', 'draws': '8', 'losses': '15', 'goals_for': '42', 'goals_against': '35', 'goal_difference': '7', 'percentage': '46', 'top_player_scorer': {'team': 'Fluminense - RJ', 'name': 'Fred', 'goals': '18'}}
2023-10-14 14:36:52 [scrapy] DEBUG: Scraped from <200 https://www.cbf.com.br/futebol-brasileiro/competicoes/campeonato-brasileiro-serie-a/2014>
{'year': '2014', 'position': '10', 'team': 'Flamengo - RJ', 'points': '52', 'games': '38', 'wins': '14', 'draws': '10', 'losses': '14', 'goals_for': '46', 'goals_against': '47', 'goal_difference': '-1', 'percentage': '45', 'top_player_scorer': {'team': 'Fluminense - RJ', 'name': 'Fred', 'goals': '18'}}
2023-10-14 14:36:52 [scrapy] DEBUG: Scraped from <200 https://www.cbf.com.br/futebol-brasileiro/competicoes/campeonato-brasileiro-serie-a/2014>
{'year': '2014', 'position': '11', 'team': 'Sport - PE', 'points': '52', 'games': '38', 'wins': '14', 'draws': '10', 'losses': '14', 'goals_for': '36', 'goals_against': '46', 'goal_difference': '-10', 'percentage': '45', 'top_player_scorer': {'team': 'Fluminense - RJ', 'name': 'Fred', 'goals': '18'}}
2023-10-14 14:36:52 [scrapy] DEBUG: Scraped from <200 https://www.cbf.com.br/futebol-brasileiro/competicoes/campeonato-brasileiro-serie-a/2014>
{'year': '2014', 'position': '12', 'team': 'Goiás - GO', 'points': '47', 'games': '38', 'wins': '13', 'draws': '8', 'losses': '17', 'goals_for': '38', 'goals_against': '40', 'goal_difference': '-2', 'percentage': '41', 'top_player_scorer': {'team': 'Fluminense - RJ', 'name': 'Fred', 'goals': '18'}}
2023-10-14 14:36:52 [scrapy] DEBUG: Scraped from <200 https://www.cbf.com.br/futebol-brasileiro/competicoes/campeonato-brasileiro-serie-a/2014>
{'year': '2014', 'position': '13', 'team': 'Figueirense - SC', 'points': '47', 'games': '38', 'wins': '13', 'draws': '8', 'losses': '17', 'goals_for': '37', 'goals_against': '47', 'goal_difference': '-10', 'percentage': '41', 'top_player_scorer': {'team': 'Fluminense - RJ', 'name': 'Fred', 'goals': '18'}}
2023-10-14 14:36:52 [scrapy] DEBUG: Scraped from <200 https://www.cbf.com.br/futebol-brasileiro/competicoes/campeonato-brasileiro-serie-a/2014>
{'year': '2014', 'position': '14', 'team': 'Coritiba - PR', 'points': '47', 'games': '38', 'wins': '12', 'draws': '11', 'losses': '15', 'goals_for': '42', 'goals_against': '45', 'goal_difference': '-3', 'percentage': '41', 'top_player_scorer': {'team': 'Fluminense - RJ', 'name': 'Fred', 'goals': '18'}}
2023-10-14 14:36:52 [scrapy] DEBUG: Scraped from <200 https://www.cbf.com.br/futebol-brasileiro/competicoes/campeonato-brasileiro-serie-a/2014>
{'year': '2014', 'position': '15', 'team': 'Chapecoense - SC', 'points': '43', 'games': '38', 'wins': '11', 'draws': '10', 'losses': '17', 'goals_for': '39', 'goals_against': '44', 'goal_difference': '-5', 'percentage': '37', 'top_player_scorer': {'team': 'Fluminense - RJ', 'name': 'Fred', 'goals': '18'}}
2023-10-14 14:36:52 [scrapy] DEBUG: Scraped from <200 https://www.cbf.com.br/futebol-brasileiro/competicoes/campeonato-brasileiro-serie-a/2014>
{'year': '2014', 'position': '16', 'team': 'Palmeiras - SP', 'points': '40', 'games': '38', 'wins': '11', 'draws': '7', 'losses': '20', 'goals_for': '34', 'goals_against': '59', 'goal_difference': '-25', 'percentage': '35', 'top_player_scorer': {'team': 'Fluminense - RJ', 'name': 'Fred', 'goals': '18'}}
2023-10-14 14:36:52 [scrapy] DEBUG: Scraped from <200 https://www.cbf.com.br/futebol-brasileiro/competicoes/campeonato-brasileiro-serie-a/2014>
{'year': '2014', 'position': '17', 'team': 'Vitória - BA', 'points': '38', 'games': '38', 'wins': '10', 'draws': '8', 'losses': '20', 'goals_for': '37', 'goals_against': '54', 'goal_difference': '-17', 'percentage': '33', 'top_player_scorer': {'team': 'Fluminense - RJ', 'name': 'Fred', 'goals': '18'}}
2023-10-14 14:36:52 [scrapy] DEBUG: Scraped from <200 https://www.cbf.com.br/futebol-brasileiro/competicoes/campeonato-brasileiro-serie-a/2014>
{'year': '2014', 'position': '18', 'team': 'Bahia - BA', 'points': '37', 'games': '38', 'wins': '9', 'draws': '10', 'losses': '19', 'goals_for': '31', 'goals_against': '43', 'goal_difference': '-12', 'percentage': '32', 'top_player_scorer': {'team': 'Fluminense - RJ', 'name': 'Fred', 'goals': '18'}}
2023-10-14 14:36:52 [scrapy] DEBUG: Scraped from <200 https://www.cbf.com.br/futebol-brasileiro/competicoes/campeonato-brasileiro-serie-a/2014>
{'year': '2014', 'position': '19', 'team': 'Botafogo - RJ', 'points': '34', 'games': '38', 'wins': '9', 'draws': '7', 'losses': '22', 'goals_for': '31', 'goals_against': '48', 'goal_difference': '-17', 'percentage': '29', 'top_player_scorer': {'team': 'Fluminense - RJ', 'name': 'Fred', 'goals': '18'}}
2023-10-14 14:36:52 [scrapy] DEBUG: Scraped from <200 https://www.cbf.com.br/futebol-brasileiro/competicoes/campeonato-brasileiro-serie-a/2014>
{'year': '2014', 'position': '20', 'team': 'Criciuma - SC', 'points': '32', 'games': '38', 'wins': '7', 'draws': '11', 'losses': '20', 'goals_for': '28', 'goals_against': '56', 'goal_difference': '-28', 'percentage': '28', 'top_player_scorer': {'team': 'Fluminense - RJ', 'name': 'Fred', 'goals': '18'}}
2023-10-14 14:36:52 [scrapy] INFO: Closing spider (finished)
2023-10-14 14:36:52 [scrapy] INFO: Stored json feed (20 items) in: output.json
2023-10-14 14:36:52 [scrapy] INFO: Dumping Scrapy stats:
{'downloader/request_bytes': 280,
 'downloader/request_count': 1,
 'downloader/request_method_count/GET': 1,
 'downloader/response_bytes': 153993,
 'downloader/response_count': 1,
 'downloader/response_status_count/200': 1,
 'elapsed_time_seconds': 3.107652,
 'feedexport/success_count/FileFeedStorage': 1,
 'finish_reason': 'finished',
 'finish_time': datetime.datetime(2023, 10, 14, 17, 36, 52, 928864),
 'httpcompression/response_bytes': 1187221,
 'httpcompression/response_count': 1,
 'item_scraped_count': 20,
 'log_count/DEBUG': 21,
 'log_count/INFO': 8,
 'log_count/WARNING': 1,
 'memusage/max': 127488000,
 'memusage/startup': 127488000,
 'response_received_count': 1,
 'scheduler/dequeued': 1,
 'scheduler/dequeued/memory': 1,
 'scheduler/enqueued': 1,
 'scheduler/enqueued/memory': 1,
 'start_time': datetime.datetime(2023, 10, 14, 17, 36, 49, 821212)}
2023-10-14 14:36:52 [scrapy] INFO: Spider closed (finished)
