2023-10-14 18:46:24 [scrapy] DEBUG: Crawled (200) <GET https://www.cbf.com.br/futebol-brasileiro/competicoes/campeonato-brasileiro-serie-b/2018> (referer: None)
2023-10-14 18:46:25 [scrapy] DEBUG: Scraped from <200 https://www.cbf.com.br/futebol-brasileiro/competicoes/campeonato-brasileiro-serie-b/2018>
{'year': '2018', 'position': '1', 'team': 'Fortaleza - CE', 'points': '71', 'games': '38', 'wins': '21', 'draws': '8', 'losses': '9', 'goals_for': '54', 'goals_against': '33', 'goal_difference': '21', 'percentage': '62', 'top_player_scorer': {'team': 'Londrina - PR', 'name': 'Dagoberto', 'goals': '17'}}
2023-10-14 18:46:25 [scrapy] DEBUG: Scraped from <200 https://www.cbf.com.br/futebol-brasileiro/competicoes/campeonato-brasileiro-serie-b/2018>
{'year': '2018', 'position': '2', 'team': 'Csa - AL', 'points': '62', 'games': '38', 'wins': '17', 'draws': '11', 'losses': '10', 'goals_for': '51', 'goals_against': '37', 'goal_difference': '14', 'percentage': '54', 'top_player_scorer': {'team': 'Londrina - PR', 'name': 'Dagoberto', 'goals': '17'}}
2023-10-14 18:46:25 [scrapy] DEBUG: Scraped from <200 https://www.cbf.com.br/futebol-brasileiro/competicoes/campeonato-brasileiro-serie-b/2018>
{'year': '2018', 'position': '3', 'team': 'Avaí - SC', 'points': '61', 'games': '38', 'wins': '16', 'draws': '13', 'losses': '9', 'goals_for': '50', 'goals_against': '32', 'goal_difference': '18', 'percentage': '53', 'top_player_scorer': {'team': 'Londrina - PR', 'name': 'Dagoberto', 'goals': '17'}}
2023-10-14 18:46:25 [scrapy] DEBUG: Scraped from <200 https://www.cbf.com.br/futebol-brasileiro/competicoes/campeonato-brasileiro-serie-b/2018>
{'year': '2018', 'position': '4', 'team': 'Goiás - GO', 'points': '60', 'games': '38', 'wins': '18', 'draws': '6', 'losses': '14', 'goals_for': '54', 'goals_against': '50', 'goal_difference': '4', 'percentage': '52', 'top_player_scorer': {'team': 'Londrina - PR', 'name': 'Dagoberto', 'goals': '17'}}
2023-10-14 18:46:25 [scrapy] DEBUG: Scraped from <200 https://www.cbf.com.br/futebol-brasileiro/competicoes/campeonato-brasileiro-serie-b/2018>
{'year': '2018', 'position': '5', 'team': 'Ponte Preta - SP', 'points': '60', 'games': '38', 'wins': '16', 'draws': '12', 'losses': '10', 'goals_for': '42', 'goals_against': '30', 'goal_difference': '12', 'percentage': '52', 'top_player_scorer': {'team': 'Londrina - PR', 'name': 'Dagoberto', 'goals': '17'}}
2023-10-14 18:46:25 [scrapy] DEBUG: Scraped from <200 https://www.cbf.com.br/futebol-brasileiro/competicoes/campeonato-brasileiro-serie-b/2018>
{'year': '2018', 'position': '6', 'team': 'Atlético - GO', 'points': '59', 'games': '38', 'wins': '16', 'draws': '11', 'losses': '11', 'goals_for': '57', 'goals_against': '51', 'goal_difference': '6', 'percentage': '51', 'top_player_scorer': {'team': 'Londrina - PR', 'name': 'Dagoberto', 'goals': '17'}}
2023-10-14 18:46:25 [scrapy] DEBUG: Scraped from <200 https://www.cbf.com.br/futebol-brasileiro/competicoes/campeonato-brasileiro-serie-b/2018>
{'year': '2018', 'position': '7', 'team': 'Vila Nova - GO', 'points': '57', 'games': '38', 'wins': '14', 'draws': '15', 'losses': '9', 'goals_for': '41', 'goals_against': '36', 'goal_difference': '5', 'percentage': '50', 'top_player_scorer': {'team': 'Londrina - PR', 'name': 'Dagoberto', 'goals': '17'}}
2023-10-14 18:46:25 [scrapy] DEBUG: Scraped from <200 https://www.cbf.com.br/futebol-brasileiro/competicoes/campeonato-brasileiro-serie-b/2018>
{'year': '2018', 'position': '8', 'team': 'Londrina - PR', 'points': '55', 'games': '38', 'wins': '15', 'draws': '10', 'losses': '13', 'goals_for': '45', 'goals_against': '42', 'goal_difference': '3', 'percentage': '48', 'top_player_scorer': {'team': 'Londrina - PR', 'name': 'Dagoberto', 'goals': '17'}}
2023-10-14 18:46:25 [scrapy] DEBUG: Scraped from <200 https://www.cbf.com.br/futebol-brasileiro/competicoes/campeonato-brasileiro-serie-b/2018>
{'year': '2018', 'position': '9', 'team': 'Guarani - SP', 'points': '54', 'games': '38', 'wins': '14', 'draws': '12', 'losses': '12', 'goals_for': '44', 'goals_against': '39', 'goal_difference': '5', 'percentage': '47', 'top_player_scorer': {'team': 'Londrina - PR', 'name': 'Dagoberto', 'goals': '17'}}
2023-10-14 18:46:25 [scrapy] DEBUG: Scraped from <200 https://www.cbf.com.br/futebol-brasileiro/competicoes/campeonato-brasileiro-serie-b/2018>
{'year': '2018', 'position': '10', 'team': 'Coritiba - PR', 'points': '52', 'games': '38', 'wins': '13', 'draws': '13', 'losses': '12', 'goals_for': '40', 'goals_against': '44', 'goal_difference': '-4', 'percentage': '45', 'top_player_scorer': {'team': 'Londrina - PR', 'name': 'Dagoberto', 'goals': '17'}}
2023-10-14 18:46:25 [scrapy] DEBUG: Scraped from <200 https://www.cbf.com.br/futebol-brasileiro/competicoes/campeonato-brasileiro-serie-b/2018>
{'year': '2018', 'position': '11', 'team': 'Brasil - RS', 'points': '50', 'games': '38', 'wins': '13', 'draws': '11', 'losses': '14', 'goals_for': '36', 'goals_against': '35', 'goal_difference': '1', 'percentage': '43', 'top_player_scorer': {'team': 'Londrina - PR', 'name': 'Dagoberto', 'goals': '17'}}
2023-10-14 18:46:25 [scrapy] DEBUG: Scraped from <200 https://www.cbf.com.br/futebol-brasileiro/competicoes/campeonato-brasileiro-serie-b/2018>
{'year': '2018', 'position': '12', 'team': 'Crb - AL', 'points': '48', 'games': '38', 'wins': '12', 'draws': '12', 'losses': '14', 'goals_for': '35', 'goals_against': '39', 'goal_difference': '-4', 'percentage': '42', 'top_player_scorer': {'team': 'Londrina - PR', 'name': 'Dagoberto', 'goals': '17'}}
2023-10-14 18:46:25 [scrapy] DEBUG: Scraped from <200 https://www.cbf.com.br/futebol-brasileiro/competicoes/campeonato-brasileiro-serie-b/2018>
{'year': '2018', 'position': '13', 'team': 'São Bento - SP', 'points': '47', 'games': '38', 'wins': '11', 'draws': '14', 'losses': '13', 'goals_for': '41', 'goals_against': '41', 'goal_difference': '0', 'percentage': '41', 'top_player_scorer': {'team': 'Londrina - PR', 'name': 'Dagoberto', 'goals': '17'}}
2023-10-14 18:46:25 [scrapy] DEBUG: Scraped from <200 https://www.cbf.com.br/futebol-brasileiro/competicoes/campeonato-brasileiro-serie-b/2018>
{'year': '2018', 'position': '14', 'team': 'Criciúma - SC', 'points': '47', 'games': '38', 'wins': '11', 'draws': '14', 'losses': '13', 'goals_for': '45', 'goals_against': '49', 'goal_difference': '-4', 'percentage': '41', 'top_player_scorer': {'team': 'Londrina - PR', 'name': 'Dagoberto', 'goals': '17'}}
2023-10-14 18:46:25 [scrapy] DEBUG: Scraped from <200 https://www.cbf.com.br/futebol-brasileiro/competicoes/campeonato-brasileiro-serie-b/2018>
{'year': '2018', 'position': '15', 'team': 'Figueirense - SC', 'points': '46', 'games': '38', 'wins': '11', 'draws': '13', 'losses': '14', 'goals_for': '48', 'goals_against': '51', 'goal_difference': '-3', 'percentage': '40', 'top_player_scorer': {'team': 'Londrina - PR', 'name': 'Dagoberto', 'goals': '17'}}
2023-10-14 18:46:25 [scrapy] DEBUG: Scraped from <200 https://www.cbf.com.br/futebol-brasileiro/competicoes/campeonato-brasileiro-serie-b/2018>
{'year': '2018', 'position': '16', 'team': 'Oeste - SP', 'points': '46', 'games': '38', 'wins': '9', 'draws': '19', 'losses': '10', 'goals_for': '36', 'goals_against': '40', 'goal_difference': '-4', 'percentage': '40', 'top_player_scorer': {'team': 'Londrina - PR', 'name': 'Dagoberto', 'goals': '17'}}
2023-10-14 18:46:25 [scrapy] DEBUG: Scraped from <200 https://www.cbf.com.br/futebol-brasileiro/competicoes/campeonato-brasileiro-serie-b/2018>
{'year': '2018', 'position': '17', 'team': 'Paysandu - PA', 'points': '43', 'games': '38', 'wins': '10', 'draws': '13', 'losses': '15', 'goals_for': '42', 'goals_against': '53', 'goal_difference': '-11', 'percentage': '37', 'top_player_scorer': {'team': 'Londrina - PR', 'name': 'Dagoberto', 'goals': '17'}}
2023-10-14 18:46:25 [scrapy] DEBUG: Scraped from <200 https://www.cbf.com.br/futebol-brasileiro/competicoes/campeonato-brasileiro-serie-b/2018>
{'year': '2018', 'position': '18', 'team': 'Sampaio Correa - MA', 'points': '38', 'games': '38', 'wins': '10', 'draws': '8', 'losses': '20', 'goals_for': '32', 'goals_against': '47', 'goal_difference': '-15', 'percentage': '33', 'top_player_scorer': {'team': 'Londrina - PR', 'name': 'Dagoberto', 'goals': '17'}}
2023-10-14 18:46:25 [scrapy] DEBUG: Scraped from <200 https://www.cbf.com.br/futebol-brasileiro/competicoes/campeonato-brasileiro-serie-b/2018>
{'year': '2018', 'position': '19', 'team': 'Juventude - RS', 'points': '35', 'games': '38', 'wins': '7', 'draws': '14', 'losses': '17', 'goals_for': '27', 'goals_against': '48', 'goal_difference': '-21', 'percentage': '30', 'top_player_scorer': {'team': 'Londrina - PR', 'name': 'Dagoberto', 'goals': '17'}}
2023-10-14 18:46:25 [scrapy] DEBUG: Scraped from <200 https://www.cbf.com.br/futebol-brasileiro/competicoes/campeonato-brasileiro-serie-b/2018>
{'year': '2018', 'position': '20', 'team': 'Boa - MG', 'points': '30', 'games': '38', 'wins': '7', 'draws': '9', 'losses': '22', 'goals_for': '26', 'goals_against': '49', 'goal_difference': '-23', 'percentage': '26', 'top_player_scorer': {'team': 'Londrina - PR', 'name': 'Dagoberto', 'goals': '17'}}
2023-10-14 18:46:25 [scrapy] INFO: Closing spider (finished)
2023-10-14 18:46:25 [scrapy] INFO: Stored json feed (20 items) in: output.json
2023-10-14 18:46:25 [scrapy] INFO: Dumping Scrapy stats:
{'downloader/request_bytes': 280,
 'downloader/request_count': 1,
 'downloader/request_method_count/GET': 1,
 'downloader/response_bytes': 205624,
 'downloader/response_count': 1,
 'downloader/response_status_count/200': 1,
 'elapsed_time_seconds': 4.567623,
 'feedexport/success_count/FileFeedStorage': 1,
 'finish_reason': 'finished',
 'finish_time': datetime.datetime(2023, 10, 14, 21, 46, 25, 450217),
 'httpcompression/response_bytes': 1589820,
 'httpcompression/response_count': 1,
 'item_scraped_count': 20,
 'log_count/DEBUG': 21,
 'log_count/INFO': 8,
 'log_count/WARNING': 1,
 'memusage/max': 197910528,
 'memusage/startup': 197910528,
 'response_received_count': 1,
 'scheduler/dequeued': 1,
 'scheduler/dequeued/memory': 1,
 'scheduler/enqueued': 1,
 'scheduler/enqueued/memory': 1,
 'start_time': datetime.datetime(2023, 10, 14, 21, 46, 20, 882594)}
2023-10-14 18:46:25 [scrapy] INFO: Spider closed (finished)
