2023-09-23 11:39:30 [scrapy] DEBUG: Crawled (200) <GET https://www.cbf.com.br/futebol-brasileiro/competicoes/campeonato-brasileiro-serie-a/2023> (referer: None)
2023-09-23 11:39:30 [scrapy] DEBUG: Scraped from <200 https://www.cbf.com.br/futebol-brasileiro/competicoes/campeonato-brasileiro-serie-a/2023>
{'year': '2023', 'position': '1', 'team': 'Botafogo - RJ', 'points': '51', 'games': '24', 'wins': '16', 'draws': '3', 'losses': '5', 'goals_for': '39', 'goals_against': '15', 'goal_difference': '24', 'percentage': '70', 'top_player_scorer': {'team': 'Botafogo - RJ', 'name': 'Tiquinho', 'goals': '13'}}
2023-09-23 11:39:30 [scrapy] DEBUG: Scraped from <200 https://www.cbf.com.br/futebol-brasileiro/competicoes/campeonato-brasileiro-serie-a/2023>
{'year': '2023', 'position': '2', 'team': 'Palmeiras - SP', 'points': '44', 'games': '24', 'wins': '12', 'draws': '8', 'losses': '4', 'goals_for': '38', 'goals_against': '18', 'goal_difference': '20', 'percentage': '61', 'top_player_scorer': {'team': 'Botafogo - RJ', 'name': 'Tiquinho', 'goals': '13'}}
2023-09-23 11:39:30 [scrapy] DEBUG: Scraped from <200 https://www.cbf.com.br/futebol-brasileiro/competicoes/campeonato-brasileiro-serie-a/2023>
{'year': '2023', 'position': '3', 'team': 'Grêmio - RS', 'points': '43', 'games': '24', 'wins': '13', 'draws': '4', 'losses': '7', 'goals_for': '39', 'goals_against': '31', 'goal_difference': '8', 'percentage': '59', 'top_player_scorer': {'team': 'Botafogo - RJ', 'name': 'Tiquinho', 'goals': '13'}}
2023-09-23 11:39:30 [scrapy] DEBUG: Scraped from <200 https://www.cbf.com.br/futebol-brasileiro/competicoes/campeonato-brasileiro-serie-a/2023>
{'year': '2023', 'position': '4', 'team': 'Red Bull Bragantino - SP', 'points': '42', 'games': '24', 'wins': '11', 'draws': '9', 'losses': '4', 'goals_for': '33', 'goals_against': '21', 'goal_difference': '12', 'percentage': '58', 'top_player_scorer': {'team': 'Botafogo - RJ', 'name': 'Tiquinho', 'goals': '13'}}
2023-09-23 11:39:30 [scrapy] DEBUG: Scraped from <200 https://www.cbf.com.br/futebol-brasileiro/competicoes/campeonato-brasileiro-serie-a/2023>
{'year': '2023', 'position': '5', 'team': 'Fluminense - RJ', 'points': '41', 'games': '24', 'wins': '12', 'draws': '5', 'losses': '7', 'goals_for': '34', 'goals_against': '26', 'goal_difference': '8', 'percentage': '56', 'top_player_scorer': {'team': 'Botafogo - RJ', 'name': 'Tiquinho', 'goals': '13'}}
2023-09-23 11:39:30 [scrapy] DEBUG: Scraped from <200 https://www.cbf.com.br/futebol-brasileiro/competicoes/campeonato-brasileiro-serie-a/2023>
{'year': '2023', 'position': '6', 'team': 'Athletico Paranaense - PR', 'points': '40', 'games': '24', 'wins': '11', 'draws': '7', 'losses': '6', 'goals_for': '37', 'goals_against': '27', 'goal_difference': '10', 'percentage': '55', 'top_player_scorer': {'team': 'Botafogo - RJ', 'name': 'Tiquinho', 'goals': '13'}}
2023-09-23 11:39:30 [scrapy] DEBUG: Scraped from <200 https://www.cbf.com.br/futebol-brasileiro/competicoes/campeonato-brasileiro-serie-a/2023>
{'year': '2023', 'position': '7', 'team': 'Flamengo - RJ', 'points': '40', 'games': '24', 'wins': '11', 'draws': '7', 'losses': '6', 'goals_for': '36', 'goals_against': '30', 'goal_difference': '6', 'percentage': '55', 'top_player_scorer': {'team': 'Botafogo - RJ', 'name': 'Tiquinho', 'goals': '13'}}
2023-09-23 11:39:30 [scrapy] DEBUG: Scraped from <200 https://www.cbf.com.br/futebol-brasileiro/competicoes/campeonato-brasileiro-serie-a/2023>
{'year': '2023', 'position': '8', 'team': 'Fortaleza - CE', 'points': '38', 'games': '24', 'wins': '11', 'draws': '5', 'losses': '8', 'goals_for': '29', 'goals_against': '23', 'goal_difference': '6', 'percentage': '52', 'top_player_scorer': {'team': 'Botafogo - RJ', 'name': 'Tiquinho', 'goals': '13'}}
2023-09-23 11:39:30 [scrapy] DEBUG: Scraped from <200 https://www.cbf.com.br/futebol-brasileiro/competicoes/campeonato-brasileiro-serie-a/2023>
{'year': '2023', 'position': '9', 'team': 'Atlético Mineiro - MG', 'points': '34', 'games': '23', 'wins': '9', 'draws': '7', 'losses': '7', 'goals_for': '26', 'goals_against': '19', 'goal_difference': '7', 'percentage': '49', 'top_player_scorer': {'team': 'Botafogo - RJ', 'name': 'Tiquinho', 'goals': '13'}}
2023-09-23 11:39:30 [scrapy] DEBUG: Scraped from <200 https://www.cbf.com.br/futebol-brasileiro/competicoes/campeonato-brasileiro-serie-a/2023>
{'year': '2023', 'position': '10', 'team': 'Corinthians - SP', 'points': '30', 'games': '24', 'wins': '7', 'draws': '9', 'losses': '8', 'goals_for': '28', 'goals_against': '29', 'goal_difference': '-1', 'percentage': '41', 'top_player_scorer': {'team': 'Botafogo - RJ', 'name': 'Tiquinho', 'goals': '13'}}
2023-09-23 11:39:30 [scrapy] DEBUG: Scraped from <200 https://www.cbf.com.br/futebol-brasileiro/competicoes/campeonato-brasileiro-serie-a/2023>
{'year': '2023', 'position': '11', 'team': 'Cuiabá Saf - MT', 'points': '29', 'games': '23', 'wins': '8', 'draws': '5', 'losses': '10', 'goals_for': '23', 'goals_against': '29', 'goal_difference': '-6', 'percentage': '42', 'top_player_scorer': {'team': 'Botafogo - RJ', 'name': 'Tiquinho', 'goals': '13'}}
2023-09-23 11:39:30 [scrapy] DEBUG: Scraped from <200 https://www.cbf.com.br/futebol-brasileiro/competicoes/campeonato-brasileiro-serie-a/2023>
{'year': '2023', 'position': '12', 'team': 'Cruzeiro Saf - MG', 'points': '29', 'games': '24', 'wins': '7', 'draws': '8', 'losses': '9', 'goals_for': '23', 'goals_against': '21', 'goal_difference': '2', 'percentage': '40', 'top_player_scorer': {'team': 'Botafogo - RJ', 'name': 'Tiquinho', 'goals': '13'}}
2023-09-23 11:39:30 [scrapy] DEBUG: Scraped from <200 https://www.cbf.com.br/futebol-brasileiro/competicoes/campeonato-brasileiro-serie-a/2023>
{'year': '2023', 'position': '13', 'team': 'Internacional - RS', 'points': '29', 'games': '24', 'wins': '7', 'draws': '8', 'losses': '9', 'goals_for': '20', 'goals_against': '27', 'goal_difference': '-7', 'percentage': '40', 'top_player_scorer': {'team': 'Botafogo - RJ', 'name': 'Tiquinho', 'goals': '13'}}
2023-09-23 11:39:30 [scrapy] DEBUG: Scraped from <200 https://www.cbf.com.br/futebol-brasileiro/competicoes/campeonato-brasileiro-serie-a/2023>
{'year': '2023', 'position': '14', 'team': 'São Paulo - SP', 'points': '28', 'games': '23', 'wins': '7', 'draws': '7', 'losses': '9', 'goals_for': '27', 'goals_against': '25', 'goal_difference': '2', 'percentage': '40', 'top_player_scorer': {'team': 'Botafogo - RJ', 'name': 'Tiquinho', 'goals': '13'}}
2023-09-23 11:39:30 [scrapy] DEBUG: Scraped from <200 https://www.cbf.com.br/futebol-brasileiro/competicoes/campeonato-brasileiro-serie-a/2023>
{'year': '2023', 'position': '15', 'team': 'Goiás - GO', 'points': '26', 'games': '24', 'wins': '6', 'draws': '8', 'losses': '10', 'goals_for': '20', 'goals_against': '30', 'goal_difference': '-10', 'percentage': '36', 'top_player_scorer': {'team': 'Botafogo - RJ', 'name': 'Tiquinho', 'goals': '13'}}
2023-09-23 11:39:30 [scrapy] DEBUG: Scraped from <200 https://www.cbf.com.br/futebol-brasileiro/competicoes/campeonato-brasileiro-serie-a/2023>
{'year': '2023', 'position': '16', 'team': 'Bahia - BA', 'points': '25', 'games': '24', 'wins': '6', 'draws': '7', 'losses': '11', 'goals_for': '28', 'goals_against': '33', 'goal_difference': '-5', 'percentage': '34', 'top_player_scorer': {'team': 'Botafogo - RJ', 'name': 'Tiquinho', 'goals': '13'}}
2023-09-23 11:39:30 [scrapy] DEBUG: Scraped from <200 https://www.cbf.com.br/futebol-brasileiro/competicoes/campeonato-brasileiro-serie-a/2023>
{'year': '2023', 'position': '17', 'team': 'Santos - SP', 'points': '24', 'games': '24', 'wins': '6', 'draws': '6', 'losses': '12', 'goals_for': '23', 'goals_against': '40', 'goal_difference': '-17', 'percentage': '33', 'top_player_scorer': {'team': 'Botafogo - RJ', 'name': 'Tiquinho', 'goals': '13'}}
2023-09-23 11:39:31 [scrapy] DEBUG: Scraped from <200 https://www.cbf.com.br/futebol-brasileiro/competicoes/campeonato-brasileiro-serie-a/2023>
{'year': '2023', 'position': '18', 'team': 'Vasco da Gama S.a.f. - RJ', 'points': '23', 'games': '23', 'wins': '6', 'draws': '5', 'losses': '12', 'goals_for': '25', 'goals_against': '34', 'goal_difference': '-9', 'percentage': '33', 'top_player_scorer': {'team': 'Botafogo - RJ', 'name': 'Tiquinho', 'goals': '13'}}
2023-09-23 11:39:31 [scrapy] DEBUG: Scraped from <200 https://www.cbf.com.br/futebol-brasileiro/competicoes/campeonato-brasileiro-serie-a/2023>
{'year': '2023', 'position': '19', 'team': 'America Fc S.a.f. - MG', 'points': '17', 'games': '23', 'wins': '4', 'draws': '5', 'losses': '14', 'goals_for': '26', 'goals_against': '49', 'goal_difference': '-23', 'percentage': '24', 'top_player_scorer': {'team': 'Botafogo - RJ', 'name': 'Tiquinho', 'goals': '13'}}
2023-09-23 11:39:31 [scrapy] DEBUG: Scraped from <200 https://www.cbf.com.br/futebol-brasileiro/competicoes/campeonato-brasileiro-serie-a/2023>
{'year': '2023', 'position': '20', 'team': 'Coritiba S.a.f. - PR', 'points': '14', 'games': '23', 'wins': '3', 'draws': '5', 'losses': '15', 'goals_for': '24', 'goals_against': '51', 'goal_difference': '-27', 'percentage': '20', 'top_player_scorer': {'team': 'Botafogo - RJ', 'name': 'Tiquinho', 'goals': '13'}}
2023-09-23 11:39:31 [scrapy] INFO: Closing spider (finished)
2023-09-23 11:39:31 [scrapy] INFO: Stored json feed (20 items) in: output.json
2023-09-23 11:39:31 [scrapy] INFO: Dumping Scrapy stats:
{'downloader/request_bytes': 280,
 'downloader/request_count': 1,
 'downloader/request_method_count/GET': 1,
 'downloader/response_bytes': 195201,
 'downloader/response_count': 1,
 'downloader/response_status_count/200': 1,
 'elapsed_time_seconds': 6.058197,
 'feedexport/success_count/FileFeedStorage': 1,
 'finish_reason': 'finished',
 'finish_time': datetime.datetime(2023, 9, 23, 14, 39, 31, 19519),
 'httpcompression/response_bytes': 1464502,
 'httpcompression/response_count': 1,
 'item_scraped_count': 20,
 'log_count/DEBUG': 21,
 'log_count/INFO': 8,
 'log_count/WARNING': 1,
 'memusage/max': 172679168,
 'memusage/startup': 172679168,
 'response_received_count': 1,
 'scheduler/dequeued': 1,
 'scheduler/dequeued/memory': 1,
 'scheduler/enqueued': 1,
 'scheduler/enqueued/memory': 1,
 'start_time': datetime.datetime(2023, 9, 23, 14, 39, 24, 961322)}
2023-09-23 11:39:31 [scrapy] INFO: Spider closed (finished)
