2023-09-23 11:40:16 [scrapy] DEBUG: Crawled (200) <GET https://www.cbf.com.br/futebol-brasileiro/competicoes/campeonato-brasileiro-serie-b/2019> (referer: None)
2023-09-23 11:40:16 [scrapy] DEBUG: Scraped from <200 https://www.cbf.com.br/futebol-brasileiro/competicoes/campeonato-brasileiro-serie-b/2019>
{'year': '2019', 'position': '1', 'team': 'Bragantino - SP', 'points': '75', 'games': '38', 'wins': '22', 'draws': '9', 'losses': '7', 'goals_for': '64', 'goals_against': '27', 'goal_difference': '37', 'percentage': '65', 'top_player_scorer': {'team': 'Sport - PE', 'name': 'Guilherme Augusto', 'goals': '17'}}
2023-09-23 11:40:16 [scrapy] DEBUG: Scraped from <200 https://www.cbf.com.br/futebol-brasileiro/competicoes/campeonato-brasileiro-serie-b/2019>
{'year': '2019', 'position': '2', 'team': 'Sport - PE', 'points': '68', 'games': '38', 'wins': '17', 'draws': '17', 'losses': '4', 'goals_for': '49', 'goals_against': '29', 'goal_difference': '20', 'percentage': '59', 'top_player_scorer': {'team': 'Sport - PE', 'name': 'Guilherme Augusto', 'goals': '17'}}
2023-09-23 11:40:16 [scrapy] DEBUG: Scraped from <200 https://www.cbf.com.br/futebol-brasileiro/competicoes/campeonato-brasileiro-serie-b/2019>
{'year': '2019', 'position': '3', 'team': 'Coritiba - PR', 'points': '66', 'games': '38', 'wins': '18', 'draws': '12', 'losses': '8', 'goals_for': '48', 'goals_against': '34', 'goal_difference': '14', 'percentage': '57', 'top_player_scorer': {'team': 'Sport - PE', 'name': 'Guilherme Augusto', 'goals': '17'}}
2023-09-23 11:40:16 [scrapy] DEBUG: Scraped from <200 https://www.cbf.com.br/futebol-brasileiro/competicoes/campeonato-brasileiro-serie-b/2019>
{'year': '2019', 'position': '4', 'team': 'Atlético - GO', 'points': '62', 'games': '38', 'wins': '15', 'draws': '17', 'losses': '6', 'goals_for': '44', 'goals_against': '29', 'goal_difference': '15', 'percentage': '54', 'top_player_scorer': {'team': 'Sport - PE', 'name': 'Guilherme Augusto', 'goals': '17'}}
2023-09-23 11:40:16 [scrapy] DEBUG: Scraped from <200 https://www.cbf.com.br/futebol-brasileiro/competicoes/campeonato-brasileiro-serie-b/2019>
{'year': '2019', 'position': '5', 'team': 'America Fc - MG', 'points': '61', 'games': '38', 'wins': '17', 'draws': '10', 'losses': '11', 'goals_for': '42', 'goals_against': '34', 'goal_difference': '8', 'percentage': '53', 'top_player_scorer': {'team': 'Sport - PE', 'name': 'Guilherme Augusto', 'goals': '17'}}
2023-09-23 11:40:16 [scrapy] DEBUG: Scraped from <200 https://www.cbf.com.br/futebol-brasileiro/competicoes/campeonato-brasileiro-serie-b/2019>
{'year': '2019', 'position': '6', 'team': 'Paraná - PR', 'points': '56', 'games': '38', 'wins': '14', 'draws': '14', 'losses': '10', 'goals_for': '34', 'goals_against': '33', 'goal_difference': '1', 'percentage': '49', 'top_player_scorer': {'team': 'Sport - PE', 'name': 'Guilherme Augusto', 'goals': '17'}}
2023-09-23 11:40:16 [scrapy] DEBUG: Scraped from <200 https://www.cbf.com.br/futebol-brasileiro/competicoes/campeonato-brasileiro-serie-b/2019>
{'year': '2019', 'position': '7', 'team': 'Crb - AL', 'points': '55', 'games': '38', 'wins': '15', 'draws': '10', 'losses': '13', 'goals_for': '44', 'goals_against': '43', 'goal_difference': '1', 'percentage': '48', 'top_player_scorer': {'team': 'Sport - PE', 'name': 'Guilherme Augusto', 'goals': '17'}}
2023-09-23 11:40:16 [scrapy] DEBUG: Scraped from <200 https://www.cbf.com.br/futebol-brasileiro/competicoes/campeonato-brasileiro-serie-b/2019>
{'year': '2019', 'position': '8', 'team': 'Cuiabá - MT', 'points': '52', 'games': '38', 'wins': '13', 'draws': '13', 'losses': '12', 'goals_for': '43', 'goals_against': '40', 'goal_difference': '3', 'percentage': '45', 'top_player_scorer': {'team': 'Sport - PE', 'name': 'Guilherme Augusto', 'goals': '17'}}
2023-09-23 11:40:16 [scrapy] DEBUG: Scraped from <200 https://www.cbf.com.br/futebol-brasileiro/competicoes/campeonato-brasileiro-serie-b/2019>
{'year': '2019', 'position': '9', 'team': 'Botafogo - SP', 'points': '50', 'games': '38', 'wins': '13', 'draws': '11', 'losses': '14', 'goals_for': '38', 'goals_against': '38', 'goal_difference': '0', 'percentage': '43', 'top_player_scorer': {'team': 'Sport - PE', 'name': 'Guilherme Augusto', 'goals': '17'}}
2023-09-23 11:40:16 [scrapy] DEBUG: Scraped from <200 https://www.cbf.com.br/futebol-brasileiro/competicoes/campeonato-brasileiro-serie-b/2019>
{'year': '2019', 'position': '10', 'team': 'Operario - PR', 'points': '50', 'games': '38', 'wins': '13', 'draws': '11', 'losses': '14', 'goals_for': '32', 'goals_against': '41', 'goal_difference': '-9', 'percentage': '43', 'top_player_scorer': {'team': 'Sport - PE', 'name': 'Guilherme Augusto', 'goals': '17'}}
2023-09-23 11:40:16 [scrapy] DEBUG: Scraped from <200 https://www.cbf.com.br/futebol-brasileiro/competicoes/campeonato-brasileiro-serie-b/2019>
{'year': '2019', 'position': '11', 'team': 'Ponte Preta - SP', 'points': '47', 'games': '38', 'wins': '11', 'draws': '14', 'losses': '13', 'goals_for': '41', 'goals_against': '39', 'goal_difference': '2', 'percentage': '41', 'top_player_scorer': {'team': 'Sport - PE', 'name': 'Guilherme Augusto', 'goals': '17'}}
2023-09-23 11:40:16 [scrapy] DEBUG: Scraped from <200 https://www.cbf.com.br/futebol-brasileiro/competicoes/campeonato-brasileiro-serie-b/2019>
{'year': '2019', 'position': '12', 'team': 'Vitória - BA', 'points': '45', 'games': '38', 'wins': '11', 'draws': '12', 'losses': '15', 'goals_for': '42', 'goals_against': '48', 'goal_difference': '-6', 'percentage': '39', 'top_player_scorer': {'team': 'Sport - PE', 'name': 'Guilherme Augusto', 'goals': '17'}}
2023-09-23 11:40:16 [scrapy] DEBUG: Scraped from <200 https://www.cbf.com.br/futebol-brasileiro/competicoes/campeonato-brasileiro-serie-b/2019>
{'year': '2019', 'position': '13', 'team': 'Guarani - SP', 'points': '44', 'games': '38', 'wins': '12', 'draws': '8', 'losses': '18', 'goals_for': '27', 'goals_against': '37', 'goal_difference': '-10', 'percentage': '38', 'top_player_scorer': {'team': 'Sport - PE', 'name': 'Guilherme Augusto', 'goals': '17'}}
2023-09-23 11:40:16 [scrapy] DEBUG: Scraped from <200 https://www.cbf.com.br/futebol-brasileiro/competicoes/campeonato-brasileiro-serie-b/2019>
{'year': '2019', 'position': '14', 'team': 'Brasil - RS', 'points': '44', 'games': '38', 'wins': '11', 'draws': '11', 'losses': '16', 'goals_for': '31', 'goals_against': '47', 'goal_difference': '-16', 'percentage': '38', 'top_player_scorer': {'team': 'Sport - PE', 'name': 'Guilherme Augusto', 'goals': '17'}}
2023-09-23 11:40:16 [scrapy] DEBUG: Scraped from <200 https://www.cbf.com.br/futebol-brasileiro/competicoes/campeonato-brasileiro-serie-b/2019>
{'year': '2019', 'position': '15', 'team': 'Oeste - SP', 'points': '41', 'games': '38', 'wins': '8', 'draws': '17', 'losses': '13', 'goals_for': '41', 'goals_against': '49', 'goal_difference': '-8', 'percentage': '35', 'top_player_scorer': {'team': 'Sport - PE', 'name': 'Guilherme Augusto', 'goals': '17'}}
2023-09-23 11:40:16 [scrapy] DEBUG: Scraped from <200 https://www.cbf.com.br/futebol-brasileiro/competicoes/campeonato-brasileiro-serie-b/2019>
{'year': '2019', 'position': '16', 'team': 'Figueirense - SC', 'points': '41', 'games': '38', 'wins': '7', 'draws': '20', 'losses': '11', 'goals_for': '31', 'goals_against': '38', 'goal_difference': '-7', 'percentage': '35', 'top_player_scorer': {'team': 'Sport - PE', 'name': 'Guilherme Augusto', 'goals': '17'}}
2023-09-23 11:40:16 [scrapy] DEBUG: Scraped from <200 https://www.cbf.com.br/futebol-brasileiro/competicoes/campeonato-brasileiro-serie-b/2019>
{'year': '2019', 'position': '17', 'team': 'Londrina - PR', 'points': '39', 'games': '38', 'wins': '11', 'draws': '6', 'losses': '21', 'goals_for': '37', 'goals_against': '53', 'goal_difference': '-16', 'percentage': '34', 'top_player_scorer': {'team': 'Sport - PE', 'name': 'Guilherme Augusto', 'goals': '17'}}
2023-09-23 11:40:16 [scrapy] DEBUG: Scraped from <200 https://www.cbf.com.br/futebol-brasileiro/competicoes/campeonato-brasileiro-serie-b/2019>
{'year': '2019', 'position': '18', 'team': 'São Bento - SP', 'points': '39', 'games': '38', 'wins': '10', 'draws': '9', 'losses': '19', 'goals_for': '46', 'goals_against': '54', 'goal_difference': '-8', 'percentage': '34', 'top_player_scorer': {'team': 'Sport - PE', 'name': 'Guilherme Augusto', 'goals': '17'}}
2023-09-23 11:40:16 [scrapy] DEBUG: Scraped from <200 https://www.cbf.com.br/futebol-brasileiro/competicoes/campeonato-brasileiro-serie-b/2019>
{'year': '2019', 'position': '19', 'team': 'Criciúma - SC', 'points': '39', 'games': '38', 'wins': '8', 'draws': '15', 'losses': '15', 'goals_for': '30', 'goals_against': '38', 'goal_difference': '-8', 'percentage': '34', 'top_player_scorer': {'team': 'Sport - PE', 'name': 'Guilherme Augusto', 'goals': '17'}}
2023-09-23 11:40:16 [scrapy] DEBUG: Scraped from <200 https://www.cbf.com.br/futebol-brasileiro/competicoes/campeonato-brasileiro-serie-b/2019>
{'year': '2019', 'position': '20', 'team': 'Vila Nova - GO', 'points': '39', 'games': '38', 'wins': '7', 'draws': '18', 'losses': '13', 'goals_for': '27', 'goals_against': '40', 'goal_difference': '-13', 'percentage': '34', 'top_player_scorer': {'team': 'Sport - PE', 'name': 'Guilherme Augusto', 'goals': '17'}}
2023-09-23 11:40:16 [scrapy] INFO: Closing spider (finished)
2023-09-23 11:40:16 [scrapy] INFO: Stored json feed (20 items) in: output.json
2023-09-23 11:40:16 [scrapy] INFO: Dumping Scrapy stats:
{'downloader/request_bytes': 280,
 'downloader/request_count': 1,
 'downloader/request_method_count/GET': 1,
 'downloader/response_bytes': 207302,
 'downloader/response_count': 1,
 'downloader/response_status_count/200': 1,
 'elapsed_time_seconds': 7.145029,
 'feedexport/success_count/FileFeedStorage': 1,
 'finish_reason': 'finished',
 'finish_time': datetime.datetime(2023, 9, 23, 14, 40, 16, 797871),
 'httpcompression/response_bytes': 1573418,
 'httpcompression/response_count': 1,
 'item_scraped_count': 20,
 'log_count/DEBUG': 21,
 'log_count/INFO': 8,
 'log_count/WARNING': 1,
 'memusage/max': 179576832,
 'memusage/startup': 179576832,
 'response_received_count': 1,
 'scheduler/dequeued': 1,
 'scheduler/dequeued/memory': 1,
 'scheduler/enqueued': 1,
 'scheduler/enqueued/memory': 1,
 'start_time': datetime.datetime(2023, 9, 23, 14, 40, 9, 652842)}
2023-09-23 11:40:16 [scrapy] INFO: Spider closed (finished)
