2023-10-14 18:00:48 [scrapy] DEBUG: Crawled (200) <GET https://www.cbf.com.br/futebol-brasileiro/competicoes/campeonato-brasileiro-serie-a/2020> (referer: None)
2023-10-14 18:00:48 [scrapy] DEBUG: Scraped from <200 https://www.cbf.com.br/futebol-brasileiro/competicoes/campeonato-brasileiro-serie-a/2020>
{'year': '2020', 'position': '1', 'team': 'Flamengo - RJ', 'points': '71', 'games': '38', 'wins': '21', 'draws': '8', 'losses': '9', 'goals_for': '68', 'goals_against': '48', 'goal_difference': '20', 'percentage': '62', 'top_player_scorer': {'team': 'Red Bull Bragantino - SP', 'name': 'Claudinho', 'goals': '18'}}
2023-10-14 18:00:48 [scrapy] DEBUG: Scraped from <200 https://www.cbf.com.br/futebol-brasileiro/competicoes/campeonato-brasileiro-serie-a/2020>
{'year': '2020', 'position': '2', 'team': 'Internacional - RS', 'points': '70', 'games': '38', 'wins': '20', 'draws': '10', 'losses': '8', 'goals_for': '61', 'goals_against': '35', 'goal_difference': '26', 'percentage': '61', 'top_player_scorer': {'team': 'Red Bull Bragantino - SP', 'name': 'Claudinho', 'goals': '18'}}
2023-10-14 18:00:48 [scrapy] DEBUG: Scraped from <200 https://www.cbf.com.br/futebol-brasileiro/competicoes/campeonato-brasileiro-serie-a/2020>
{'year': '2020', 'position': '3', 'team': 'Atlético - MG', 'points': '68', 'games': '38', 'wins': '20', 'draws': '8', 'losses': '10', 'goals_for': '64', 'goals_against': '45', 'goal_difference': '19', 'percentage': '59', 'top_player_scorer': {'team': 'Red Bull Bragantino - SP', 'name': 'Claudinho', 'goals': '18'}}
2023-10-14 18:00:48 [scrapy] DEBUG: Scraped from <200 https://www.cbf.com.br/futebol-brasileiro/competicoes/campeonato-brasileiro-serie-a/2020>
{'year': '2020', 'position': '4', 'team': 'São Paulo - SP', 'points': '66', 'games': '38', 'wins': '18', 'draws': '12', 'losses': '8', 'goals_for': '59', 'goals_against': '41', 'goal_difference': '18', 'percentage': '57', 'top_player_scorer': {'team': 'Red Bull Bragantino - SP', 'name': 'Claudinho', 'goals': '18'}}
2023-10-14 18:00:48 [scrapy] DEBUG: Scraped from <200 https://www.cbf.com.br/futebol-brasileiro/competicoes/campeonato-brasileiro-serie-a/2020>
{'year': '2020', 'position': '5', 'team': 'Fluminense - RJ', 'points': '64', 'games': '38', 'wins': '18', 'draws': '10', 'losses': '10', 'goals_for': '55', 'goals_against': '42', 'goal_difference': '13', 'percentage': '56', 'top_player_scorer': {'team': 'Red Bull Bragantino - SP', 'name': 'Claudinho', 'goals': '18'}}
2023-10-14 18:00:48 [scrapy] DEBUG: Scraped from <200 https://www.cbf.com.br/futebol-brasileiro/competicoes/campeonato-brasileiro-serie-a/2020>
{'year': '2020', 'position': '6', 'team': 'Grêmio - RS', 'points': '59', 'games': '38', 'wins': '14', 'draws': '17', 'losses': '7', 'goals_for': '53', 'goals_against': '40', 'goal_difference': '13', 'percentage': '51', 'top_player_scorer': {'team': 'Red Bull Bragantino - SP', 'name': 'Claudinho', 'goals': '18'}}
2023-10-14 18:00:48 [scrapy] DEBUG: Scraped from <200 https://www.cbf.com.br/futebol-brasileiro/competicoes/campeonato-brasileiro-serie-a/2020>
{'year': '2020', 'position': '7', 'team': 'Palmeiras - SP', 'points': '58', 'games': '38', 'wins': '15', 'draws': '13', 'losses': '10', 'goals_for': '51', 'goals_against': '37', 'goal_difference': '14', 'percentage': '50', 'top_player_scorer': {'team': 'Red Bull Bragantino - SP', 'name': 'Claudinho', 'goals': '18'}}
2023-10-14 18:00:48 [scrapy] DEBUG: Scraped from <200 https://www.cbf.com.br/futebol-brasileiro/competicoes/campeonato-brasileiro-serie-a/2020>
{'year': '2020', 'position': '8', 'team': 'Santos - SP', 'points': '54', 'games': '38', 'wins': '14', 'draws': '12', 'losses': '12', 'goals_for': '52', 'goals_against': '51', 'goal_difference': '1', 'percentage': '47', 'top_player_scorer': {'team': 'Red Bull Bragantino - SP', 'name': 'Claudinho', 'goals': '18'}}
2023-10-14 18:00:48 [scrapy] DEBUG: Scraped from <200 https://www.cbf.com.br/futebol-brasileiro/competicoes/campeonato-brasileiro-serie-a/2020>
{'year': '2020', 'position': '9', 'team': 'Athletico Paranaense - PR', 'points': '53', 'games': '38', 'wins': '15', 'draws': '8', 'losses': '15', 'goals_for': '38', 'goals_against': '36', 'goal_difference': '2', 'percentage': '46', 'top_player_scorer': {'team': 'Red Bull Bragantino - SP', 'name': 'Claudinho', 'goals': '18'}}
2023-10-14 18:00:48 [scrapy] DEBUG: Scraped from <200 https://www.cbf.com.br/futebol-brasileiro/competicoes/campeonato-brasileiro-serie-a/2020>
{'year': '2020', 'position': '10', 'team': 'Red Bull Bragantino - SP', 'points': '53', 'games': '38', 'wins': '13', 'draws': '14', 'losses': '11', 'goals_for': '50', 'goals_against': '40', 'goal_difference': '10', 'percentage': '46', 'top_player_scorer': {'team': 'Red Bull Bragantino - SP', 'name': 'Claudinho', 'goals': '18'}}
2023-10-14 18:00:48 [scrapy] DEBUG: Scraped from <200 https://www.cbf.com.br/futebol-brasileiro/competicoes/campeonato-brasileiro-serie-a/2020>
{'year': '2020', 'position': '11', 'team': 'Ceará - CE', 'points': '52', 'games': '38', 'wins': '14', 'draws': '10', 'losses': '14', 'goals_for': '54', 'goals_against': '51', 'goal_difference': '3', 'percentage': '45', 'top_player_scorer': {'team': 'Red Bull Bragantino - SP', 'name': 'Claudinho', 'goals': '18'}}
2023-10-14 18:00:48 [scrapy] DEBUG: Scraped from <200 https://www.cbf.com.br/futebol-brasileiro/competicoes/campeonato-brasileiro-serie-a/2020>
{'year': '2020', 'position': '12', 'team': 'Corinthians - SP', 'points': '51', 'games': '38', 'wins': '13', 'draws': '12', 'losses': '13', 'goals_for': '45', 'goals_against': '45', 'goal_difference': '0', 'percentage': '44', 'top_player_scorer': {'team': 'Red Bull Bragantino - SP', 'name': 'Claudinho', 'goals': '18'}}
2023-10-14 18:00:48 [scrapy] DEBUG: Scraped from <200 https://www.cbf.com.br/futebol-brasileiro/competicoes/campeonato-brasileiro-serie-a/2020>
{'year': '2020', 'position': '13', 'team': 'Atlético - GO', 'points': '50', 'games': '38', 'wins': '12', 'draws': '14', 'losses': '12', 'goals_for': '40', 'goals_against': '45', 'goal_difference': '-5', 'percentage': '43', 'top_player_scorer': {'team': 'Red Bull Bragantino - SP', 'name': 'Claudinho', 'goals': '18'}}
2023-10-14 18:00:48 [scrapy] DEBUG: Scraped from <200 https://www.cbf.com.br/futebol-brasileiro/competicoes/campeonato-brasileiro-serie-a/2020>
{'year': '2020', 'position': '14', 'team': 'Bahia - BA', 'points': '44', 'games': '38', 'wins': '12', 'draws': '8', 'losses': '18', 'goals_for': '48', 'goals_against': '59', 'goal_difference': '-11', 'percentage': '38', 'top_player_scorer': {'team': 'Red Bull Bragantino - SP', 'name': 'Claudinho', 'goals': '18'}}
2023-10-14 18:00:48 [scrapy] DEBUG: Scraped from <200 https://www.cbf.com.br/futebol-brasileiro/competicoes/campeonato-brasileiro-serie-a/2020>
{'year': '2020', 'position': '15', 'team': 'Sport - PE', 'points': '42', 'games': '38', 'wins': '12', 'draws': '6', 'losses': '20', 'goals_for': '31', 'goals_against': '50', 'goal_difference': '-19', 'percentage': '36', 'top_player_scorer': {'team': 'Red Bull Bragantino - SP', 'name': 'Claudinho', 'goals': '18'}}
2023-10-14 18:00:48 [scrapy] DEBUG: Scraped from <200 https://www.cbf.com.br/futebol-brasileiro/competicoes/campeonato-brasileiro-serie-a/2020>
{'year': '2020', 'position': '16', 'team': 'Fortaleza - CE', 'points': '41', 'games': '38', 'wins': '10', 'draws': '11', 'losses': '17', 'goals_for': '34', 'goals_against': '44', 'goal_difference': '-10', 'percentage': '35', 'top_player_scorer': {'team': 'Red Bull Bragantino - SP', 'name': 'Claudinho', 'goals': '18'}}
2023-10-14 18:00:48 [scrapy] DEBUG: Scraped from <200 https://www.cbf.com.br/futebol-brasileiro/competicoes/campeonato-brasileiro-serie-a/2020>
{'year': '2020', 'position': '17', 'team': 'Vasco da Gama - RJ', 'points': '41', 'games': '38', 'wins': '10', 'draws': '11', 'losses': '17', 'goals_for': '37', 'goals_against': '56', 'goal_difference': '-19', 'percentage': '35', 'top_player_scorer': {'team': 'Red Bull Bragantino - SP', 'name': 'Claudinho', 'goals': '18'}}
2023-10-14 18:00:48 [scrapy] DEBUG: Scraped from <200 https://www.cbf.com.br/futebol-brasileiro/competicoes/campeonato-brasileiro-serie-a/2020>
{'year': '2020', 'position': '18', 'team': 'Goiás - GO', 'points': '37', 'games': '38', 'wins': '9', 'draws': '10', 'losses': '19', 'goals_for': '41', 'goals_against': '63', 'goal_difference': '-22', 'percentage': '32', 'top_player_scorer': {'team': 'Red Bull Bragantino - SP', 'name': 'Claudinho', 'goals': '18'}}
2023-10-14 18:00:48 [scrapy] DEBUG: Scraped from <200 https://www.cbf.com.br/futebol-brasileiro/competicoes/campeonato-brasileiro-serie-a/2020>
{'year': '2020', 'position': '19', 'team': 'Coritiba - PR', 'points': '31', 'games': '38', 'wins': '7', 'draws': '10', 'losses': '21', 'goals_for': '31', 'goals_against': '54', 'goal_difference': '-23', 'percentage': '27', 'top_player_scorer': {'team': 'Red Bull Bragantino - SP', 'name': 'Claudinho', 'goals': '18'}}
2023-10-14 18:00:48 [scrapy] DEBUG: Scraped from <200 https://www.cbf.com.br/futebol-brasileiro/competicoes/campeonato-brasileiro-serie-a/2020>
{'year': '2020', 'position': '20', 'team': 'Botafogo - RJ', 'points': '27', 'games': '38', 'wins': '5', 'draws': '12', 'losses': '21', 'goals_for': '32', 'goals_against': '62', 'goal_difference': '-30', 'percentage': '23', 'top_player_scorer': {'team': 'Red Bull Bragantino - SP', 'name': 'Claudinho', 'goals': '18'}}
2023-10-14 18:00:48 [scrapy] INFO: Closing spider (finished)
2023-10-14 18:00:48 [scrapy] INFO: Stored json feed (20 items) in: output.json
2023-10-14 18:00:48 [scrapy] INFO: Dumping Scrapy stats:
{'downloader/request_bytes': 280,
 'downloader/request_count': 1,
 'downloader/request_method_count/GET': 1,
 'downloader/response_bytes': 216121,
 'downloader/response_count': 1,
 'downloader/response_status_count/200': 1,
 'elapsed_time_seconds': 5.174607,
 'feedexport/success_count/FileFeedStorage': 1,
 'finish_reason': 'finished',
 'finish_time': datetime.datetime(2023, 10, 14, 21, 0, 48, 774912),
 'httpcompression/response_bytes': 1600637,
 'httpcompression/response_count': 1,
 'item_scraped_count': 20,
 'log_count/DEBUG': 21,
 'log_count/INFO': 8,
 'log_count/WARNING': 1,
 'memusage/max': 195117056,
 'memusage/startup': 195117056,
 'response_received_count': 1,
 'scheduler/dequeued': 1,
 'scheduler/dequeued/memory': 1,
 'scheduler/enqueued': 1,
 'scheduler/enqueued/memory': 1,
 'start_time': datetime.datetime(2023, 10, 14, 21, 0, 43, 600305)}
2023-10-14 18:00:48 [scrapy] INFO: Spider closed (finished)
