2023-09-19 14:44:39 [scrapy] DEBUG: Crawled (200) <GET https://www.cbf.com.br/futebol-brasileiro/competicoes/campeonato-brasileiro-serie-a/2017> (referer: None)
2023-09-19 14:44:39 [scrapy] DEBUG: Scraped from <200 https://www.cbf.com.br/futebol-brasileiro/competicoes/campeonato-brasileiro-serie-a/2017>
{'year': '2017', 'position': '1', 'team': 'Corinthians - SP', 'points': '72', 'games': '38', 'wins': '21', 'draws': '9', 'losses': '8', 'goals_for': '50', 'goals_against': '30', 'goal_difference': '20', 'percentage': '63', 'top_player_scorer': {'team': 'Corinthians - SP', 'name': 'Jo', 'goals': '18'}}
2023-09-19 14:44:39 [scrapy] DEBUG: Scraped from <200 https://www.cbf.com.br/futebol-brasileiro/competicoes/campeonato-brasileiro-serie-a/2017>
{'year': '2017', 'position': '2', 'team': 'Palmeiras - SP', 'points': '63', 'games': '38', 'wins': '19', 'draws': '6', 'losses': '13', 'goals_for': '61', 'goals_against': '45', 'goal_difference': '16', 'percentage': '55', 'top_player_scorer': {'team': 'Corinthians - SP', 'name': 'Jo', 'goals': '18'}}
2023-09-19 14:44:39 [scrapy] DEBUG: Scraped from <200 https://www.cbf.com.br/futebol-brasileiro/competicoes/campeonato-brasileiro-serie-a/2017>
{'year': '2017', 'position': '3', 'team': 'Santos - SP', 'points': '63', 'games': '38', 'wins': '17', 'draws': '12', 'losses': '9', 'goals_for': '42', 'goals_against': '32', 'goal_difference': '10', 'percentage': '55', 'top_player_scorer': {'team': 'Corinthians - SP', 'name': 'Jo', 'goals': '18'}}
2023-09-19 14:44:39 [scrapy] DEBUG: Scraped from <200 https://www.cbf.com.br/futebol-brasileiro/competicoes/campeonato-brasileiro-serie-a/2017>
{'year': '2017', 'position': '4', 'team': 'Grêmio - RS', 'points': '62', 'games': '38', 'wins': '18', 'draws': '8', 'losses': '12', 'goals_for': '55', 'goals_against': '36', 'goal_difference': '19', 'percentage': '54', 'top_player_scorer': {'team': 'Corinthians - SP', 'name': 'Jo', 'goals': '18'}}
2023-09-19 14:44:39 [scrapy] DEBUG: Scraped from <200 https://www.cbf.com.br/futebol-brasileiro/competicoes/campeonato-brasileiro-serie-a/2017>
{'year': '2017', 'position': '5', 'team': 'Cruzeiro - MG', 'points': '57', 'games': '38', 'wins': '15', 'draws': '12', 'losses': '11', 'goals_for': '47', 'goals_against': '39', 'goal_difference': '8', 'percentage': '50', 'top_player_scorer': {'team': 'Corinthians - SP', 'name': 'Jo', 'goals': '18'}}
2023-09-19 14:44:39 [scrapy] DEBUG: Scraped from <200 https://www.cbf.com.br/futebol-brasileiro/competicoes/campeonato-brasileiro-serie-a/2017>
{'year': '2017', 'position': '6', 'team': 'Flamengo - RJ', 'points': '56', 'games': '38', 'wins': '15', 'draws': '11', 'losses': '12', 'goals_for': '49', 'goals_against': '38', 'goal_difference': '11', 'percentage': '49', 'top_player_scorer': {'team': 'Corinthians - SP', 'name': 'Jo', 'goals': '18'}}
2023-09-19 14:44:39 [scrapy] DEBUG: Scraped from <200 https://www.cbf.com.br/futebol-brasileiro/competicoes/campeonato-brasileiro-serie-a/2017>
{'year': '2017', 'position': '7', 'team': 'Vasco da Gama - RJ', 'points': '56', 'games': '38', 'wins': '15', 'draws': '11', 'losses': '12', 'goals_for': '40', 'goals_against': '47', 'goal_difference': '-7', 'percentage': '49', 'top_player_scorer': {'team': 'Corinthians - SP', 'name': 'Jo', 'goals': '18'}}
2023-09-19 14:44:39 [scrapy] DEBUG: Scraped from <200 https://www.cbf.com.br/futebol-brasileiro/competicoes/campeonato-brasileiro-serie-a/2017>
{'year': '2017', 'position': '8', 'team': 'Chapecoense - SC', 'points': '54', 'games': '38', 'wins': '15', 'draws': '9', 'losses': '14', 'goals_for': '47', 'goals_against': '49', 'goal_difference': '-2', 'percentage': '47', 'top_player_scorer': {'team': 'Corinthians - SP', 'name': 'Jo', 'goals': '18'}}
2023-09-19 14:44:39 [scrapy] DEBUG: Scraped from <200 https://www.cbf.com.br/futebol-brasileiro/competicoes/campeonato-brasileiro-serie-a/2017>
{'year': '2017', 'position': '9', 'team': 'Atlético - MG', 'points': '54', 'games': '38', 'wins': '14', 'draws': '12', 'losses': '12', 'goals_for': '52', 'goals_against': '49', 'goal_difference': '3', 'percentage': '47', 'top_player_scorer': {'team': 'Corinthians - SP', 'name': 'Jo', 'goals': '18'}}
2023-09-19 14:44:39 [scrapy] DEBUG: Scraped from <200 https://www.cbf.com.br/futebol-brasileiro/competicoes/campeonato-brasileiro-serie-a/2017>
{'year': '2017', 'position': '10', 'team': 'Botafogo - RJ', 'points': '53', 'games': '38', 'wins': '14', 'draws': '11', 'losses': '13', 'goals_for': '45', 'goals_against': '42', 'goal_difference': '3', 'percentage': '46', 'top_player_scorer': {'team': 'Corinthians - SP', 'name': 'Jo', 'goals': '18'}}
2023-09-19 14:44:39 [scrapy] DEBUG: Scraped from <200 https://www.cbf.com.br/futebol-brasileiro/competicoes/campeonato-brasileiro-serie-a/2017>
{'year': '2017', 'position': '11', 'team': 'Atlético - PR', 'points': '51', 'games': '38', 'wins': '14', 'draws': '9', 'losses': '15', 'goals_for': '45', 'goals_against': '43', 'goal_difference': '2', 'percentage': '44', 'top_player_scorer': {'team': 'Corinthians - SP', 'name': 'Jo', 'goals': '18'}}
2023-09-19 14:44:39 [scrapy] DEBUG: Scraped from <200 https://www.cbf.com.br/futebol-brasileiro/competicoes/campeonato-brasileiro-serie-a/2017>
{'year': '2017', 'position': '12', 'team': 'Bahia - BA', 'points': '50', 'games': '38', 'wins': '13', 'draws': '11', 'losses': '14', 'goals_for': '50', 'goals_against': '48', 'goal_difference': '2', 'percentage': '43', 'top_player_scorer': {'team': 'Corinthians - SP', 'name': 'Jo', 'goals': '18'}}
2023-09-19 14:44:39 [scrapy] DEBUG: Scraped from <200 https://www.cbf.com.br/futebol-brasileiro/competicoes/campeonato-brasileiro-serie-a/2017>
{'year': '2017', 'position': '13', 'team': 'São Paulo - SP', 'points': '50', 'games': '38', 'wins': '13', 'draws': '11', 'losses': '14', 'goals_for': '48', 'goals_against': '49', 'goal_difference': '-1', 'percentage': '43', 'top_player_scorer': {'team': 'Corinthians - SP', 'name': 'Jo', 'goals': '18'}}
2023-09-19 14:44:39 [scrapy] DEBUG: Scraped from <200 https://www.cbf.com.br/futebol-brasileiro/competicoes/campeonato-brasileiro-serie-a/2017>
{'year': '2017', 'position': '14', 'team': 'Fluminense - RJ', 'points': '47', 'games': '38', 'wins': '11', 'draws': '14', 'losses': '13', 'goals_for': '50', 'goals_against': '53', 'goal_difference': '-3', 'percentage': '41', 'top_player_scorer': {'team': 'Corinthians - SP', 'name': 'Jo', 'goals': '18'}}
2023-09-19 14:44:39 [scrapy] DEBUG: Scraped from <200 https://www.cbf.com.br/futebol-brasileiro/competicoes/campeonato-brasileiro-serie-a/2017>
{'year': '2017', 'position': '15', 'team': 'Sport - PE', 'points': '45', 'games': '38', 'wins': '12', 'draws': '9', 'losses': '17', 'goals_for': '46', 'goals_against': '58', 'goal_difference': '-12', 'percentage': '39', 'top_player_scorer': {'team': 'Corinthians - SP', 'name': 'Jo', 'goals': '18'}}
2023-09-19 14:44:39 [scrapy] DEBUG: Scraped from <200 https://www.cbf.com.br/futebol-brasileiro/competicoes/campeonato-brasileiro-serie-a/2017>
{'year': '2017', 'position': '16', 'team': 'Vitória - BA', 'points': '43', 'games': '38', 'wins': '11', 'draws': '10', 'losses': '17', 'goals_for': '50', 'goals_against': '58', 'goal_difference': '-8', 'percentage': '37', 'top_player_scorer': {'team': 'Corinthians - SP', 'name': 'Jo', 'goals': '18'}}
2023-09-19 14:44:39 [scrapy] DEBUG: Scraped from <200 https://www.cbf.com.br/futebol-brasileiro/competicoes/campeonato-brasileiro-serie-a/2017>
{'year': '2017', 'position': '17', 'team': 'Coritiba - PR', 'points': '43', 'games': '38', 'wins': '11', 'draws': '10', 'losses': '17', 'goals_for': '42', 'goals_against': '51', 'goal_difference': '-9', 'percentage': '37', 'top_player_scorer': {'team': 'Corinthians - SP', 'name': 'Jo', 'goals': '18'}}
2023-09-19 14:44:39 [scrapy] DEBUG: Scraped from <200 https://www.cbf.com.br/futebol-brasileiro/competicoes/campeonato-brasileiro-serie-a/2017>
{'year': '2017', 'position': '18', 'team': 'Avaí - SC', 'points': '43', 'games': '38', 'wins': '10', 'draws': '13', 'losses': '15', 'goals_for': '29', 'goals_against': '48', 'goal_difference': '-19', 'percentage': '37', 'top_player_scorer': {'team': 'Corinthians - SP', 'name': 'Jo', 'goals': '18'}}
2023-09-19 14:44:39 [scrapy] DEBUG: Scraped from <200 https://www.cbf.com.br/futebol-brasileiro/competicoes/campeonato-brasileiro-serie-a/2017>
{'year': '2017', 'position': '19', 'team': 'Ponte Preta - SP', 'points': '39', 'games': '38', 'wins': '10', 'draws': '9', 'losses': '19', 'goals_for': '37', 'goals_against': '52', 'goal_difference': '-15', 'percentage': '34', 'top_player_scorer': {'team': 'Corinthians - SP', 'name': 'Jo', 'goals': '18'}}
2023-09-19 14:44:39 [scrapy] DEBUG: Scraped from <200 https://www.cbf.com.br/futebol-brasileiro/competicoes/campeonato-brasileiro-serie-a/2017>
{'year': '2017', 'position': '20', 'team': 'Atlético - GO', 'points': '36', 'games': '38', 'wins': '9', 'draws': '9', 'losses': '20', 'goals_for': '38', 'goals_against': '56', 'goal_difference': '-18', 'percentage': '31', 'top_player_scorer': {'team': 'Corinthians - SP', 'name': 'Jo', 'goals': '18'}}
2023-09-19 14:44:39 [scrapy] INFO: Closing spider (finished)
2023-09-19 14:44:39 [scrapy] INFO: Stored json feed (20 items) in: output.json
2023-09-19 14:44:39 [scrapy] INFO: Dumping Scrapy stats:
{'downloader/request_bytes': 280,
 'downloader/request_count': 1,
 'downloader/request_method_count/GET': 1,
 'downloader/response_bytes': 160799,
 'downloader/response_count': 1,
 'downloader/response_status_count/200': 1,
 'elapsed_time_seconds': 2.800257,
 'feedexport/success_count/FileFeedStorage': 1,
 'finish_reason': 'finished',
 'finish_time': datetime.datetime(2023, 9, 19, 17, 44, 39, 707519),
 'httpcompression/response_bytes': 1195407,
 'httpcompression/response_count': 1,
 'item_scraped_count': 20,
 'log_count/DEBUG': 21,
 'log_count/INFO': 8,
 'log_count/WARNING': 1,
 'memusage/max': 138895360,
 'memusage/startup': 138895360,
 'response_received_count': 1,
 'scheduler/dequeued': 1,
 'scheduler/dequeued/memory': 1,
 'scheduler/enqueued': 1,
 'scheduler/enqueued/memory': 1,
 'start_time': datetime.datetime(2023, 9, 19, 17, 44, 36, 907262)}
2023-09-19 14:44:39 [scrapy] INFO: Spider closed (finished)
