2023-10-14 18:44:56 [scrapy] DEBUG: Crawled (200) <GET https://www.cbf.com.br/futebol-brasileiro/competicoes/campeonato-brasileiro-serie-a/2015> (referer: None)
2023-10-14 18:44:57 [scrapy] DEBUG: Scraped from <200 https://www.cbf.com.br/futebol-brasileiro/competicoes/campeonato-brasileiro-serie-a/2015>
{'year': '2015', 'position': '1', 'team': 'Corinthians - SP', 'points': '81', 'games': '38', 'wins': '24', 'draws': '9', 'losses': '5', 'goals_for': '71', 'goals_against': '31', 'goal_difference': '40', 'percentage': '71', 'top_player_scorer': {'team': 'Santos - SP', 'name': 'Ricardo Oliveira', 'goals': '20'}}
2023-10-14 18:44:57 [scrapy] DEBUG: Scraped from <200 https://www.cbf.com.br/futebol-brasileiro/competicoes/campeonato-brasileiro-serie-a/2015>
{'year': '2015', 'position': '2', 'team': 'Atlético - MG', 'points': '69', 'games': '38', 'wins': '21', 'draws': '6', 'losses': '11', 'goals_for': '65', 'goals_against': '47', 'goal_difference': '18', 'percentage': '60', 'top_player_scorer': {'team': 'Santos - SP', 'name': 'Ricardo Oliveira', 'goals': '20'}}
2023-10-14 18:44:57 [scrapy] DEBUG: Scraped from <200 https://www.cbf.com.br/futebol-brasileiro/competicoes/campeonato-brasileiro-serie-a/2015>
{'year': '2015', 'position': '3', 'team': 'Grêmio - RS', 'points': '68', 'games': '38', 'wins': '20', 'draws': '8', 'losses': '10', 'goals_for': '52', 'goals_against': '32', 'goal_difference': '20', 'percentage': '59', 'top_player_scorer': {'team': 'Santos - SP', 'name': 'Ricardo Oliveira', 'goals': '20'}}
2023-10-14 18:44:57 [scrapy] DEBUG: Scraped from <200 https://www.cbf.com.br/futebol-brasileiro/competicoes/campeonato-brasileiro-serie-a/2015>
{'year': '2015', 'position': '4', 'team': 'São Paulo - SP', 'points': '62', 'games': '38', 'wins': '18', 'draws': '8', 'losses': '12', 'goals_for': '53', 'goals_against': '47', 'goal_difference': '6', 'percentage': '54', 'top_player_scorer': {'team': 'Santos - SP', 'name': 'Ricardo Oliveira', 'goals': '20'}}
2023-10-14 18:44:57 [scrapy] DEBUG: Scraped from <200 https://www.cbf.com.br/futebol-brasileiro/competicoes/campeonato-brasileiro-serie-a/2015>
{'year': '2015', 'position': '5', 'team': 'Internacional - RS', 'points': '60', 'games': '38', 'wins': '17', 'draws': '9', 'losses': '12', 'goals_for': '39', 'goals_against': '38', 'goal_difference': '1', 'percentage': '52', 'top_player_scorer': {'team': 'Santos - SP', 'name': 'Ricardo Oliveira', 'goals': '20'}}
2023-10-14 18:44:57 [scrapy] DEBUG: Scraped from <200 https://www.cbf.com.br/futebol-brasileiro/competicoes/campeonato-brasileiro-serie-a/2015>
{'year': '2015', 'position': '6', 'team': 'Sport - PE', 'points': '59', 'games': '38', 'wins': '15', 'draws': '14', 'losses': '9', 'goals_for': '53', 'goals_against': '38', 'goal_difference': '15', 'percentage': '51', 'top_player_scorer': {'team': 'Santos - SP', 'name': 'Ricardo Oliveira', 'goals': '20'}}
2023-10-14 18:44:57 [scrapy] DEBUG: Scraped from <200 https://www.cbf.com.br/futebol-brasileiro/competicoes/campeonato-brasileiro-serie-a/2015>
{'year': '2015', 'position': '7', 'team': 'Santos - SP', 'points': '58', 'games': '38', 'wins': '16', 'draws': '10', 'losses': '12', 'goals_for': '59', 'goals_against': '41', 'goal_difference': '18', 'percentage': '50', 'top_player_scorer': {'team': 'Santos - SP', 'name': 'Ricardo Oliveira', 'goals': '20'}}
2023-10-14 18:44:57 [scrapy] DEBUG: Scraped from <200 https://www.cbf.com.br/futebol-brasileiro/competicoes/campeonato-brasileiro-serie-a/2015>
{'year': '2015', 'position': '8', 'team': 'Cruzeiro - MG', 'points': '55', 'games': '38', 'wins': '15', 'draws': '10', 'losses': '13', 'goals_for': '44', 'goals_against': '35', 'goal_difference': '9', 'percentage': '48', 'top_player_scorer': {'team': 'Santos - SP', 'name': 'Ricardo Oliveira', 'goals': '20'}}
2023-10-14 18:44:57 [scrapy] DEBUG: Scraped from <200 https://www.cbf.com.br/futebol-brasileiro/competicoes/campeonato-brasileiro-serie-a/2015>
{'year': '2015', 'position': '9', 'team': 'Palmeiras - SP', 'points': '53', 'games': '38', 'wins': '15', 'draws': '8', 'losses': '15', 'goals_for': '60', 'goals_against': '51', 'goal_difference': '9', 'percentage': '46', 'top_player_scorer': {'team': 'Santos - SP', 'name': 'Ricardo Oliveira', 'goals': '20'}}
2023-10-14 18:44:57 [scrapy] DEBUG: Scraped from <200 https://www.cbf.com.br/futebol-brasileiro/competicoes/campeonato-brasileiro-serie-a/2015>
{'year': '2015', 'position': '10', 'team': 'Atlético - PR', 'points': '51', 'games': '38', 'wins': '14', 'draws': '9', 'losses': '15', 'goals_for': '43', 'goals_against': '48', 'goal_difference': '-5', 'percentage': '44', 'top_player_scorer': {'team': 'Santos - SP', 'name': 'Ricardo Oliveira', 'goals': '20'}}
2023-10-14 18:44:57 [scrapy] DEBUG: Scraped from <200 https://www.cbf.com.br/futebol-brasileiro/competicoes/campeonato-brasileiro-serie-a/2015>
{'year': '2015', 'position': '11', 'team': 'Ponte Preta - SP', 'points': '51', 'games': '38', 'wins': '13', 'draws': '12', 'losses': '13', 'goals_for': '41', 'goals_against': '40', 'goal_difference': '1', 'percentage': '44', 'top_player_scorer': {'team': 'Santos - SP', 'name': 'Ricardo Oliveira', 'goals': '20'}}
2023-10-14 18:44:57 [scrapy] DEBUG: Scraped from <200 https://www.cbf.com.br/futebol-brasileiro/competicoes/campeonato-brasileiro-serie-a/2015>
{'year': '2015', 'position': '12', 'team': 'Flamengo - RJ', 'points': '49', 'games': '38', 'wins': '15', 'draws': '4', 'losses': '19', 'goals_for': '45', 'goals_against': '53', 'goal_difference': '-8', 'percentage': '42', 'top_player_scorer': {'team': 'Santos - SP', 'name': 'Ricardo Oliveira', 'goals': '20'}}
2023-10-14 18:44:57 [scrapy] DEBUG: Scraped from <200 https://www.cbf.com.br/futebol-brasileiro/competicoes/campeonato-brasileiro-serie-a/2015>
{'year': '2015', 'position': '13', 'team': 'Fluminense - RJ', 'points': '47', 'games': '38', 'wins': '14', 'draws': '5', 'losses': '19', 'goals_for': '40', 'goals_against': '49', 'goal_difference': '-9', 'percentage': '41', 'top_player_scorer': {'team': 'Santos - SP', 'name': 'Ricardo Oliveira', 'goals': '20'}}
2023-10-14 18:44:57 [scrapy] DEBUG: Scraped from <200 https://www.cbf.com.br/futebol-brasileiro/competicoes/campeonato-brasileiro-serie-a/2015>
{'year': '2015', 'position': '14', 'team': 'Chapecoense - SC', 'points': '47', 'games': '38', 'wins': '12', 'draws': '11', 'losses': '15', 'goals_for': '34', 'goals_against': '44', 'goal_difference': '-10', 'percentage': '41', 'top_player_scorer': {'team': 'Santos - SP', 'name': 'Ricardo Oliveira', 'goals': '20'}}
2023-10-14 18:44:57 [scrapy] DEBUG: Scraped from <200 https://www.cbf.com.br/futebol-brasileiro/competicoes/campeonato-brasileiro-serie-a/2015>
{'year': '2015', 'position': '15', 'team': 'Coritiba - PR', 'points': '44', 'games': '38', 'wins': '11', 'draws': '11', 'losses': '16', 'goals_for': '31', 'goals_against': '42', 'goal_difference': '-11', 'percentage': '38', 'top_player_scorer': {'team': 'Santos - SP', 'name': 'Ricardo Oliveira', 'goals': '20'}}
2023-10-14 18:44:57 [scrapy] DEBUG: Scraped from <200 https://www.cbf.com.br/futebol-brasileiro/competicoes/campeonato-brasileiro-serie-a/2015>
{'year': '2015', 'position': '16', 'team': 'Figueirense - SC', 'points': '43', 'games': '38', 'wins': '11', 'draws': '10', 'losses': '17', 'goals_for': '36', 'goals_against': '50', 'goal_difference': '-14', 'percentage': '37', 'top_player_scorer': {'team': 'Santos - SP', 'name': 'Ricardo Oliveira', 'goals': '20'}}
2023-10-14 18:44:57 [scrapy] DEBUG: Scraped from <200 https://www.cbf.com.br/futebol-brasileiro/competicoes/campeonato-brasileiro-serie-a/2015>
{'year': '2015', 'position': '17', 'team': 'Avaí - SC', 'points': '42', 'games': '38', 'wins': '11', 'draws': '9', 'losses': '18', 'goals_for': '38', 'goals_against': '60', 'goal_difference': '-22', 'percentage': '36', 'top_player_scorer': {'team': 'Santos - SP', 'name': 'Ricardo Oliveira', 'goals': '20'}}
2023-10-14 18:44:57 [scrapy] DEBUG: Scraped from <200 https://www.cbf.com.br/futebol-brasileiro/competicoes/campeonato-brasileiro-serie-a/2015>
{'year': '2015', 'position': '18', 'team': 'Vasco da Gama - RJ', 'points': '41', 'games': '38', 'wins': '10', 'draws': '11', 'losses': '17', 'goals_for': '28', 'goals_against': '54', 'goal_difference': '-26', 'percentage': '35', 'top_player_scorer': {'team': 'Santos - SP', 'name': 'Ricardo Oliveira', 'goals': '20'}}
2023-10-14 18:44:57 [scrapy] DEBUG: Scraped from <200 https://www.cbf.com.br/futebol-brasileiro/competicoes/campeonato-brasileiro-serie-a/2015>
{'year': '2015', 'position': '19', 'team': 'Goiás - GO', 'points': '38', 'games': '38', 'wins': '10', 'draws': '8', 'losses': '20', 'goals_for': '39', 'goals_against': '49', 'goal_difference': '-10', 'percentage': '33', 'top_player_scorer': {'team': 'Santos - SP', 'name': 'Ricardo Oliveira', 'goals': '20'}}
2023-10-14 18:44:57 [scrapy] DEBUG: Scraped from <200 https://www.cbf.com.br/futebol-brasileiro/competicoes/campeonato-brasileiro-serie-a/2015>
{'year': '2015', 'position': '20', 'team': 'Joinville - SC', 'points': '31', 'games': '38', 'wins': '7', 'draws': '10', 'losses': '21', 'goals_for': '26', 'goals_against': '48', 'goal_difference': '-22', 'percentage': '27', 'top_player_scorer': {'team': 'Santos - SP', 'name': 'Ricardo Oliveira', 'goals': '20'}}
2023-10-14 18:44:57 [scrapy] INFO: Closing spider (finished)
2023-10-14 18:44:57 [scrapy] INFO: Stored json feed (20 items) in: output.json
2023-10-14 18:44:57 [scrapy] INFO: Dumping Scrapy stats:
{'downloader/request_bytes': 280,
 'downloader/request_count': 1,
 'downloader/request_method_count/GET': 1,
 'downloader/response_bytes': 153775,
 'downloader/response_count': 1,
 'downloader/response_status_count/200': 1,
 'elapsed_time_seconds': 5.150268,
 'feedexport/success_count/FileFeedStorage': 1,
 'finish_reason': 'finished',
 'finish_time': datetime.datetime(2023, 10, 14, 21, 44, 57, 296618),
 'httpcompression/response_bytes': 1192996,
 'httpcompression/response_count': 1,
 'item_scraped_count': 20,
 'log_count/DEBUG': 21,
 'log_count/INFO': 8,
 'log_count/WARNING': 1,
 'memusage/max': 195952640,
 'memusage/startup': 195952640,
 'response_received_count': 1,
 'scheduler/dequeued': 1,
 'scheduler/dequeued/memory': 1,
 'scheduler/enqueued': 1,
 'scheduler/enqueued/memory': 1,
 'start_time': datetime.datetime(2023, 10, 14, 21, 44, 52, 146350)}
2023-10-14 18:44:57 [scrapy] INFO: Spider closed (finished)
