2023-09-19 09:49:30 [scrapy] DEBUG: Crawled (200) <GET https://www.cbf.com.br/futebol-brasileiro/competicoes/campeonato-brasileiro-serie-a/2016> (referer: None)
2023-09-19 09:49:30 [scrapy] DEBUG: Scraped from <200 https://www.cbf.com.br/futebol-brasileiro/competicoes/campeonato-brasileiro-serie-a/2016>
{'year': '2016', 'position': '1', 'team': 'Palmeiras - SP', 'points': '80', 'games': '38', 'wins': '24', 'draws': '8', 'losses': '6', 'goals_for': '62', 'goals_against': '32', 'goal_difference': '30', 'percentage': '70', 'top_player_scorer': {'team': 'Sport - PE', 'name': 'Diego Souza', 'goals': '14'}}
2023-09-19 09:49:30 [scrapy] DEBUG: Scraped from <200 https://www.cbf.com.br/futebol-brasileiro/competicoes/campeonato-brasileiro-serie-a/2016>
{'year': '2016', 'position': '2', 'team': 'Santos - SP', 'points': '71', 'games': '38', 'wins': '22', 'draws': '5', 'losses': '11', 'goals_for': '59', 'goals_against': '35', 'goal_difference': '24', 'percentage': '62', 'top_player_scorer': {'team': 'Sport - PE', 'name': 'Diego Souza', 'goals': '14'}}
2023-09-19 09:49:30 [scrapy] DEBUG: Scraped from <200 https://www.cbf.com.br/futebol-brasileiro/competicoes/campeonato-brasileiro-serie-a/2016>
{'year': '2016', 'position': '3', 'team': 'Flamengo - RJ', 'points': '71', 'games': '38', 'wins': '20', 'draws': '11', 'losses': '7', 'goals_for': '52', 'goals_against': '35', 'goal_difference': '17', 'percentage': '62', 'top_player_scorer': {'team': 'Sport - PE', 'name': 'Diego Souza', 'goals': '14'}}
2023-09-19 09:49:30 [scrapy] DEBUG: Scraped from <200 https://www.cbf.com.br/futebol-brasileiro/competicoes/campeonato-brasileiro-serie-a/2016>
{'year': '2016', 'position': '4', 'team': 'Atlético - MG', 'points': '62', 'games': '38', 'wins': '17', 'draws': '11', 'losses': '10', 'goals_for': '61', 'goals_against': '53', 'goal_difference': '8', 'percentage': '55', 'top_player_scorer': {'team': 'Sport - PE', 'name': 'Diego Souza', 'goals': '14'}}
2023-09-19 09:49:30 [scrapy] DEBUG: Scraped from <200 https://www.cbf.com.br/futebol-brasileiro/competicoes/campeonato-brasileiro-serie-a/2016>
{'year': '2016', 'position': '5', 'team': 'Botafogo - RJ', 'points': '59', 'games': '38', 'wins': '17', 'draws': '8', 'losses': '13', 'goals_for': '43', 'goals_against': '39', 'goal_difference': '4', 'percentage': '51', 'top_player_scorer': {'team': 'Sport - PE', 'name': 'Diego Souza', 'goals': '14'}}
2023-09-19 09:49:30 [scrapy] DEBUG: Scraped from <200 https://www.cbf.com.br/futebol-brasileiro/competicoes/campeonato-brasileiro-serie-a/2016>
{'year': '2016', 'position': '6', 'team': 'Atlético - PR', 'points': '57', 'games': '38', 'wins': '17', 'draws': '6', 'losses': '15', 'goals_for': '38', 'goals_against': '32', 'goal_difference': '6', 'percentage': '50', 'top_player_scorer': {'team': 'Sport - PE', 'name': 'Diego Souza', 'goals': '14'}}
2023-09-19 09:49:30 [scrapy] DEBUG: Scraped from <200 https://www.cbf.com.br/futebol-brasileiro/competicoes/campeonato-brasileiro-serie-a/2016>
{'year': '2016', 'position': '7', 'team': 'Corinthians - SP', 'points': '55', 'games': '38', 'wins': '15', 'draws': '10', 'losses': '13', 'goals_for': '48', 'goals_against': '42', 'goal_difference': '6', 'percentage': '48', 'top_player_scorer': {'team': 'Sport - PE', 'name': 'Diego Souza', 'goals': '14'}}
2023-09-19 09:49:30 [scrapy] DEBUG: Scraped from <200 https://www.cbf.com.br/futebol-brasileiro/competicoes/campeonato-brasileiro-serie-a/2016>
{'year': '2016', 'position': '8', 'team': 'Ponte Preta - SP', 'points': '53', 'games': '38', 'wins': '15', 'draws': '8', 'losses': '15', 'goals_for': '48', 'goals_against': '52', 'goal_difference': '-4', 'percentage': '46', 'top_player_scorer': {'team': 'Sport - PE', 'name': 'Diego Souza', 'goals': '14'}}
2023-09-19 09:49:30 [scrapy] DEBUG: Scraped from <200 https://www.cbf.com.br/futebol-brasileiro/competicoes/campeonato-brasileiro-serie-a/2016>
{'year': '2016', 'position': '9', 'team': 'Grêmio - RS', 'points': '53', 'games': '38', 'wins': '14', 'draws': '11', 'losses': '13', 'goals_for': '41', 'goals_against': '44', 'goal_difference': '-3', 'percentage': '46', 'top_player_scorer': {'team': 'Sport - PE', 'name': 'Diego Souza', 'goals': '14'}}
2023-09-19 09:49:30 [scrapy] DEBUG: Scraped from <200 https://www.cbf.com.br/futebol-brasileiro/competicoes/campeonato-brasileiro-serie-a/2016>
{'year': '2016', 'position': '10', 'team': 'São Paulo - SP', 'points': '52', 'games': '38', 'wins': '14', 'draws': '10', 'losses': '14', 'goals_for': '44', 'goals_against': '36', 'goal_difference': '8', 'percentage': '45', 'top_player_scorer': {'team': 'Sport - PE', 'name': 'Diego Souza', 'goals': '14'}}
2023-09-19 09:49:31 [scrapy] DEBUG: Scraped from <200 https://www.cbf.com.br/futebol-brasileiro/competicoes/campeonato-brasileiro-serie-a/2016>
{'year': '2016', 'position': '11', 'team': 'Chapecoense - SC', 'points': '52', 'games': '38', 'wins': '13', 'draws': '13', 'losses': '12', 'goals_for': '49', 'goals_against': '56', 'goal_difference': '-7', 'percentage': '46', 'top_player_scorer': {'team': 'Sport - PE', 'name': 'Diego Souza', 'goals': '14'}}
2023-09-19 09:49:31 [scrapy] DEBUG: Scraped from <200 https://www.cbf.com.br/futebol-brasileiro/competicoes/campeonato-brasileiro-serie-a/2016>
{'year': '2016', 'position': '12', 'team': 'Cruzeiro - MG', 'points': '51', 'games': '38', 'wins': '14', 'draws': '9', 'losses': '15', 'goals_for': '48', 'goals_against': '49', 'goal_difference': '-1', 'percentage': '44', 'top_player_scorer': {'team': 'Sport - PE', 'name': 'Diego Souza', 'goals': '14'}}
2023-09-19 09:49:31 [scrapy] DEBUG: Scraped from <200 https://www.cbf.com.br/futebol-brasileiro/competicoes/campeonato-brasileiro-serie-a/2016>
{'year': '2016', 'position': '13', 'team': 'Fluminense - RJ', 'points': '50', 'games': '38', 'wins': '13', 'draws': '11', 'losses': '14', 'goals_for': '45', 'goals_against': '45', 'goal_difference': '0', 'percentage': '43', 'top_player_scorer': {'team': 'Sport - PE', 'name': 'Diego Souza', 'goals': '14'}}
2023-09-19 09:49:31 [scrapy] DEBUG: Scraped from <200 https://www.cbf.com.br/futebol-brasileiro/competicoes/campeonato-brasileiro-serie-a/2016>
{'year': '2016', 'position': '14', 'team': 'Sport - PE', 'points': '47', 'games': '38', 'wins': '13', 'draws': '8', 'losses': '17', 'goals_for': '49', 'goals_against': '55', 'goal_difference': '-6', 'percentage': '41', 'top_player_scorer': {'team': 'Sport - PE', 'name': 'Diego Souza', 'goals': '14'}}
2023-09-19 09:49:31 [scrapy] DEBUG: Scraped from <200 https://www.cbf.com.br/futebol-brasileiro/competicoes/campeonato-brasileiro-serie-a/2016>
{'year': '2016', 'position': '15', 'team': 'Coritiba - PR', 'points': '46', 'games': '38', 'wins': '11', 'draws': '13', 'losses': '14', 'goals_for': '41', 'goals_against': '42', 'goal_difference': '-1', 'percentage': '40', 'top_player_scorer': {'team': 'Sport - PE', 'name': 'Diego Souza', 'goals': '14'}}
2023-09-19 09:49:31 [scrapy] DEBUG: Scraped from <200 https://www.cbf.com.br/futebol-brasileiro/competicoes/campeonato-brasileiro-serie-a/2016>
{'year': '2016', 'position': '16', 'team': 'Vitória - BA', 'points': '45', 'games': '38', 'wins': '12', 'draws': '9', 'losses': '17', 'goals_for': '51', 'goals_against': '53', 'goal_difference': '-2', 'percentage': '39', 'top_player_scorer': {'team': 'Sport - PE', 'name': 'Diego Souza', 'goals': '14'}}
2023-09-19 09:49:31 [scrapy] DEBUG: Scraped from <200 https://www.cbf.com.br/futebol-brasileiro/competicoes/campeonato-brasileiro-serie-a/2016>
{'year': '2016', 'position': '17', 'team': 'Internacional - RS', 'points': '43', 'games': '38', 'wins': '11', 'draws': '10', 'losses': '17', 'goals_for': '35', 'goals_against': '41', 'goal_difference': '-6', 'percentage': '37', 'top_player_scorer': {'team': 'Sport - PE', 'name': 'Diego Souza', 'goals': '14'}}
2023-09-19 09:49:31 [scrapy] DEBUG: Scraped from <200 https://www.cbf.com.br/futebol-brasileiro/competicoes/campeonato-brasileiro-serie-a/2016>
{'year': '2016', 'position': '18', 'team': 'Figueirense - SC', 'points': '37', 'games': '38', 'wins': '8', 'draws': '13', 'losses': '17', 'goals_for': '30', 'goals_against': '50', 'goal_difference': '-20', 'percentage': '32', 'top_player_scorer': {'team': 'Sport - PE', 'name': 'Diego Souza', 'goals': '14'}}
2023-09-19 09:49:31 [scrapy] DEBUG: Scraped from <200 https://www.cbf.com.br/futebol-brasileiro/competicoes/campeonato-brasileiro-serie-a/2016>
{'year': '2016', 'position': '19', 'team': 'Santa Cruz - PE', 'points': '31', 'games': '38', 'wins': '8', 'draws': '7', 'losses': '23', 'goals_for': '45', 'goals_against': '69', 'goal_difference': '-24', 'percentage': '27', 'top_player_scorer': {'team': 'Sport - PE', 'name': 'Diego Souza', 'goals': '14'}}
2023-09-19 09:49:31 [scrapy] DEBUG: Scraped from <200 https://www.cbf.com.br/futebol-brasileiro/competicoes/campeonato-brasileiro-serie-a/2016>
{'year': '2016', 'position': '20', 'team': 'América - MG', 'points': '28', 'games': '38', 'wins': '7', 'draws': '7', 'losses': '24', 'goals_for': '23', 'goals_against': '58', 'goal_difference': '-35', 'percentage': '24', 'top_player_scorer': {'team': 'Sport - PE', 'name': 'Diego Souza', 'goals': '14'}}
2023-09-19 09:49:31 [scrapy] INFO: Closing spider (finished)
2023-09-19 09:49:31 [scrapy] INFO: Stored json feed (20 items) in: output.json
2023-09-19 09:49:31 [scrapy] INFO: Dumping Scrapy stats:
{'downloader/request_bytes': 280,
 'downloader/request_count': 1,
 'downloader/request_method_count/GET': 1,
 'downloader/response_bytes': 162659,
 'downloader/response_count': 1,
 'downloader/response_status_count/200': 1,
 'elapsed_time_seconds': 4.902953,
 'feedexport/success_count/FileFeedStorage': 1,
 'finish_reason': 'finished',
 'finish_time': datetime.datetime(2023, 9, 19, 12, 49, 31, 98641),
 'httpcompression/response_bytes': 1203688,
 'httpcompression/response_count': 1,
 'item_scraped_count': 20,
 'log_count/DEBUG': 21,
 'log_count/INFO': 8,
 'log_count/WARNING': 1,
 'memusage/max': 139014144,
 'memusage/startup': 139014144,
 'response_received_count': 1,
 'scheduler/dequeued': 1,
 'scheduler/dequeued/memory': 1,
 'scheduler/enqueued': 1,
 'scheduler/enqueued/memory': 1,
 'start_time': datetime.datetime(2023, 9, 19, 12, 49, 26, 195688)}
2023-09-19 09:49:31 [scrapy] INFO: Spider closed (finished)
