2023-10-14 15:20:15 [scrapy] DEBUG: Crawled (200) <GET https://www.cbf.com.br/futebol-brasileiro/competicoes/campeonato-brasileiro-serie-a/2018> (referer: None)
2023-10-14 15:20:15 [scrapy] DEBUG: Scraped from <200 https://www.cbf.com.br/futebol-brasileiro/competicoes/campeonato-brasileiro-serie-a/2018>
{'year': '2018', 'position': '1', 'team': 'Palmeiras - SP', 'points': '80', 'games': '38', 'wins': '23', 'draws': '11', 'losses': '4', 'goals_for': '64', 'goals_against': '26', 'goal_difference': '38', 'percentage': '70', 'top_player_scorer': {'team': 'Santos - SP', 'name': 'Gabriel B.', 'goals': '18'}}
2023-10-14 15:20:15 [scrapy] DEBUG: Scraped from <200 https://www.cbf.com.br/futebol-brasileiro/competicoes/campeonato-brasileiro-serie-a/2018>
{'year': '2018', 'position': '2', 'team': 'Flamengo - RJ', 'points': '72', 'games': '38', 'wins': '21', 'draws': '9', 'losses': '8', 'goals_for': '59', 'goals_against': '29', 'goal_difference': '30', 'percentage': '63', 'top_player_scorer': {'team': 'Santos - SP', 'name': 'Gabriel B.', 'goals': '18'}}
2023-10-14 15:20:15 [scrapy] DEBUG: Scraped from <200 https://www.cbf.com.br/futebol-brasileiro/competicoes/campeonato-brasileiro-serie-a/2018>
{'year': '2018', 'position': '3', 'team': 'Internacional - RS', 'points': '69', 'games': '38', 'wins': '19', 'draws': '12', 'losses': '7', 'goals_for': '51', 'goals_against': '29', 'goal_difference': '22', 'percentage': '60', 'top_player_scorer': {'team': 'Santos - SP', 'name': 'Gabriel B.', 'goals': '18'}}
2023-10-14 15:20:15 [scrapy] DEBUG: Scraped from <200 https://www.cbf.com.br/futebol-brasileiro/competicoes/campeonato-brasileiro-serie-a/2018>
{'year': '2018', 'position': '4', 'team': 'Grêmio - RS', 'points': '66', 'games': '38', 'wins': '18', 'draws': '12', 'losses': '8', 'goals_for': '48', 'goals_against': '27', 'goal_difference': '21', 'percentage': '57', 'top_player_scorer': {'team': 'Santos - SP', 'name': 'Gabriel B.', 'goals': '18'}}
2023-10-14 15:20:15 [scrapy] DEBUG: Scraped from <200 https://www.cbf.com.br/futebol-brasileiro/competicoes/campeonato-brasileiro-serie-a/2018>
{'year': '2018', 'position': '5', 'team': 'São Paulo - SP', 'points': '63', 'games': '38', 'wins': '16', 'draws': '15', 'losses': '7', 'goals_for': '46', 'goals_against': '34', 'goal_difference': '12', 'percentage': '55', 'top_player_scorer': {'team': 'Santos - SP', 'name': 'Gabriel B.', 'goals': '18'}}
2023-10-14 15:20:15 [scrapy] DEBUG: Scraped from <200 https://www.cbf.com.br/futebol-brasileiro/competicoes/campeonato-brasileiro-serie-a/2018>
{'year': '2018', 'position': '6', 'team': 'Atlético - MG', 'points': '59', 'games': '38', 'wins': '17', 'draws': '8', 'losses': '13', 'goals_for': '56', 'goals_against': '43', 'goal_difference': '13', 'percentage': '51', 'top_player_scorer': {'team': 'Santos - SP', 'name': 'Gabriel B.', 'goals': '18'}}
2023-10-14 15:20:15 [scrapy] DEBUG: Scraped from <200 https://www.cbf.com.br/futebol-brasileiro/competicoes/campeonato-brasileiro-serie-a/2018>
{'year': '2018', 'position': '7', 'team': 'Athletico Paranaense - PR', 'points': '57', 'games': '38', 'wins': '16', 'draws': '9', 'losses': '13', 'goals_for': '54', 'goals_against': '37', 'goal_difference': '17', 'percentage': '50', 'top_player_scorer': {'team': 'Santos - SP', 'name': 'Gabriel B.', 'goals': '18'}}
2023-10-14 15:20:15 [scrapy] DEBUG: Scraped from <200 https://www.cbf.com.br/futebol-brasileiro/competicoes/campeonato-brasileiro-serie-a/2018>
{'year': '2018', 'position': '8', 'team': 'Cruzeiro - MG', 'points': '53', 'games': '38', 'wins': '14', 'draws': '11', 'losses': '13', 'goals_for': '34', 'goals_against': '34', 'goal_difference': '0', 'percentage': '46', 'top_player_scorer': {'team': 'Santos - SP', 'name': 'Gabriel B.', 'goals': '18'}}
2023-10-14 15:20:15 [scrapy] DEBUG: Scraped from <200 https://www.cbf.com.br/futebol-brasileiro/competicoes/campeonato-brasileiro-serie-a/2018>
{'year': '2018', 'position': '9', 'team': 'Botafogo - RJ', 'points': '51', 'games': '38', 'wins': '13', 'draws': '12', 'losses': '13', 'goals_for': '38', 'goals_against': '46', 'goal_difference': '-8', 'percentage': '44', 'top_player_scorer': {'team': 'Santos - SP', 'name': 'Gabriel B.', 'goals': '18'}}
2023-10-14 15:20:15 [scrapy] DEBUG: Scraped from <200 https://www.cbf.com.br/futebol-brasileiro/competicoes/campeonato-brasileiro-serie-a/2018>
{'year': '2018', 'position': '10', 'team': 'Santos - SP', 'points': '50', 'games': '38', 'wins': '13', 'draws': '11', 'losses': '14', 'goals_for': '46', 'goals_against': '40', 'goal_difference': '6', 'percentage': '43', 'top_player_scorer': {'team': 'Santos - SP', 'name': 'Gabriel B.', 'goals': '18'}}
2023-10-14 15:20:15 [scrapy] DEBUG: Scraped from <200 https://www.cbf.com.br/futebol-brasileiro/competicoes/campeonato-brasileiro-serie-a/2018>
{'year': '2018', 'position': '11', 'team': 'Bahia - BA', 'points': '48', 'games': '38', 'wins': '12', 'draws': '12', 'losses': '14', 'goals_for': '39', 'goals_against': '41', 'goal_difference': '-2', 'percentage': '42', 'top_player_scorer': {'team': 'Santos - SP', 'name': 'Gabriel B.', 'goals': '18'}}
2023-10-14 15:20:15 [scrapy] DEBUG: Scraped from <200 https://www.cbf.com.br/futebol-brasileiro/competicoes/campeonato-brasileiro-serie-a/2018>
{'year': '2018', 'position': '12', 'team': 'Fluminense - RJ', 'points': '45', 'games': '38', 'wins': '12', 'draws': '9', 'losses': '17', 'goals_for': '32', 'goals_against': '46', 'goal_difference': '-14', 'percentage': '39', 'top_player_scorer': {'team': 'Santos - SP', 'name': 'Gabriel B.', 'goals': '18'}}
2023-10-14 15:20:15 [scrapy] DEBUG: Scraped from <200 https://www.cbf.com.br/futebol-brasileiro/competicoes/campeonato-brasileiro-serie-a/2018>
{'year': '2018', 'position': '13', 'team': 'Corinthians - SP', 'points': '44', 'games': '38', 'wins': '11', 'draws': '11', 'losses': '16', 'goals_for': '34', 'goals_against': '35', 'goal_difference': '-1', 'percentage': '38', 'top_player_scorer': {'team': 'Santos - SP', 'name': 'Gabriel B.', 'goals': '18'}}
2023-10-14 15:20:15 [scrapy] DEBUG: Scraped from <200 https://www.cbf.com.br/futebol-brasileiro/competicoes/campeonato-brasileiro-serie-a/2018>
{'year': '2018', 'position': '14', 'team': 'Chapecoense - SC', 'points': '44', 'games': '38', 'wins': '11', 'draws': '11', 'losses': '16', 'goals_for': '34', 'goals_against': '50', 'goal_difference': '-16', 'percentage': '38', 'top_player_scorer': {'team': 'Santos - SP', 'name': 'Gabriel B.', 'goals': '18'}}
2023-10-14 15:20:15 [scrapy] DEBUG: Scraped from <200 https://www.cbf.com.br/futebol-brasileiro/competicoes/campeonato-brasileiro-serie-a/2018>
{'year': '2018', 'position': '15', 'team': 'Ceará - CE', 'points': '44', 'games': '38', 'wins': '10', 'draws': '14', 'losses': '14', 'goals_for': '32', 'goals_against': '38', 'goal_difference': '-6', 'percentage': '38', 'top_player_scorer': {'team': 'Santos - SP', 'name': 'Gabriel B.', 'goals': '18'}}
2023-10-14 15:20:15 [scrapy] DEBUG: Scraped from <200 https://www.cbf.com.br/futebol-brasileiro/competicoes/campeonato-brasileiro-serie-a/2018>
{'year': '2018', 'position': '16', 'team': 'Vasco da Gama - RJ', 'points': '43', 'games': '38', 'wins': '10', 'draws': '13', 'losses': '15', 'goals_for': '41', 'goals_against': '48', 'goal_difference': '-7', 'percentage': '37', 'top_player_scorer': {'team': 'Santos - SP', 'name': 'Gabriel B.', 'goals': '18'}}
2023-10-14 15:20:15 [scrapy] DEBUG: Scraped from <200 https://www.cbf.com.br/futebol-brasileiro/competicoes/campeonato-brasileiro-serie-a/2018>
{'year': '2018', 'position': '17', 'team': 'America Fc - MG', 'points': '40', 'games': '38', 'wins': '10', 'draws': '10', 'losses': '18', 'goals_for': '30', 'goals_against': '47', 'goal_difference': '-17', 'percentage': '35', 'top_player_scorer': {'team': 'Santos - SP', 'name': 'Gabriel B.', 'goals': '18'}}
2023-10-14 15:20:15 [scrapy] DEBUG: Scraped from <200 https://www.cbf.com.br/futebol-brasileiro/competicoes/campeonato-brasileiro-serie-a/2018>
{'year': '2018', 'position': '18', 'team': 'Sport - PE', 'points': '39', 'games': '38', 'wins': '11', 'draws': '9', 'losses': '18', 'goals_for': '35', 'goals_against': '57', 'goal_difference': '-22', 'percentage': '34', 'top_player_scorer': {'team': 'Santos - SP', 'name': 'Gabriel B.', 'goals': '18'}}
2023-10-14 15:20:15 [scrapy] DEBUG: Scraped from <200 https://www.cbf.com.br/futebol-brasileiro/competicoes/campeonato-brasileiro-serie-a/2018>
{'year': '2018', 'position': '19', 'team': 'Vitória - BA', 'points': '37', 'games': '38', 'wins': '9', 'draws': '10', 'losses': '19', 'goals_for': '36', 'goals_against': '63', 'goal_difference': '-27', 'percentage': '32', 'top_player_scorer': {'team': 'Santos - SP', 'name': 'Gabriel B.', 'goals': '18'}}
2023-10-14 15:20:15 [scrapy] DEBUG: Scraped from <200 https://www.cbf.com.br/futebol-brasileiro/competicoes/campeonato-brasileiro-serie-a/2018>
{'year': '2018', 'position': '20', 'team': 'Paraná - PR', 'points': '23', 'games': '38', 'wins': '4', 'draws': '11', 'losses': '23', 'goals_for': '18', 'goals_against': '57', 'goal_difference': '-39', 'percentage': '20', 'top_player_scorer': {'team': 'Santos - SP', 'name': 'Gabriel B.', 'goals': '18'}}
2023-10-14 15:20:15 [scrapy] INFO: Closing spider (finished)
2023-10-14 15:20:15 [scrapy] INFO: Stored json feed (20 items) in: output.json
2023-10-14 15:20:15 [scrapy] INFO: Dumping Scrapy stats:
{'downloader/request_bytes': 280,
 'downloader/request_count': 1,
 'downloader/request_method_count/GET': 1,
 'downloader/response_bytes': 213124,
 'downloader/response_count': 1,
 'downloader/response_status_count/200': 1,
 'elapsed_time_seconds': 6.873656,
 'feedexport/success_count/FileFeedStorage': 1,
 'finish_reason': 'finished',
 'finish_time': datetime.datetime(2023, 10, 14, 18, 20, 15, 407169),
 'httpcompression/response_bytes': 1580886,
 'httpcompression/response_count': 1,
 'item_scraped_count': 20,
 'log_count/DEBUG': 21,
 'log_count/INFO': 8,
 'log_count/WARNING': 1,
 'memusage/max': 185602048,
 'memusage/startup': 185602048,
 'response_received_count': 1,
 'scheduler/dequeued': 1,
 'scheduler/dequeued/memory': 1,
 'scheduler/enqueued': 1,
 'scheduler/enqueued/memory': 1,
 'start_time': datetime.datetime(2023, 10, 14, 18, 20, 8, 533513)}
2023-10-14 15:20:15 [scrapy] INFO: Spider closed (finished)
