2023-10-14 14:37:43 [scrapy] DEBUG: Crawled (200) <GET https://www.cbf.com.br/futebol-brasileiro/competicoes/campeonato-brasileiro-serie-b/2012> (referer: None)
2023-10-14 14:37:43 [scrapy] DEBUG: Scraped from <200 https://www.cbf.com.br/futebol-brasileiro/competicoes/campeonato-brasileiro-serie-b/2012>
{'year': '2012', 'position': '1', 'team': 'Goiás - GO', 'points': '78', 'games': '38', 'wins': '23', 'draws': '9', 'losses': '6', 'goals_for': '75', 'goals_against': '37', 'goal_difference': '38', 'percentage': '68', 'top_player_scorer': {'team': 'Criciuma - SC', 'name': 'ZE CARLOS', 'goals': '27'}}
2023-10-14 14:37:43 [scrapy] DEBUG: Scraped from <200 https://www.cbf.com.br/futebol-brasileiro/competicoes/campeonato-brasileiro-serie-b/2012>
{'year': '2012', 'position': '2', 'team': 'Criciuma - SC', 'points': '73', 'games': '38', 'wins': '22', 'draws': '7', 'losses': '9', 'goals_for': '78', 'goals_against': '57', 'goal_difference': '21', 'percentage': '64', 'top_player_scorer': {'team': 'Criciuma - SC', 'name': 'ZE CARLOS', 'goals': '27'}}
2023-10-14 14:37:43 [scrapy] DEBUG: Scraped from <200 https://www.cbf.com.br/futebol-brasileiro/competicoes/campeonato-brasileiro-serie-b/2012>
{'year': '2012', 'position': '3', 'team': 'Atlético - PR', 'points': '71', 'games': '38', 'wins': '21', 'draws': '8', 'losses': '9', 'goals_for': '65', 'goals_against': '37', 'goal_difference': '28', 'percentage': '62', 'top_player_scorer': {'team': 'Criciuma - SC', 'name': 'ZE CARLOS', 'goals': '27'}}
2023-10-14 14:37:43 [scrapy] DEBUG: Scraped from <200 https://www.cbf.com.br/futebol-brasileiro/competicoes/campeonato-brasileiro-serie-b/2012>
{'year': '2012', 'position': '4', 'team': 'Vitória - BA', 'points': '71', 'games': '38', 'wins': '21', 'draws': '8', 'losses': '9', 'goals_for': '59', 'goals_against': '43', 'goal_difference': '16', 'percentage': '62', 'top_player_scorer': {'team': 'Criciuma - SC', 'name': 'ZE CARLOS', 'goals': '27'}}
2023-10-14 14:37:43 [scrapy] DEBUG: Scraped from <200 https://www.cbf.com.br/futebol-brasileiro/competicoes/campeonato-brasileiro-serie-b/2012>
{'year': '2012', 'position': '5', 'team': 'São Caetano - SP', 'points': '71', 'games': '38', 'wins': '20', 'draws': '11', 'losses': '7', 'goals_for': '58', 'goals_against': '38', 'goal_difference': '20', 'percentage': '62', 'top_player_scorer': {'team': 'Criciuma - SC', 'name': 'ZE CARLOS', 'goals': '27'}}
2023-10-14 14:37:43 [scrapy] DEBUG: Scraped from <200 https://www.cbf.com.br/futebol-brasileiro/competicoes/campeonato-brasileiro-serie-b/2012>
{'year': '2012', 'position': '6', 'team': 'Joinville - SC', 'points': '60', 'games': '38', 'wins': '17', 'draws': '9', 'losses': '12', 'goals_for': '58', 'goals_against': '40', 'goal_difference': '18', 'percentage': '52', 'top_player_scorer': {'team': 'Criciuma - SC', 'name': 'ZE CARLOS', 'goals': '27'}}
2023-10-14 14:37:43 [scrapy] DEBUG: Scraped from <200 https://www.cbf.com.br/futebol-brasileiro/competicoes/campeonato-brasileiro-serie-b/2012>
{'year': '2012', 'position': '7', 'team': 'Avaí - SC', 'points': '59', 'games': '38', 'wins': '18', 'draws': '5', 'losses': '15', 'goals_for': '44', 'goals_against': '42', 'goal_difference': '2', 'percentage': '51', 'top_player_scorer': {'team': 'Criciuma - SC', 'name': 'ZE CARLOS', 'goals': '27'}}
2023-10-14 14:37:43 [scrapy] DEBUG: Scraped from <200 https://www.cbf.com.br/futebol-brasileiro/competicoes/campeonato-brasileiro-serie-b/2012>
{'year': '2012', 'position': '8', 'team': 'América - MG', 'points': '55', 'games': '38', 'wins': '16', 'draws': '7', 'losses': '15', 'goals_for': '63', 'goals_against': '58', 'goal_difference': '5', 'percentage': '48', 'top_player_scorer': {'team': 'Criciuma - SC', 'name': 'ZE CARLOS', 'goals': '27'}}
2023-10-14 14:37:43 [scrapy] DEBUG: Scraped from <200 https://www.cbf.com.br/futebol-brasileiro/competicoes/campeonato-brasileiro-serie-b/2012>
{'year': '2012', 'position': '9', 'team': 'América - RN', 'points': '54', 'games': '38', 'wins': '14', 'draws': '12', 'losses': '12', 'goals_for': '60', 'goals_against': '61', 'goal_difference': '-1', 'percentage': '47', 'top_player_scorer': {'team': 'Criciuma - SC', 'name': 'ZE CARLOS', 'goals': '27'}}
2023-10-14 14:37:43 [scrapy] DEBUG: Scraped from <200 https://www.cbf.com.br/futebol-brasileiro/competicoes/campeonato-brasileiro-serie-b/2012>
{'year': '2012', 'position': '10', 'team': 'Paraná - PR', 'points': '52', 'games': '38', 'wins': '14', 'draws': '10', 'losses': '14', 'goals_for': '50', 'goals_against': '47', 'goal_difference': '3', 'percentage': '45', 'top_player_scorer': {'team': 'Criciuma - SC', 'name': 'ZE CARLOS', 'goals': '27'}}
2023-10-14 14:37:43 [scrapy] DEBUG: Scraped from <200 https://www.cbf.com.br/futebol-brasileiro/competicoes/campeonato-brasileiro-serie-b/2012>
{'year': '2012', 'position': '11', 'team': 'Ceará - CE', 'points': '47', 'games': '38', 'wins': '12', 'draws': '11', 'losses': '15', 'goals_for': '51', 'goals_against': '52', 'goal_difference': '-1', 'percentage': '41', 'top_player_scorer': {'team': 'Criciuma - SC', 'name': 'ZE CARLOS', 'goals': '27'}}
2023-10-14 14:37:43 [scrapy] DEBUG: Scraped from <200 https://www.cbf.com.br/futebol-brasileiro/competicoes/campeonato-brasileiro-serie-b/2012>
{'year': '2012', 'position': '12', 'team': 'A.b.c. - RN', 'points': '45', 'games': '38', 'wins': '11', 'draws': '12', 'losses': '15', 'goals_for': '50', 'goals_against': '52', 'goal_difference': '-2', 'percentage': '39', 'top_player_scorer': {'team': 'Criciuma - SC', 'name': 'ZE CARLOS', 'goals': '27'}}
2023-10-14 14:37:43 [scrapy] DEBUG: Scraped from <200 https://www.cbf.com.br/futebol-brasileiro/competicoes/campeonato-brasileiro-serie-b/2012>
{'year': '2012', 'position': '13', 'team': 'A.s.a. - AL', 'points': '44', 'games': '38', 'wins': '13', 'draws': '5', 'losses': '20', 'goals_for': '48', 'goals_against': '56', 'goal_difference': '-8', 'percentage': '38', 'top_player_scorer': {'team': 'Criciuma - SC', 'name': 'ZE CARLOS', 'goals': '27'}}
2023-10-14 14:37:43 [scrapy] DEBUG: Scraped from <200 https://www.cbf.com.br/futebol-brasileiro/competicoes/campeonato-brasileiro-serie-b/2012>
{'year': '2012', 'position': '14', 'team': 'Bragantino - SP', 'points': '44', 'games': '38', 'wins': '12', 'draws': '8', 'losses': '18', 'goals_for': '45', 'goals_against': '53', 'goal_difference': '-8', 'percentage': '38', 'top_player_scorer': {'team': 'Criciuma - SC', 'name': 'ZE CARLOS', 'goals': '27'}}
2023-10-14 14:37:43 [scrapy] DEBUG: Scraped from <200 https://www.cbf.com.br/futebol-brasileiro/competicoes/campeonato-brasileiro-serie-b/2012>
{'year': '2012', 'position': '15', 'team': 'Boa - MG', 'points': '44', 'games': '38', 'wins': '11', 'draws': '11', 'losses': '16', 'goals_for': '51', 'goals_against': '63', 'goal_difference': '-12', 'percentage': '38', 'top_player_scorer': {'team': 'Criciuma - SC', 'name': 'ZE CARLOS', 'goals': '27'}}
2023-10-14 14:37:44 [scrapy] DEBUG: Scraped from <200 https://www.cbf.com.br/futebol-brasileiro/competicoes/campeonato-brasileiro-serie-b/2012>
{'year': '2012', 'position': '16', 'team': 'Guaratinguetá - SP', 'points': '43', 'games': '38', 'wins': '13', 'draws': '4', 'losses': '21', 'goals_for': '41', 'goals_against': '63', 'goal_difference': '-22', 'percentage': '37', 'top_player_scorer': {'team': 'Criciuma - SC', 'name': 'ZE CARLOS', 'goals': '27'}}
2023-10-14 14:37:44 [scrapy] DEBUG: Scraped from <200 https://www.cbf.com.br/futebol-brasileiro/competicoes/campeonato-brasileiro-serie-b/2012>
{'year': '2012', 'position': '17', 'team': 'C.r.b. - AL', 'points': '42', 'games': '38', 'wins': '12', 'draws': '6', 'losses': '20', 'goals_for': '47', 'goals_against': '67', 'goal_difference': '-20', 'percentage': '36', 'top_player_scorer': {'team': 'Criciuma - SC', 'name': 'ZE CARLOS', 'goals': '27'}}
2023-10-14 14:37:44 [scrapy] DEBUG: Scraped from <200 https://www.cbf.com.br/futebol-brasileiro/competicoes/campeonato-brasileiro-serie-b/2012>
{'year': '2012', 'position': '18', 'team': 'Guarani - SP', 'points': '41', 'games': '38', 'wins': '10', 'draws': '11', 'losses': '17', 'goals_for': '36', 'goals_against': '47', 'goal_difference': '-11', 'percentage': '36', 'top_player_scorer': {'team': 'Criciuma - SC', 'name': 'ZE CARLOS', 'goals': '27'}}
2023-10-14 14:37:44 [scrapy] DEBUG: Scraped from <200 https://www.cbf.com.br/futebol-brasileiro/competicoes/campeonato-brasileiro-serie-b/2012>
{'year': '2012', 'position': '19', 'team': 'Betim - MG', 'points': '31', 'games': '38', 'wins': '8', 'draws': '7', 'losses': '23', 'goals_for': '38', 'goals_against': '73', 'goal_difference': '-35', 'percentage': '27', 'top_player_scorer': {'team': 'Criciuma - SC', 'name': 'ZE CARLOS', 'goals': '27'}}
2023-10-14 14:37:44 [scrapy] DEBUG: Scraped from <200 https://www.cbf.com.br/futebol-brasileiro/competicoes/campeonato-brasileiro-serie-b/2012>
{'year': '2012', 'position': '20', 'team': 'Grêmio Barueri - SP', 'points': '30', 'games': '38', 'wins': '7', 'draws': '9', 'losses': '22', 'goals_for': '38', 'goals_against': '69', 'goal_difference': '-31', 'percentage': '26', 'top_player_scorer': {'team': 'Criciuma - SC', 'name': 'ZE CARLOS', 'goals': '27'}}
2023-10-14 14:37:44 [scrapy] INFO: Closing spider (finished)
2023-10-14 14:37:44 [scrapy] INFO: Stored json feed (20 items) in: output.json
2023-10-14 14:37:44 [scrapy] INFO: Dumping Scrapy stats:
{'downloader/request_bytes': 280,
 'downloader/request_count': 1,
 'downloader/request_method_count/GET': 1,
 'downloader/response_bytes': 163791,
 'downloader/response_count': 1,
 'downloader/response_status_count/200': 1,
 'elapsed_time_seconds': 5.352677,
 'feedexport/success_count/FileFeedStorage': 1,
 'finish_reason': 'finished',
 'finish_time': datetime.datetime(2023, 10, 14, 17, 37, 44, 50378),
 'httpcompression/response_bytes': 1226244,
 'httpcompression/response_count': 1,
 'item_scraped_count': 20,
 'log_count/DEBUG': 21,
 'log_count/INFO': 8,
 'log_count/WARNING': 1,
 'memusage/max': 180633600,
 'memusage/startup': 180633600,
 'response_received_count': 1,
 'scheduler/dequeued': 1,
 'scheduler/dequeued/memory': 1,
 'scheduler/enqueued': 1,
 'scheduler/enqueued/memory': 1,
 'start_time': datetime.datetime(2023, 10, 14, 17, 37, 38, 697701)}
2023-10-14 14:37:44 [scrapy] INFO: Spider closed (finished)
