2023-09-11 07:32:36 [scrapy] DEBUG: Crawled (200) <GET https://www.cbf.com.br/robots.txt> (referer: None)
2023-09-11 07:32:41 [scrapy] DEBUG: Crawled (200) <GET https://www.cbf.com.br/futebol-brasileiro/competicoes/campeonato-brasileiro-serie-a/2017> (referer: None)
2023-09-11 07:32:41 [scrapy] INFO: Closing spider (finished)
2023-09-11 07:32:41 [scrapy] INFO: Dumping Scrapy stats:
{'downloader/request_bytes': 754,
 'downloader/request_count': 2,
 'downloader/request_method_count/GET': 2,
 'downloader/response_bytes': 160962,
 'downloader/response_count': 2,
 'downloader/response_status_count/200': 2,
 'elapsed_time_seconds': 5.669623,
 'finish_reason': 'finished',
 'finish_time': datetime.datetime(2023, 9, 11, 10, 32, 41, 289151),
 'httpcompression/response_bytes': 1195518,
 'httpcompression/response_count': 1,
 'log_count/DEBUG': 2,
 'log_count/INFO': 7,
 'memusage/max': 175648768,
 'memusage/startup': 175648768,
 'response_received_count': 2,
 'robotstxt/request_count': 1,
 'robotstxt/response_count': 1,
 'robotstxt/response_status_count/200': 1,
 'scheduler/dequeued': 1,
 'scheduler/dequeued/memory': 1,
 'scheduler/enqueued': 1,
 'scheduler/enqueued/memory': 1,
 'start_time': datetime.datetime(2023, 9, 11, 10, 32, 35, 619528)}
2023-09-11 07:32:41 [scrapy] INFO: Spider closed (finished)
