2023-09-22 14:52:41 [scrapy] DEBUG: Crawled (200) <GET https://www.cbf.com.br/futebol-brasileiro/competicoes/campeonato-brasileiro-serie-b/2023> (referer: None)
2023-09-22 14:52:41 [scrapy] DEBUG: Scraped from <200 https://www.cbf.com.br/futebol-brasileiro/competicoes/campeonato-brasileiro-serie-b/2023>
{'year': '2023', 'position': '1', 'team': 'Vitória - BA', 'points': '52', 'games': '28', 'wins': '16', 'draws': '4', 'losses': '8', 'goals_for': '39', 'goals_against': '25', 'goal_difference': '14', 'percentage': '61', 'top_player_scorer': {'team': 'Atlético - GO', 'name': 'Gustavo Coutinho', 'goals': '12'}}
2023-09-22 14:52:41 [scrapy] DEBUG: Scraped from <200 https://www.cbf.com.br/futebol-brasileiro/competicoes/campeonato-brasileiro-serie-b/2023>
{'year': '2023', 'position': '2', 'team': 'Guarani - SP', 'points': '50', 'games': '28', 'wins': '14', 'draws': '8', 'losses': '6', 'goals_for': '36', 'goals_against': '20', 'goal_difference': '16', 'percentage': '59', 'top_player_scorer': {'team': 'Atlético - GO', 'name': 'Gustavo Coutinho', 'goals': '12'}}
2023-09-22 14:52:41 [scrapy] DEBUG: Scraped from <200 https://www.cbf.com.br/futebol-brasileiro/competicoes/campeonato-brasileiro-serie-b/2023>
{'year': '2023', 'position': '3', 'team': 'Sport - PE', 'points': '50', 'games': '28', 'wins': '14', 'draws': '8', 'losses': '6', 'goals_for': '40', 'goals_against': '26', 'goal_difference': '14', 'percentage': '59', 'top_player_scorer': {'team': 'Atlético - GO', 'name': 'Gustavo Coutinho', 'goals': '12'}}
2023-09-22 14:52:41 [scrapy] DEBUG: Scraped from <200 https://www.cbf.com.br/futebol-brasileiro/competicoes/campeonato-brasileiro-serie-b/2023>
{'year': '2023', 'position': '4', 'team': 'Novorizontino - SP', 'points': '48', 'games': '28', 'wins': '15', 'draws': '3', 'losses': '10', 'goals_for': '36', 'goals_against': '20', 'goal_difference': '16', 'percentage': '57', 'top_player_scorer': {'team': 'Atlético - GO', 'name': 'Gustavo Coutinho', 'goals': '12'}}
2023-09-22 14:52:41 [scrapy] DEBUG: Scraped from <200 https://www.cbf.com.br/futebol-brasileiro/competicoes/campeonato-brasileiro-serie-b/2023>
{'year': '2023', 'position': '5', 'team': 'Criciúma - SC', 'points': '48', 'games': '28', 'wins': '14', 'draws': '6', 'losses': '8', 'goals_for': '33', 'goals_against': '24', 'goal_difference': '9', 'percentage': '57', 'top_player_scorer': {'team': 'Atlético - GO', 'name': 'Gustavo Coutinho', 'goals': '12'}}
2023-09-22 14:52:41 [scrapy] DEBUG: Scraped from <200 https://www.cbf.com.br/futebol-brasileiro/competicoes/campeonato-brasileiro-serie-b/2023>
{'year': '2023', 'position': '6', 'team': 'Juventude - RS', 'points': '47', 'games': '28', 'wins': '14', 'draws': '5', 'losses': '9', 'goals_for': '29', 'goals_against': '24', 'goal_difference': '5', 'percentage': '55', 'top_player_scorer': {'team': 'Atlético - GO', 'name': 'Gustavo Coutinho', 'goals': '12'}}
2023-09-22 14:52:41 [scrapy] DEBUG: Scraped from <200 https://www.cbf.com.br/futebol-brasileiro/competicoes/campeonato-brasileiro-serie-b/2023>
{'year': '2023', 'position': '7', 'team': 'Vila Nova - GO', 'points': '46', 'games': '29', 'wins': '13', 'draws': '7', 'losses': '9', 'goals_for': '32', 'goals_against': '19', 'goal_difference': '13', 'percentage': '52', 'top_player_scorer': {'team': 'Atlético - GO', 'name': 'Gustavo Coutinho', 'goals': '12'}}
2023-09-22 14:52:41 [scrapy] DEBUG: Scraped from <200 https://www.cbf.com.br/futebol-brasileiro/competicoes/campeonato-brasileiro-serie-b/2023>
{'year': '2023', 'position': '8', 'team': 'Atlético - GO', 'points': '44', 'games': '28', 'wins': '11', 'draws': '11', 'losses': '6', 'goals_for': '39', 'goals_against': '35', 'goal_difference': '4', 'percentage': '52', 'top_player_scorer': {'team': 'Atlético - GO', 'name': 'Gustavo Coutinho', 'goals': '12'}}
2023-09-22 14:52:41 [scrapy] DEBUG: Scraped from <200 https://www.cbf.com.br/futebol-brasileiro/competicoes/campeonato-brasileiro-serie-b/2023>
{'year': '2023', 'position': '9', 'team': 'Crb - AL', 'points': '42', 'games': '28', 'wins': '12', 'draws': '6', 'losses': '10', 'goals_for': '35', 'goals_against': '30', 'goal_difference': '5', 'percentage': '50', 'top_player_scorer': {'team': 'Atlético - GO', 'name': 'Gustavo Coutinho', 'goals': '12'}}
2023-09-22 14:52:41 [scrapy] DEBUG: Scraped from <200 https://www.cbf.com.br/futebol-brasileiro/competicoes/campeonato-brasileiro-serie-b/2023>
{'year': '2023', 'position': '10', 'team': 'Ceará - CE', 'points': '41', 'games': '28', 'wins': '11', 'draws': '8', 'losses': '9', 'goals_for': '31', 'goals_against': '31', 'goal_difference': '0', 'percentage': '48', 'top_player_scorer': {'team': 'Atlético - GO', 'name': 'Gustavo Coutinho', 'goals': '12'}}
2023-09-22 14:52:41 [scrapy] DEBUG: Scraped from <200 https://www.cbf.com.br/futebol-brasileiro/competicoes/campeonato-brasileiro-serie-b/2023>
{'year': '2023', 'position': '11', 'team': 'Mirassol - SP', 'points': '40', 'games': '28', 'wins': '11', 'draws': '7', 'losses': '10', 'goals_for': '27', 'goals_against': '26', 'goal_difference': '1', 'percentage': '47', 'top_player_scorer': {'team': 'Atlético - GO', 'name': 'Gustavo Coutinho', 'goals': '12'}}
2023-09-22 14:52:41 [scrapy] DEBUG: Scraped from <200 https://www.cbf.com.br/futebol-brasileiro/competicoes/campeonato-brasileiro-serie-b/2023>
{'year': '2023', 'position': '12', 'team': 'Botafogo - SP', 'points': '38', 'games': '28', 'wins': '10', 'draws': '8', 'losses': '10', 'goals_for': '18', 'goals_against': '29', 'goal_difference': '-11', 'percentage': '45', 'top_player_scorer': {'team': 'Atlético - GO', 'name': 'Gustavo Coutinho', 'goals': '12'}}
2023-09-22 14:52:41 [scrapy] DEBUG: Scraped from <200 https://www.cbf.com.br/futebol-brasileiro/competicoes/campeonato-brasileiro-serie-b/2023>
{'year': '2023', 'position': '13', 'team': 'Sampaio Corrêa - MA', 'points': '34', 'games': '29', 'wins': '7', 'draws': '13', 'losses': '9', 'goals_for': '23', 'goals_against': '29', 'goal_difference': '-6', 'percentage': '39', 'top_player_scorer': {'team': 'Atlético - GO', 'name': 'Gustavo Coutinho', 'goals': '12'}}
2023-09-22 14:52:41 [scrapy] DEBUG: Scraped from <200 https://www.cbf.com.br/futebol-brasileiro/competicoes/campeonato-brasileiro-serie-b/2023>
{'year': '2023', 'position': '14', 'team': 'Ituano - SP', 'points': '33', 'games': '28', 'wins': '8', 'draws': '9', 'losses': '11', 'goals_for': '29', 'goals_against': '31', 'goal_difference': '-2', 'percentage': '39', 'top_player_scorer': {'team': 'Atlético - GO', 'name': 'Gustavo Coutinho', 'goals': '12'}}
2023-09-22 14:52:41 [scrapy] DEBUG: Scraped from <200 https://www.cbf.com.br/futebol-brasileiro/competicoes/campeonato-brasileiro-serie-b/2023>
{'year': '2023', 'position': '15', 'team': 'Ponte Preta - SP', 'points': '33', 'games': '28', 'wins': '7', 'draws': '12', 'losses': '9', 'goals_for': '17', 'goals_against': '22', 'goal_difference': '-5', 'percentage': '39', 'top_player_scorer': {'team': 'Atlético - GO', 'name': 'Gustavo Coutinho', 'goals': '12'}}
2023-09-22 14:52:41 [scrapy] DEBUG: Scraped from <200 https://www.cbf.com.br/futebol-brasileiro/competicoes/campeonato-brasileiro-serie-b/2023>
{'year': '2023', 'position': '16', 'team': 'Avaí - SC', 'points': '30', 'games': '28', 'wins': '7', 'draws': '9', 'losses': '12', 'goals_for': '23', 'goals_against': '37', 'goal_difference': '-14', 'percentage': '35', 'top_player_scorer': {'team': 'Atlético - GO', 'name': 'Gustavo Coutinho', 'goals': '12'}}
2023-09-22 14:52:41 [scrapy] DEBUG: Scraped from <200 https://www.cbf.com.br/futebol-brasileiro/competicoes/campeonato-brasileiro-serie-b/2023>
{'year': '2023', 'position': '17', 'team': 'Chapecoense - SC', 'points': '27', 'games': '28', 'wins': '6', 'draws': '9', 'losses': '13', 'goals_for': '26', 'goals_against': '33', 'goal_difference': '-7', 'percentage': '32', 'top_player_scorer': {'team': 'Atlético - GO', 'name': 'Gustavo Coutinho', 'goals': '12'}}
2023-09-22 14:52:41 [scrapy] DEBUG: Scraped from <200 https://www.cbf.com.br/futebol-brasileiro/competicoes/campeonato-brasileiro-serie-b/2023>
{'year': '2023', 'position': '18', 'team': 'Tombense - MG', 'points': '25', 'games': '28', 'wins': '6', 'draws': '7', 'losses': '15', 'goals_for': '30', 'goals_against': '41', 'goal_difference': '-11', 'percentage': '29', 'top_player_scorer': {'team': 'Atlético - GO', 'name': 'Gustavo Coutinho', 'goals': '12'}}
2023-09-22 14:52:41 [scrapy] DEBUG: Scraped from <200 https://www.cbf.com.br/futebol-brasileiro/competicoes/campeonato-brasileiro-serie-b/2023>
{'year': '2023', 'position': '19', 'team': 'Londrina - PR', 'points': '21', 'games': '28', 'wins': '5', 'draws': '6', 'losses': '17', 'goals_for': '24', 'goals_against': '43', 'goal_difference': '-19', 'percentage': '25', 'top_player_scorer': {'team': 'Atlético - GO', 'name': 'Gustavo Coutinho', 'goals': '12'}}
2023-09-22 14:52:41 [scrapy] DEBUG: Scraped from <200 https://www.cbf.com.br/futebol-brasileiro/competicoes/campeonato-brasileiro-serie-b/2023>
{'year': '2023', 'position': '20', 'team': 'Abc - RN', 'points': '16', 'games': '28', 'wins': '2', 'draws': '10', 'losses': '16', 'goals_for': '16', 'goals_against': '38', 'goal_difference': '-22', 'percentage': '19', 'top_player_scorer': {'team': 'Atlético - GO', 'name': 'Gustavo Coutinho', 'goals': '12'}}
2023-09-22 14:52:41 [scrapy] INFO: Closing spider (finished)
2023-09-22 14:52:41 [scrapy] INFO: Stored json feed (20 items) in: output.json
2023-09-22 14:52:41 [scrapy] INFO: Dumping Scrapy stats:
{'downloader/request_bytes': 280,
 'downloader/request_count': 1,
 'downloader/request_method_count/GET': 1,
 'downloader/response_bytes': 198970,
 'downloader/response_count': 1,
 'downloader/response_status_count/200': 1,
 'elapsed_time_seconds': 3.94087,
 'feedexport/success_count/FileFeedStorage': 1,
 'finish_reason': 'finished',
 'finish_time': datetime.datetime(2023, 9, 22, 17, 52, 41, 326412),
 'httpcompression/response_bytes': 1484759,
 'httpcompression/response_count': 1,
 'item_scraped_count': 20,
 'log_count/DEBUG': 21,
 'log_count/INFO': 8,
 'log_count/WARNING': 1,
 'memusage/max': 196386816,
 'memusage/startup': 196386816,
 'response_received_count': 1,
 'scheduler/dequeued': 1,
 'scheduler/dequeued/memory': 1,
 'scheduler/enqueued': 1,
 'scheduler/enqueued/memory': 1,
 'start_time': datetime.datetime(2023, 9, 22, 17, 52, 37, 385542)}
2023-09-22 14:52:41 [scrapy] INFO: Spider closed (finished)
