2023-09-11 08:07:41 [scrapy] DEBUG: Crawled (200) <GET https://www.cbf.com.br/robots.txt> (referer: None)
2023-09-11 08:07:44 [scrapy] DEBUG: Crawled (200) <GET https://www.cbf.com.br/futebol-brasileiro/competicoes/campeonato-brasileiro-serie-a/2016> (referer: None)
2023-09-11 08:07:44 [scrapy] INFO: Closing spider (finished)
2023-09-11 08:07:44 [scrapy] INFO: Dumping Scrapy stats:
{'downloader/request_bytes': 754,
 'downloader/request_count': 2,
 'downloader/request_method_count/GET': 2,
 'downloader/response_bytes': 162929,
 'downloader/response_count': 2,
 'downloader/response_status_count/200': 2,
 'elapsed_time_seconds': 3.618456,
 'finish_reason': 'finished',
 'finish_time': datetime.datetime(2023, 9, 11, 11, 7, 44, 217661),
 'httpcompression/response_bytes': 1203799,
 'httpcompression/response_count': 1,
 'log_count/DEBUG': 2,
 'log_count/INFO': 7,
 'memusage/max': 115712000,
 'memusage/startup': 115712000,
 'response_received_count': 2,
 'robotstxt/request_count': 1,
 'robotstxt/response_count': 1,
 'robotstxt/response_status_count/200': 1,
 'scheduler/dequeued': 1,
 'scheduler/dequeued/memory': 1,
 'scheduler/enqueued': 1,
 'scheduler/enqueued/memory': 1,
 'start_time': datetime.datetime(2023, 9, 11, 11, 7, 40, 599205)}
2023-09-11 08:07:44 [scrapy] INFO: Spider closed (finished)
