2023-09-22 14:57:11 [scrapy] DEBUG: Crawled (200) <GET https://www.cbf.com.br/futebol-brasileiro/competicoes/campeonato-brasileiro-serie-b/2016> (referer: None)
2023-09-22 14:57:11 [scrapy] DEBUG: Scraped from <200 https://www.cbf.com.br/futebol-brasileiro/competicoes/campeonato-brasileiro-serie-b/2016>
{'year': '2016', 'position': '1', 'team': 'Atlético - GO', 'points': '76', 'games': '38', 'wins': '22', 'draws': '10', 'losses': '6', 'goals_for': '60', 'goals_against': '35', 'goal_difference': '25', 'percentage': '66', 'top_player_scorer': {'team': 'Ceará - CE', 'name': 'Bil', 'goals': '15'}}
2023-09-22 14:57:11 [scrapy] DEBUG: Scraped from <200 https://www.cbf.com.br/futebol-brasileiro/competicoes/campeonato-brasileiro-serie-b/2016>
{'year': '2016', 'position': '2', 'team': 'Avaí - SC', 'points': '66', 'games': '38', 'wins': '19', 'draws': '9', 'losses': '10', 'goals_for': '45', 'goals_against': '34', 'goal_difference': '11', 'percentage': '57', 'top_player_scorer': {'team': 'Ceará - CE', 'name': 'Bil', 'goals': '15'}}
2023-09-22 14:57:11 [scrapy] DEBUG: Scraped from <200 https://www.cbf.com.br/futebol-brasileiro/competicoes/campeonato-brasileiro-serie-b/2016>
{'year': '2016', 'position': '3', 'team': 'Vasco da Gama - RJ', 'points': '65', 'games': '38', 'wins': '19', 'draws': '8', 'losses': '11', 'goals_for': '54', 'goals_against': '41', 'goal_difference': '13', 'percentage': '57', 'top_player_scorer': {'team': 'Ceará - CE', 'name': 'Bil', 'goals': '15'}}
2023-09-22 14:57:11 [scrapy] DEBUG: Scraped from <200 https://www.cbf.com.br/futebol-brasileiro/competicoes/campeonato-brasileiro-serie-b/2016>
{'year': '2016', 'position': '4', 'team': 'Bahia - BA', 'points': '63', 'games': '38', 'wins': '18', 'draws': '9', 'losses': '11', 'goals_for': '57', 'goals_against': '34', 'goal_difference': '23', 'percentage': '55', 'top_player_scorer': {'team': 'Ceará - CE', 'name': 'Bil', 'goals': '15'}}
2023-09-22 14:57:11 [scrapy] DEBUG: Scraped from <200 https://www.cbf.com.br/futebol-brasileiro/competicoes/campeonato-brasileiro-serie-b/2016>
{'year': '2016', 'position': '5', 'team': 'Náutico - PE', 'points': '60', 'games': '38', 'wins': '18', 'draws': '6', 'losses': '14', 'goals_for': '55', 'goals_against': '43', 'goal_difference': '12', 'percentage': '52', 'top_player_scorer': {'team': 'Ceará - CE', 'name': 'Bil', 'goals': '15'}}
2023-09-22 14:57:11 [scrapy] DEBUG: Scraped from <200 https://www.cbf.com.br/futebol-brasileiro/competicoes/campeonato-brasileiro-serie-b/2016>
{'year': '2016', 'position': '6', 'team': 'Londrina - PR', 'points': '60', 'games': '38', 'wins': '16', 'draws': '12', 'losses': '10', 'goals_for': '40', 'goals_against': '29', 'goal_difference': '11', 'percentage': '52', 'top_player_scorer': {'team': 'Ceará - CE', 'name': 'Bil', 'goals': '15'}}
2023-09-22 14:57:11 [scrapy] DEBUG: Scraped from <200 https://www.cbf.com.br/futebol-brasileiro/competicoes/campeonato-brasileiro-serie-b/2016>
{'year': '2016', 'position': '7', 'team': 'Crb - AL', 'points': '58', 'games': '38', 'wins': '17', 'draws': '7', 'losses': '14', 'goals_for': '57', 'goals_against': '54', 'goal_difference': '3', 'percentage': '50', 'top_player_scorer': {'team': 'Ceará - CE', 'name': 'Bil', 'goals': '15'}}
2023-09-22 14:57:11 [scrapy] DEBUG: Scraped from <200 https://www.cbf.com.br/futebol-brasileiro/competicoes/campeonato-brasileiro-serie-b/2016>
{'year': '2016', 'position': '8', 'team': 'Criciúma - SC', 'points': '56', 'games': '38', 'wins': '16', 'draws': '8', 'losses': '14', 'goals_for': '49', 'goals_against': '46', 'goal_difference': '3', 'percentage': '49', 'top_player_scorer': {'team': 'Ceará - CE', 'name': 'Bil', 'goals': '15'}}
2023-09-22 14:57:11 [scrapy] DEBUG: Scraped from <200 https://www.cbf.com.br/futebol-brasileiro/competicoes/campeonato-brasileiro-serie-b/2016>
{'year': '2016', 'position': '9', 'team': 'Luverdense - MT', 'points': '55', 'games': '38', 'wins': '13', 'draws': '16', 'losses': '9', 'goals_for': '43', 'goals_against': '39', 'goal_difference': '4', 'percentage': '48', 'top_player_scorer': {'team': 'Ceará - CE', 'name': 'Bil', 'goals': '15'}}
2023-09-22 14:57:11 [scrapy] DEBUG: Scraped from <200 https://www.cbf.com.br/futebol-brasileiro/competicoes/campeonato-brasileiro-serie-b/2016>
{'year': '2016', 'position': '10', 'team': 'Ceará - CE', 'points': '54', 'games': '38', 'wins': '14', 'draws': '12', 'losses': '12', 'goals_for': '49', 'goals_against': '47', 'goal_difference': '2', 'percentage': '47', 'top_player_scorer': {'team': 'Ceará - CE', 'name': 'Bil', 'goals': '15'}}
2023-09-22 14:57:11 [scrapy] DEBUG: Scraped from <200 https://www.cbf.com.br/futebol-brasileiro/competicoes/campeonato-brasileiro-serie-b/2016>
{'year': '2016', 'position': '11', 'team': 'Brasil - RS', 'points': '54', 'games': '38', 'wins': '14', 'draws': '12', 'losses': '12', 'goals_for': '40', 'goals_against': '38', 'goal_difference': '2', 'percentage': '47', 'top_player_scorer': {'team': 'Ceará - CE', 'name': 'Bil', 'goals': '15'}}
2023-09-22 14:57:11 [scrapy] DEBUG: Scraped from <200 https://www.cbf.com.br/futebol-brasileiro/competicoes/campeonato-brasileiro-serie-b/2016>
{'year': '2016', 'position': '12', 'team': 'Vila Nova - GO', 'points': '53', 'games': '38', 'wins': '15', 'draws': '8', 'losses': '15', 'goals_for': '54', 'goals_against': '52', 'goal_difference': '2', 'percentage': '46', 'top_player_scorer': {'team': 'Ceará - CE', 'name': 'Bil', 'goals': '15'}}
2023-09-22 14:57:11 [scrapy] DEBUG: Scraped from <200 https://www.cbf.com.br/futebol-brasileiro/competicoes/campeonato-brasileiro-serie-b/2016>
{'year': '2016', 'position': '13', 'team': 'Goiás - GO', 'points': '50', 'games': '38', 'wins': '13', 'draws': '11', 'losses': '14', 'goals_for': '49', 'goals_against': '48', 'goal_difference': '1', 'percentage': '43', 'top_player_scorer': {'team': 'Ceará - CE', 'name': 'Bil', 'goals': '15'}}
2023-09-22 14:57:11 [scrapy] DEBUG: Scraped from <200 https://www.cbf.com.br/futebol-brasileiro/competicoes/campeonato-brasileiro-serie-b/2016>
{'year': '2016', 'position': '14', 'team': 'Paysandu - PA', 'points': '49', 'games': '38', 'wins': '11', 'draws': '16', 'losses': '11', 'goals_for': '40', 'goals_against': '44', 'goal_difference': '-4', 'percentage': '42', 'top_player_scorer': {'team': 'Ceará - CE', 'name': 'Bil', 'goals': '15'}}
2023-09-22 14:57:11 [scrapy] DEBUG: Scraped from <200 https://www.cbf.com.br/futebol-brasileiro/competicoes/campeonato-brasileiro-serie-b/2016>
{'year': '2016', 'position': '15', 'team': 'Paraná - PR', 'points': '41', 'games': '38', 'wins': '10', 'draws': '11', 'losses': '17', 'goals_for': '39', 'goals_against': '55', 'goal_difference': '-16', 'percentage': '35', 'top_player_scorer': {'team': 'Ceará - CE', 'name': 'Bil', 'goals': '15'}}
2023-09-22 14:57:11 [scrapy] DEBUG: Scraped from <200 https://www.cbf.com.br/futebol-brasileiro/competicoes/campeonato-brasileiro-serie-b/2016>
{'year': '2016', 'position': '16', 'team': 'Oeste - SP', 'points': '41', 'games': '38', 'wins': '8', 'draws': '17', 'losses': '13', 'goals_for': '32', 'goals_against': '46', 'goal_difference': '-14', 'percentage': '35', 'top_player_scorer': {'team': 'Ceará - CE', 'name': 'Bil', 'goals': '15'}}
2023-09-22 14:57:11 [scrapy] DEBUG: Scraped from <200 https://www.cbf.com.br/futebol-brasileiro/competicoes/campeonato-brasileiro-serie-b/2016>
{'year': '2016', 'position': '17', 'team': 'Joinville - SC', 'points': '40', 'games': '38', 'wins': '9', 'draws': '13', 'losses': '16', 'goals_for': '32', 'goals_against': '42', 'goal_difference': '-10', 'percentage': '35', 'top_player_scorer': {'team': 'Ceará - CE', 'name': 'Bil', 'goals': '15'}}
2023-09-22 14:57:11 [scrapy] DEBUG: Scraped from <200 https://www.cbf.com.br/futebol-brasileiro/competicoes/campeonato-brasileiro-serie-b/2016>
{'year': '2016', 'position': '18', 'team': 'Tupi - MG', 'points': '33', 'games': '38', 'wins': '8', 'draws': '9', 'losses': '21', 'goals_for': '40', 'goals_against': '56', 'goal_difference': '-16', 'percentage': '28', 'top_player_scorer': {'team': 'Ceará - CE', 'name': 'Bil', 'goals': '15'}}
2023-09-22 14:57:11 [scrapy] DEBUG: Scraped from <200 https://www.cbf.com.br/futebol-brasileiro/competicoes/campeonato-brasileiro-serie-b/2016>
{'year': '2016', 'position': '19', 'team': 'Bragantino - SP', 'points': '32', 'games': '38', 'wins': '8', 'draws': '8', 'losses': '22', 'goals_for': '30', 'goals_against': '54', 'goal_difference': '-24', 'percentage': '28', 'top_player_scorer': {'team': 'Ceará - CE', 'name': 'Bil', 'goals': '15'}}
2023-09-22 14:57:11 [scrapy] DEBUG: Scraped from <200 https://www.cbf.com.br/futebol-brasileiro/competicoes/campeonato-brasileiro-serie-b/2016>
{'year': '2016', 'position': '20', 'team': 'Sampaio Correa - MA', 'points': '27', 'games': '38', 'wins': '5', 'draws': '12', 'losses': '21', 'goals_for': '29', 'goals_against': '57', 'goal_difference': '-28', 'percentage': '23', 'top_player_scorer': {'team': 'Ceará - CE', 'name': 'Bil', 'goals': '15'}}
2023-09-22 14:57:11 [scrapy] INFO: Closing spider (finished)
2023-09-22 14:57:11 [scrapy] INFO: Stored json feed (20 items) in: output.json
2023-09-22 14:57:11 [scrapy] INFO: Dumping Scrapy stats:
{'downloader/request_bytes': 280,
 'downloader/request_count': 1,
 'downloader/request_method_count/GET': 1,
 'downloader/response_bytes': 153641,
 'downloader/response_count': 1,
 'downloader/response_status_count/200': 1,
 'elapsed_time_seconds': 4.150727,
 'feedexport/success_count/FileFeedStorage': 1,
 'finish_reason': 'finished',
 'finish_time': datetime.datetime(2023, 9, 22, 17, 57, 11, 725782),
 'httpcompression/response_bytes': 1195130,
 'httpcompression/response_count': 1,
 'item_scraped_count': 20,
 'log_count/DEBUG': 21,
 'log_count/INFO': 8,
 'log_count/WARNING': 1,
 'memusage/max': 197853184,
 'memusage/startup': 197853184,
 'response_received_count': 1,
 'scheduler/dequeued': 1,
 'scheduler/dequeued/memory': 1,
 'scheduler/enqueued': 1,
 'scheduler/enqueued/memory': 1,
 'start_time': datetime.datetime(2023, 9, 22, 17, 57, 7, 575055)}
2023-09-22 14:57:11 [scrapy] INFO: Spider closed (finished)
