2023-09-22 14:52:28 [scrapy] DEBUG: Crawled (200) <GET https://www.cbf.com.br/futebol-brasileiro/competicoes/campeonato-brasileiro-serie-b/2020> (referer: None)
2023-09-22 14:52:28 [scrapy] DEBUG: Scraped from <200 https://www.cbf.com.br/futebol-brasileiro/competicoes/campeonato-brasileiro-serie-b/2020>
{'year': '2020', 'position': '1', 'team': 'Chapecoense - SC', 'points': '73', 'games': '38', 'wins': '20', 'draws': '13', 'losses': '5', 'goals_for': '42', 'goals_against': '21', 'goal_difference': '21', 'percentage': '64', 'top_player_scorer': {'team': 'Sampaio Correa - MA', 'name': 'Caio', 'goals': '17'}}
2023-09-22 14:52:28 [scrapy] DEBUG: Scraped from <200 https://www.cbf.com.br/futebol-brasileiro/competicoes/campeonato-brasileiro-serie-b/2020>
{'year': '2020', 'position': '2', 'team': 'America - MG', 'points': '73', 'games': '38', 'wins': '20', 'draws': '13', 'losses': '5', 'goals_for': '43', 'goals_against': '23', 'goal_difference': '20', 'percentage': '64', 'top_player_scorer': {'team': 'Sampaio Correa - MA', 'name': 'Caio', 'goals': '17'}}
2023-09-22 14:52:28 [scrapy] DEBUG: Scraped from <200 https://www.cbf.com.br/futebol-brasileiro/competicoes/campeonato-brasileiro-serie-b/2020>
{'year': '2020', 'position': '3', 'team': 'Juventude - RS', 'points': '61', 'games': '38', 'wins': '17', 'draws': '10', 'losses': '11', 'goals_for': '52', 'goals_against': '42', 'goal_difference': '10', 'percentage': '53', 'top_player_scorer': {'team': 'Sampaio Correa - MA', 'name': 'Caio', 'goals': '17'}}
2023-09-22 14:52:28 [scrapy] DEBUG: Scraped from <200 https://www.cbf.com.br/futebol-brasileiro/competicoes/campeonato-brasileiro-serie-b/2020>
{'year': '2020', 'position': '4', 'team': 'Cuiabá - MT', 'points': '61', 'games': '38', 'wins': '17', 'draws': '10', 'losses': '11', 'goals_for': '48', 'goals_against': '40', 'goal_difference': '8', 'percentage': '53', 'top_player_scorer': {'team': 'Sampaio Correa - MA', 'name': 'Caio', 'goals': '17'}}
2023-09-22 14:52:28 [scrapy] DEBUG: Scraped from <200 https://www.cbf.com.br/futebol-brasileiro/competicoes/campeonato-brasileiro-serie-b/2020>
{'year': '2020', 'position': '5', 'team': 'Csa - AL', 'points': '58', 'games': '38', 'wins': '16', 'draws': '10', 'losses': '12', 'goals_for': '50', 'goals_against': '37', 'goal_difference': '13', 'percentage': '50', 'top_player_scorer': {'team': 'Sampaio Correa - MA', 'name': 'Caio', 'goals': '17'}}
2023-09-22 14:52:28 [scrapy] DEBUG: Scraped from <200 https://www.cbf.com.br/futebol-brasileiro/competicoes/campeonato-brasileiro-serie-b/2020>
{'year': '2020', 'position': '6', 'team': 'Sampaio Correa - MA', 'points': '57', 'games': '38', 'wins': '17', 'draws': '6', 'losses': '15', 'goals_for': '50', 'goals_against': '38', 'goal_difference': '12', 'percentage': '50', 'top_player_scorer': {'team': 'Sampaio Correa - MA', 'name': 'Caio', 'goals': '17'}}
2023-09-22 14:52:28 [scrapy] DEBUG: Scraped from <200 https://www.cbf.com.br/futebol-brasileiro/competicoes/campeonato-brasileiro-serie-b/2020>
{'year': '2020', 'position': '7', 'team': 'Ponte Preta - SP', 'points': '57', 'games': '38', 'wins': '16', 'draws': '9', 'losses': '13', 'goals_for': '54', 'goals_against': '49', 'goal_difference': '5', 'percentage': '50', 'top_player_scorer': {'team': 'Sampaio Correa - MA', 'name': 'Caio', 'goals': '17'}}
2023-09-22 14:52:28 [scrapy] DEBUG: Scraped from <200 https://www.cbf.com.br/futebol-brasileiro/competicoes/campeonato-brasileiro-serie-b/2020>
{'year': '2020', 'position': '8', 'team': 'Operário - PR', 'points': '57', 'games': '38', 'wins': '15', 'draws': '12', 'losses': '11', 'goals_for': '40', 'goals_against': '34', 'goal_difference': '6', 'percentage': '50', 'top_player_scorer': {'team': 'Sampaio Correa - MA', 'name': 'Caio', 'goals': '17'}}
2023-09-22 14:52:28 [scrapy] DEBUG: Scraped from <200 https://www.cbf.com.br/futebol-brasileiro/competicoes/campeonato-brasileiro-serie-b/2020>
{'year': '2020', 'position': '9', 'team': 'Avaí - SC', 'points': '55', 'games': '38', 'wins': '16', 'draws': '7', 'losses': '15', 'goals_for': '45', 'goals_against': '49', 'goal_difference': '-4', 'percentage': '48', 'top_player_scorer': {'team': 'Sampaio Correa - MA', 'name': 'Caio', 'goals': '17'}}
2023-09-22 14:52:28 [scrapy] DEBUG: Scraped from <200 https://www.cbf.com.br/futebol-brasileiro/competicoes/campeonato-brasileiro-serie-b/2020>
{'year': '2020', 'position': '10', 'team': 'Crb - AL', 'points': '52', 'games': '38', 'wins': '15', 'draws': '7', 'losses': '16', 'goals_for': '48', 'goals_against': '47', 'goal_difference': '1', 'percentage': '45', 'top_player_scorer': {'team': 'Sampaio Correa - MA', 'name': 'Caio', 'goals': '17'}}
2023-09-22 14:52:28 [scrapy] DEBUG: Scraped from <200 https://www.cbf.com.br/futebol-brasileiro/competicoes/campeonato-brasileiro-serie-b/2020>
{'year': '2020', 'position': '11', 'team': 'Cruzeiro - MG', 'points': '49', 'games': '38', 'wins': '14', 'draws': '13', 'losses': '11', 'goals_for': '39', 'goals_against': '32', 'goal_difference': '7', 'percentage': '42', 'top_player_scorer': {'team': 'Sampaio Correa - MA', 'name': 'Caio', 'goals': '17'}}
2023-09-22 14:52:28 [scrapy] DEBUG: Scraped from <200 https://www.cbf.com.br/futebol-brasileiro/competicoes/campeonato-brasileiro-serie-b/2020>
{'year': '2020', 'position': '12', 'team': 'Brasil - RS', 'points': '49', 'games': '38', 'wins': '11', 'draws': '16', 'losses': '11', 'goals_for': '31', 'goals_against': '33', 'goal_difference': '-2', 'percentage': '42', 'top_player_scorer': {'team': 'Sampaio Correa - MA', 'name': 'Caio', 'goals': '17'}}
2023-09-22 14:52:29 [scrapy] DEBUG: Scraped from <200 https://www.cbf.com.br/futebol-brasileiro/competicoes/campeonato-brasileiro-serie-b/2020>
{'year': '2020', 'position': '13', 'team': 'Guarani - SP', 'points': '48', 'games': '38', 'wins': '13', 'draws': '9', 'losses': '16', 'goals_for': '41', 'goals_against': '48', 'goal_difference': '-7', 'percentage': '42', 'top_player_scorer': {'team': 'Sampaio Correa - MA', 'name': 'Caio', 'goals': '17'}}
2023-09-22 14:52:29 [scrapy] DEBUG: Scraped from <200 https://www.cbf.com.br/futebol-brasileiro/competicoes/campeonato-brasileiro-serie-b/2020>
{'year': '2020', 'position': '14', 'team': 'Vitória - BA', 'points': '48', 'games': '38', 'wins': '11', 'draws': '15', 'losses': '12', 'goals_for': '45', 'goals_against': '45', 'goal_difference': '0', 'percentage': '42', 'top_player_scorer': {'team': 'Sampaio Correa - MA', 'name': 'Caio', 'goals': '17'}}
2023-09-22 14:52:29 [scrapy] DEBUG: Scraped from <200 https://www.cbf.com.br/futebol-brasileiro/competicoes/campeonato-brasileiro-serie-b/2020>
{'year': '2020', 'position': '15', 'team': 'Confiança - SE', 'points': '46', 'games': '38', 'wins': '12', 'draws': '10', 'losses': '16', 'goals_for': '38', 'goals_against': '46', 'goal_difference': '-8', 'percentage': '40', 'top_player_scorer': {'team': 'Sampaio Correa - MA', 'name': 'Caio', 'goals': '17'}}
2023-09-22 14:52:29 [scrapy] DEBUG: Scraped from <200 https://www.cbf.com.br/futebol-brasileiro/competicoes/campeonato-brasileiro-serie-b/2020>
{'year': '2020', 'position': '16', 'team': 'Náutico - PE', 'points': '44', 'games': '38', 'wins': '10', 'draws': '14', 'losses': '14', 'goals_for': '35', 'goals_against': '42', 'goal_difference': '-7', 'percentage': '38', 'top_player_scorer': {'team': 'Sampaio Correa - MA', 'name': 'Caio', 'goals': '17'}}
2023-09-22 14:52:29 [scrapy] DEBUG: Scraped from <200 https://www.cbf.com.br/futebol-brasileiro/competicoes/campeonato-brasileiro-serie-b/2020>
{'year': '2020', 'position': '17', 'team': 'Figueirense - SC', 'points': '39', 'games': '38', 'wins': '9', 'draws': '12', 'losses': '17', 'goals_for': '35', 'goals_against': '49', 'goal_difference': '-14', 'percentage': '34', 'top_player_scorer': {'team': 'Sampaio Correa - MA', 'name': 'Caio', 'goals': '17'}}
2023-09-22 14:52:29 [scrapy] DEBUG: Scraped from <200 https://www.cbf.com.br/futebol-brasileiro/competicoes/campeonato-brasileiro-serie-b/2020>
{'year': '2020', 'position': '18', 'team': 'Paraná - PR', 'points': '37', 'games': '38', 'wins': '9', 'draws': '10', 'losses': '19', 'goals_for': '34', 'goals_against': '50', 'goal_difference': '-16', 'percentage': '32', 'top_player_scorer': {'team': 'Sampaio Correa - MA', 'name': 'Caio', 'goals': '17'}}
2023-09-22 14:52:29 [scrapy] DEBUG: Scraped from <200 https://www.cbf.com.br/futebol-brasileiro/competicoes/campeonato-brasileiro-serie-b/2020>
{'year': '2020', 'position': '19', 'team': 'Botafogo - SP', 'points': '34', 'games': '38', 'wins': '8', 'draws': '10', 'losses': '20', 'goals_for': '26', 'goals_against': '39', 'goal_difference': '-13', 'percentage': '29', 'top_player_scorer': {'team': 'Sampaio Correa - MA', 'name': 'Caio', 'goals': '17'}}
2023-09-22 14:52:29 [scrapy] DEBUG: Scraped from <200 https://www.cbf.com.br/futebol-brasileiro/competicoes/campeonato-brasileiro-serie-b/2020>
{'year': '2020', 'position': '20', 'team': 'Oeste - SP', 'points': '29', 'games': '38', 'wins': '7', 'draws': '8', 'losses': '23', 'goals_for': '28', 'goals_against': '60', 'goal_difference': '-32', 'percentage': '25', 'top_player_scorer': {'team': 'Sampaio Correa - MA', 'name': 'Caio', 'goals': '17'}}
2023-09-22 14:52:29 [scrapy] INFO: Closing spider (finished)
2023-09-22 14:52:29 [scrapy] INFO: Stored json feed (20 items) in: output.json
2023-09-22 14:52:29 [scrapy] INFO: Dumping Scrapy stats:
{'downloader/request_bytes': 280,
 'downloader/request_count': 1,
 'downloader/request_method_count/GET': 1,
 'downloader/response_bytes': 209255,
 'downloader/response_count': 1,
 'downloader/response_status_count/200': 1,
 'elapsed_time_seconds': 6.244488,
 'feedexport/success_count/FileFeedStorage': 1,
 'finish_reason': 'finished',
 'finish_time': datetime.datetime(2023, 9, 22, 17, 52, 29, 62079),
 'httpcompression/response_bytes': 1598548,
 'httpcompression/response_count': 1,
 'item_scraped_count': 20,
 'log_count/DEBUG': 21,
 'log_count/INFO': 8,
 'log_count/WARNING': 1,
 'memusage/max': 194215936,
 'memusage/startup': 194215936,
 'response_received_count': 1,
 'scheduler/dequeued': 1,
 'scheduler/dequeued/memory': 1,
 'scheduler/enqueued': 1,
 'scheduler/enqueued/memory': 1,
 'start_time': datetime.datetime(2023, 9, 22, 17, 52, 22, 817591)}
2023-09-22 14:52:29 [scrapy] INFO: Spider closed (finished)
