2023-09-22 14:57:48 [scrapy] DEBUG: Crawled (200) <GET https://www.cbf.com.br/futebol-brasileiro/competicoes/campeonato-brasileiro-serie-b/2022> (referer: None)
2023-09-22 14:57:48 [scrapy] DEBUG: Scraped from <200 https://www.cbf.com.br/futebol-brasileiro/competicoes/campeonato-brasileiro-serie-b/2022>
{'year': '2022', 'position': '1', 'team': 'Cruzeiro Saf - MG', 'points': '78', 'games': '38', 'wins': '23', 'draws': '9', 'losses': '6', 'goals_for': '57', 'goals_against': '26', 'goal_difference': '31', 'percentage': '68', 'top_player_scorer': {'team': 'Sampaio Corrêa - MA', 'name': 'Poveda', 'goals': '19'}}
2023-09-22 14:57:48 [scrapy] DEBUG: Scraped from <200 https://www.cbf.com.br/futebol-brasileiro/competicoes/campeonato-brasileiro-serie-b/2022>
{'year': '2022', 'position': '2', 'team': 'Grêmio - RS', 'points': '65', 'games': '38', 'wins': '17', 'draws': '14', 'losses': '7', 'goals_for': '50', 'goals_against': '26', 'goal_difference': '24', 'percentage': '57', 'top_player_scorer': {'team': 'Sampaio Corrêa - MA', 'name': 'Poveda', 'goals': '19'}}
2023-09-22 14:57:48 [scrapy] DEBUG: Scraped from <200 https://www.cbf.com.br/futebol-brasileiro/competicoes/campeonato-brasileiro-serie-b/2022>
{'year': '2022', 'position': '3', 'team': 'Bahia - BA', 'points': '62', 'games': '38', 'wins': '17', 'draws': '11', 'losses': '10', 'goals_for': '43', 'goals_against': '29', 'goal_difference': '14', 'percentage': '54', 'top_player_scorer': {'team': 'Sampaio Corrêa - MA', 'name': 'Poveda', 'goals': '19'}}
2023-09-22 14:57:48 [scrapy] DEBUG: Scraped from <200 https://www.cbf.com.br/futebol-brasileiro/competicoes/campeonato-brasileiro-serie-b/2022>
{'year': '2022', 'position': '4', 'team': 'Vasco da Gama S.a.f. - RJ', 'points': '62', 'games': '38', 'wins': '17', 'draws': '11', 'losses': '10', 'goals_for': '48', 'goals_against': '36', 'goal_difference': '12', 'percentage': '54', 'top_player_scorer': {'team': 'Sampaio Corrêa - MA', 'name': 'Poveda', 'goals': '19'}}
2023-09-22 14:57:48 [scrapy] DEBUG: Scraped from <200 https://www.cbf.com.br/futebol-brasileiro/competicoes/campeonato-brasileiro-serie-b/2022>
{'year': '2022', 'position': '5', 'team': 'Sampaio Corrêa - MA', 'points': '58', 'games': '38', 'wins': '16', 'draws': '10', 'losses': '12', 'goals_for': '48', 'goals_against': '42', 'goal_difference': '6', 'percentage': '50', 'top_player_scorer': {'team': 'Sampaio Corrêa - MA', 'name': 'Poveda', 'goals': '19'}}
2023-09-22 14:57:48 [scrapy] DEBUG: Scraped from <200 https://www.cbf.com.br/futebol-brasileiro/competicoes/campeonato-brasileiro-serie-b/2022>
{'year': '2022', 'position': '6', 'team': 'Ituano - SP', 'points': '57', 'games': '38', 'wins': '15', 'draws': '12', 'losses': '11', 'goals_for': '42', 'goals_against': '34', 'goal_difference': '8', 'percentage': '50', 'top_player_scorer': {'team': 'Sampaio Corrêa - MA', 'name': 'Poveda', 'goals': '19'}}
2023-09-22 14:57:48 [scrapy] DEBUG: Scraped from <200 https://www.cbf.com.br/futebol-brasileiro/competicoes/campeonato-brasileiro-serie-b/2022>
{'year': '2022', 'position': '7', 'team': 'Sport - PE', 'points': '57', 'games': '38', 'wins': '15', 'draws': '12', 'losses': '11', 'goals_for': '37', 'goals_against': '31', 'goal_difference': '6', 'percentage': '50', 'top_player_scorer': {'team': 'Sampaio Corrêa - MA', 'name': 'Poveda', 'goals': '19'}}
2023-09-22 14:57:48 [scrapy] DEBUG: Scraped from <200 https://www.cbf.com.br/futebol-brasileiro/competicoes/campeonato-brasileiro-serie-b/2022>
{'year': '2022', 'position': '8', 'team': 'Criciúma - SC', 'points': '56', 'games': '38', 'wins': '14', 'draws': '14', 'losses': '10', 'goals_for': '43', 'goals_against': '31', 'goal_difference': '12', 'percentage': '49', 'top_player_scorer': {'team': 'Sampaio Corrêa - MA', 'name': 'Poveda', 'goals': '19'}}
2023-09-22 14:57:48 [scrapy] DEBUG: Scraped from <200 https://www.cbf.com.br/futebol-brasileiro/competicoes/campeonato-brasileiro-serie-b/2022>
{'year': '2022', 'position': '9', 'team': 'Londrina - PR', 'points': '53', 'games': '38', 'wins': '14', 'draws': '11', 'losses': '13', 'goals_for': '36', 'goals_against': '37', 'goal_difference': '-1', 'percentage': '46', 'top_player_scorer': {'team': 'Sampaio Corrêa - MA', 'name': 'Poveda', 'goals': '19'}}
2023-09-22 14:57:48 [scrapy] DEBUG: Scraped from <200 https://www.cbf.com.br/futebol-brasileiro/competicoes/campeonato-brasileiro-serie-b/2022>
{'year': '2022', 'position': '10', 'team': 'Guarani - SP', 'points': '51', 'games': '38', 'wins': '13', 'draws': '12', 'losses': '13', 'goals_for': '33', 'goals_against': '36', 'goal_difference': '-3', 'percentage': '44', 'top_player_scorer': {'team': 'Sampaio Corrêa - MA', 'name': 'Poveda', 'goals': '19'}}
2023-09-22 14:57:48 [scrapy] DEBUG: Scraped from <200 https://www.cbf.com.br/futebol-brasileiro/competicoes/campeonato-brasileiro-serie-b/2022>
{'year': '2022', 'position': '11', 'team': 'Crb - AL', 'points': '50', 'games': '38', 'wins': '13', 'draws': '11', 'losses': '14', 'goals_for': '35', 'goals_against': '43', 'goal_difference': '-8', 'percentage': '43', 'top_player_scorer': {'team': 'Sampaio Corrêa - MA', 'name': 'Poveda', 'goals': '19'}}
2023-09-22 14:57:48 [scrapy] DEBUG: Scraped from <200 https://www.cbf.com.br/futebol-brasileiro/competicoes/campeonato-brasileiro-serie-b/2022>
{'year': '2022', 'position': '12', 'team': 'Ponte Preta - SP', 'points': '49', 'games': '38', 'wins': '12', 'draws': '13', 'losses': '13', 'goals_for': '34', 'goals_against': '36', 'goal_difference': '-2', 'percentage': '42', 'top_player_scorer': {'team': 'Sampaio Corrêa - MA', 'name': 'Poveda', 'goals': '19'}}
2023-09-22 14:57:48 [scrapy] DEBUG: Scraped from <200 https://www.cbf.com.br/futebol-brasileiro/competicoes/campeonato-brasileiro-serie-b/2022>
{'year': '2022', 'position': '13', 'team': 'Vila Nova - GO', 'points': '47', 'games': '38', 'wins': '9', 'draws': '20', 'losses': '9', 'goals_for': '28', 'goals_against': '31', 'goal_difference': '-3', 'percentage': '41', 'top_player_scorer': {'team': 'Sampaio Corrêa - MA', 'name': 'Poveda', 'goals': '19'}}
2023-09-22 14:57:48 [scrapy] DEBUG: Scraped from <200 https://www.cbf.com.br/futebol-brasileiro/competicoes/campeonato-brasileiro-serie-b/2022>
{'year': '2022', 'position': '14', 'team': 'Chapecoense - SC', 'points': '45', 'games': '38', 'wins': '11', 'draws': '12', 'losses': '15', 'goals_for': '37', 'goals_against': '39', 'goal_difference': '-2', 'percentage': '39', 'top_player_scorer': {'team': 'Sampaio Corrêa - MA', 'name': 'Poveda', 'goals': '19'}}
2023-09-22 14:57:48 [scrapy] DEBUG: Scraped from <200 https://www.cbf.com.br/futebol-brasileiro/competicoes/campeonato-brasileiro-serie-b/2022>
{'year': '2022', 'position': '15', 'team': 'Tombense - MG', 'points': '45', 'games': '38', 'wins': '10', 'draws': '15', 'losses': '13', 'goals_for': '38', 'goals_against': '47', 'goal_difference': '-9', 'percentage': '39', 'top_player_scorer': {'team': 'Sampaio Corrêa - MA', 'name': 'Poveda', 'goals': '19'}}
2023-09-22 14:57:48 [scrapy] DEBUG: Scraped from <200 https://www.cbf.com.br/futebol-brasileiro/competicoes/campeonato-brasileiro-serie-b/2022>
{'year': '2022', 'position': '16', 'team': 'Novorizontino - SP', 'points': '44', 'games': '38', 'wins': '11', 'draws': '11', 'losses': '16', 'goals_for': '44', 'goals_against': '49', 'goal_difference': '-5', 'percentage': '38', 'top_player_scorer': {'team': 'Sampaio Corrêa - MA', 'name': 'Poveda', 'goals': '19'}}
2023-09-22 14:57:48 [scrapy] DEBUG: Scraped from <200 https://www.cbf.com.br/futebol-brasileiro/competicoes/campeonato-brasileiro-serie-b/2022>
{'year': '2022', 'position': '17', 'team': 'Csa - AL', 'points': '42', 'games': '38', 'wins': '9', 'draws': '15', 'losses': '14', 'goals_for': '29', 'goals_against': '37', 'goal_difference': '-8', 'percentage': '36', 'top_player_scorer': {'team': 'Sampaio Corrêa - MA', 'name': 'Poveda', 'goals': '19'}}
2023-09-22 14:57:48 [scrapy] DEBUG: Scraped from <200 https://www.cbf.com.br/futebol-brasileiro/competicoes/campeonato-brasileiro-serie-b/2022>
{'year': '2022', 'position': '18', 'team': 'Brusque - SC', 'points': '34', 'games': '38', 'wins': '8', 'draws': '10', 'losses': '20', 'goals_for': '21', 'goals_against': '38', 'goal_difference': '-17', 'percentage': '29', 'top_player_scorer': {'team': 'Sampaio Corrêa - MA', 'name': 'Poveda', 'goals': '19'}}
2023-09-22 14:57:48 [scrapy] DEBUG: Scraped from <200 https://www.cbf.com.br/futebol-brasileiro/competicoes/campeonato-brasileiro-serie-b/2022>
{'year': '2022', 'position': '19', 'team': 'Operário - PR', 'points': '34', 'games': '38', 'wins': '7', 'draws': '13', 'losses': '18', 'goals_for': '31', 'goals_against': '53', 'goal_difference': '-22', 'percentage': '29', 'top_player_scorer': {'team': 'Sampaio Corrêa - MA', 'name': 'Poveda', 'goals': '19'}}
2023-09-22 14:57:48 [scrapy] DEBUG: Scraped from <200 https://www.cbf.com.br/futebol-brasileiro/competicoes/campeonato-brasileiro-serie-b/2022>
{'year': '2022', 'position': '20', 'team': 'Náutico - PE', 'points': '30', 'games': '38', 'wins': '8', 'draws': '6', 'losses': '24', 'goals_for': '32', 'goals_against': '65', 'goal_difference': '-33', 'percentage': '26', 'top_player_scorer': {'team': 'Sampaio Corrêa - MA', 'name': 'Poveda', 'goals': '19'}}
2023-09-22 14:57:48 [scrapy] INFO: Closing spider (finished)
2023-09-22 14:57:48 [scrapy] INFO: Stored json feed (20 items) in: output.json
2023-09-22 14:57:48 [scrapy] INFO: Dumping Scrapy stats:
{'downloader/request_bytes': 280,
 'downloader/request_count': 1,
 'downloader/request_method_count/GET': 1,
 'downloader/response_bytes': 212069,
 'downloader/response_count': 1,
 'downloader/response_status_count/200': 1,
 'elapsed_time_seconds': 6.233481,
 'feedexport/success_count/FileFeedStorage': 1,
 'finish_reason': 'finished',
 'finish_time': datetime.datetime(2023, 9, 22, 17, 57, 48, 506681),
 'httpcompression/response_bytes': 1585432,
 'httpcompression/response_count': 1,
 'item_scraped_count': 20,
 'log_count/DEBUG': 21,
 'log_count/INFO': 8,
 'log_count/WARNING': 1,
 'memusage/max': 197853184,
 'memusage/startup': 197853184,
 'response_received_count': 1,
 'scheduler/dequeued': 1,
 'scheduler/dequeued/memory': 1,
 'scheduler/enqueued': 1,
 'scheduler/enqueued/memory': 1,
 'start_time': datetime.datetime(2023, 9, 22, 17, 57, 42, 273200)}
2023-09-22 14:57:48 [scrapy] INFO: Spider closed (finished)
