2023-09-11 07:30:39 [scrapy] DEBUG: Crawled (200) <GET https://www.cbf.com.br/robots.txt> (referer: None)
2023-09-11 07:30:41 [scrapy] DEBUG: Redirecting (302) to <GET https://www.cbf.com.br/futebol-brasileiro/competicoes/campeonato-brasileiro-serie-a> from <GET https://www.cbf.com.br/futebol-brasileiro/competicoes/campeonato-brasileiro-serie-a/2001>
2023-09-11 07:30:46 [scrapy] DEBUG: Crawled (200) <GET https://www.cbf.com.br/futebol-brasileiro/competicoes/campeonato-brasileiro-serie-a> (referer: None)
2023-09-11 07:30:46 [scrapy] DEBUG: Scraped from <200 https://www.cbf.com.br/futebol-brasileiro/competicoes/campeonato-brasileiro-serie-a>
{'year': 'campeonato-brasileiro-serie-a', 'position': '1', 'team': 'Botafogo - RJ', 'points': '51', 'games': '22', 'wins': '16', 'draws': '3', 'losses': '3', 'goals_for': '39', 'goals_against': '13', 'goal_difference': '26', 'percentage': '77', 'top_player_scorer': {'team': 'Botafogo - RJ', 'name': 'Tiquinho', 'goals': '13'}}
2023-09-11 07:30:46 [scrapy] DEBUG: Scraped from <200 https://www.cbf.com.br/futebol-brasileiro/competicoes/campeonato-brasileiro-serie-a>
{'year': 'campeonato-brasileiro-serie-a', 'position': '2', 'team': 'Palmeiras - SP', 'points': '41', 'games': '22', 'wins': '11', 'draws': '8', 'losses': '3', 'goals_for': '37', 'goals_against': '17', 'goal_difference': '20', 'percentage': '62', 'top_player_scorer': {'team': 'Botafogo - RJ', 'name': 'Tiquinho', 'goals': '13'}}
2023-09-11 07:30:46 [scrapy] DEBUG: Scraped from <200 https://www.cbf.com.br/futebol-brasileiro/competicoes/campeonato-brasileiro-serie-a>
{'year': 'campeonato-brasileiro-serie-a', 'position': '3', 'team': 'Grêmio - RS', 'points': '39', 'games': '21', 'wins': '12', 'draws': '3', 'losses': '6', 'goals_for': '34', 'goals_against': '25', 'goal_difference': '9', 'percentage': '61', 'top_player_scorer': {'team': 'Botafogo - RJ', 'name': 'Tiquinho', 'goals': '13'}}
2023-09-11 07:30:46 [scrapy] DEBUG: Scraped from <200 https://www.cbf.com.br/futebol-brasileiro/competicoes/campeonato-brasileiro-serie-a>
{'year': 'campeonato-brasileiro-serie-a', 'position': '4', 'team': 'Flamengo - RJ', 'points': '39', 'games': '22', 'wins': '11', 'draws': '6', 'losses': '5', 'goals_for': '36', 'goals_against': '27', 'goal_difference': '9', 'percentage': '59', 'top_player_scorer': {'team': 'Botafogo - RJ', 'name': 'Tiquinho', 'goals': '13'}}
2023-09-11 07:30:46 [scrapy] DEBUG: Scraped from <200 https://www.cbf.com.br/futebol-brasileiro/competicoes/campeonato-brasileiro-serie-a>
{'year': 'campeonato-brasileiro-serie-a', 'position': '5', 'team': 'Fluminense - RJ', 'points': '38', 'games': '22', 'wins': '11', 'draws': '5', 'losses': '6', 'goals_for': '31', 'goals_against': '22', 'goal_difference': '9', 'percentage': '57', 'top_player_scorer': {'team': 'Botafogo - RJ', 'name': 'Tiquinho', 'goals': '13'}}
2023-09-11 07:30:46 [scrapy] DEBUG: Scraped from <200 https://www.cbf.com.br/futebol-brasileiro/competicoes/campeonato-brasileiro-serie-a>
{'year': 'campeonato-brasileiro-serie-a', 'position': '6', 'team': 'Red Bull Bragantino - SP', 'points': '36', 'games': '22', 'wins': '9', 'draws': '9', 'losses': '4', 'goals_for': '29', 'goals_against': '21', 'goal_difference': '8', 'percentage': '54', 'top_player_scorer': {'team': 'Botafogo - RJ', 'name': 'Tiquinho', 'goals': '13'}}
2023-09-11 07:30:46 [scrapy] DEBUG: Scraped from <200 https://www.cbf.com.br/futebol-brasileiro/competicoes/campeonato-brasileiro-serie-a>
{'year': 'campeonato-brasileiro-serie-a', 'position': '7', 'team': 'Athletico Paranaense - PR', 'points': '34', 'games': '22', 'wins': '9', 'draws': '7', 'losses': '6', 'goals_for': '32', 'goals_against': '26', 'goal_difference': '6', 'percentage': '51', 'top_player_scorer': {'team': 'Botafogo - RJ', 'name': 'Tiquinho', 'goals': '13'}}
2023-09-11 07:30:46 [scrapy] DEBUG: Scraped from <200 https://www.cbf.com.br/futebol-brasileiro/competicoes/campeonato-brasileiro-serie-a>
{'year': 'campeonato-brasileiro-serie-a', 'position': '8', 'team': 'Fortaleza - CE', 'points': '32', 'games': '22', 'wins': '9', 'draws': '5', 'losses': '8', 'goals_for': '25', 'goals_against': '21', 'goal_difference': '4', 'percentage': '48', 'top_player_scorer': {'team': 'Botafogo - RJ', 'name': 'Tiquinho', 'goals': '13'}}
2023-09-11 07:30:46 [scrapy] DEBUG: Scraped from <200 https://www.cbf.com.br/futebol-brasileiro/competicoes/campeonato-brasileiro-serie-a>
{'year': 'campeonato-brasileiro-serie-a', 'position': '9', 'team': 'Atlético Mineiro - MG', 'points': '31', 'games': '22', 'wins': '8', 'draws': '7', 'losses': '7', 'goals_for': '25', 'goals_against': '19', 'goal_difference': '6', 'percentage': '46', 'top_player_scorer': {'team': 'Botafogo - RJ', 'name': 'Tiquinho', 'goals': '13'}}
2023-09-11 07:30:46 [scrapy] DEBUG: Scraped from <200 https://www.cbf.com.br/futebol-brasileiro/competicoes/campeonato-brasileiro-serie-a>
{'year': 'campeonato-brasileiro-serie-a', 'position': '10', 'team': 'Cuiabá Saf - MT', 'points': '28', 'games': '22', 'wins': '8', 'draws': '4', 'losses': '10', 'goals_for': '21', 'goals_against': '27', 'goal_difference': '-6', 'percentage': '42', 'top_player_scorer': {'team': 'Botafogo - RJ', 'name': 'Tiquinho', 'goals': '13'}}
2023-09-11 07:30:47 [scrapy] DEBUG: Scraped from <200 https://www.cbf.com.br/futebol-brasileiro/competicoes/campeonato-brasileiro-serie-a>
{'year': 'campeonato-brasileiro-serie-a', 'position': '11', 'team': 'São Paulo - SP', 'points': '28', 'games': '21', 'wins': '7', 'draws': '7', 'losses': '7', 'goals_for': '25', 'goals_against': '21', 'goal_difference': '4', 'percentage': '44', 'top_player_scorer': {'team': 'Botafogo - RJ', 'name': 'Tiquinho', 'goals': '13'}}
2023-09-11 07:30:47 [scrapy] DEBUG: Scraped from <200 https://www.cbf.com.br/futebol-brasileiro/competicoes/campeonato-brasileiro-serie-a>
{'year': 'campeonato-brasileiro-serie-a', 'position': '12', 'team': 'Cruzeiro Saf - MG', 'points': '26', 'games': '22', 'wins': '6', 'draws': '8', 'losses': '8', 'goals_for': '20', 'goals_against': '20', 'goal_difference': '0', 'percentage': '39', 'top_player_scorer': {'team': 'Botafogo - RJ', 'name': 'Tiquinho', 'goals': '13'}}
2023-09-11 07:30:47 [scrapy] DEBUG: Scraped from <200 https://www.cbf.com.br/futebol-brasileiro/competicoes/campeonato-brasileiro-serie-a>
{'year': 'campeonato-brasileiro-serie-a', 'position': '13', 'team': 'Corinthians - SP', 'points': '26', 'games': '21', 'wins': '6', 'draws': '8', 'losses': '7', 'goals_for': '22', 'goals_against': '23', 'goal_difference': '-1', 'percentage': '41', 'top_player_scorer': {'team': 'Botafogo - RJ', 'name': 'Tiquinho', 'goals': '13'}}
2023-09-11 07:30:47 [scrapy] DEBUG: Scraped from <200 https://www.cbf.com.br/futebol-brasileiro/competicoes/campeonato-brasileiro-serie-a>
{'year': 'campeonato-brasileiro-serie-a', 'position': '14', 'team': 'Internacional - RS', 'points': '26', 'games': '22', 'wins': '6', 'draws': '8', 'losses': '8', 'goals_for': '17', 'goals_against': '24', 'goal_difference': '-7', 'percentage': '39', 'top_player_scorer': {'team': 'Botafogo - RJ', 'name': 'Tiquinho', 'goals': '13'}}
2023-09-11 07:30:47 [scrapy] DEBUG: Scraped from <200 https://www.cbf.com.br/futebol-brasileiro/competicoes/campeonato-brasileiro-serie-a>
{'year': 'campeonato-brasileiro-serie-a', 'position': '15', 'team': 'Goiás - GO', 'points': '25', 'games': '22', 'wins': '6', 'draws': '7', 'losses': '9', 'goals_for': '20', 'goals_against': '29', 'goal_difference': '-9', 'percentage': '37', 'top_player_scorer': {'team': 'Botafogo - RJ', 'name': 'Tiquinho', 'goals': '13'}}
2023-09-11 07:30:47 [scrapy] DEBUG: Scraped from <200 https://www.cbf.com.br/futebol-brasileiro/competicoes/campeonato-brasileiro-serie-a>
{'year': 'campeonato-brasileiro-serie-a', 'position': '16', 'team': 'Bahia - BA', 'points': '22', 'games': '22', 'wins': '5', 'draws': '7', 'losses': '10', 'goals_for': '23', 'goals_against': '29', 'goal_difference': '-6', 'percentage': '33', 'top_player_scorer': {'team': 'Botafogo - RJ', 'name': 'Tiquinho', 'goals': '13'}}
2023-09-11 07:30:47 [scrapy] DEBUG: Scraped from <200 https://www.cbf.com.br/futebol-brasileiro/competicoes/campeonato-brasileiro-serie-a>
{'year': 'campeonato-brasileiro-serie-a', 'position': '17', 'team': 'Santos - SP', 'points': '21', 'games': '22', 'wins': '5', 'draws': '6', 'losses': '11', 'goals_for': '21', 'goals_against': '36', 'goal_difference': '-15', 'percentage': '31', 'top_player_scorer': {'team': 'Botafogo - RJ', 'name': 'Tiquinho', 'goals': '13'}}
2023-09-11 07:30:47 [scrapy] DEBUG: Scraped from <200 https://www.cbf.com.br/futebol-brasileiro/competicoes/campeonato-brasileiro-serie-a>
{'year': 'campeonato-brasileiro-serie-a', 'position': '18', 'team': 'Vasco da Gama S.a.f. - RJ', 'points': '17', 'games': '21', 'wins': '4', 'draws': '5', 'losses': '12', 'goals_for': '16', 'goals_against': '31', 'goal_difference': '-15', 'percentage': '26', 'top_player_scorer': {'team': 'Botafogo - RJ', 'name': 'Tiquinho', 'goals': '13'}}
2023-09-11 07:30:47 [scrapy] DEBUG: Scraped from <200 https://www.cbf.com.br/futebol-brasileiro/competicoes/campeonato-brasileiro-serie-a>
{'year': 'campeonato-brasileiro-serie-a', 'position': '19', 'team': 'America Fc S.a.f. - MG', 'points': '16', 'games': '21', 'wins': '4', 'draws': '4', 'losses': '13', 'goals_for': '24', 'goals_against': '45', 'goal_difference': '-21', 'percentage': '25', 'top_player_scorer': {'team': 'Botafogo - RJ', 'name': 'Tiquinho', 'goals': '13'}}
2023-09-11 07:30:47 [scrapy] DEBUG: Scraped from <200 https://www.cbf.com.br/futebol-brasileiro/competicoes/campeonato-brasileiro-serie-a>
{'year': 'campeonato-brasileiro-serie-a', 'position': '20', 'team': 'Coritiba S.a.f. - PR', 'points': '14', 'games': '21', 'wins': '3', 'draws': '5', 'losses': '13', 'goals_for': '21', 'goals_against': '42', 'goal_difference': '-21', 'percentage': '22', 'top_player_scorer': {'team': 'Botafogo - RJ', 'name': 'Tiquinho', 'goals': '13'}}
2023-09-11 07:30:47 [scrapy] INFO: Closing spider (finished)
2023-09-11 07:30:47 [scrapy] INFO: Dumping Scrapy stats:
{'downloader/request_bytes': 1278,
 'downloader/request_count': 3,
 'downloader/request_method_count/GET': 3,
 'downloader/response_bytes': 189941,
 'downloader/response_count': 3,
 'downloader/response_status_count/200': 2,
 'downloader/response_status_count/302': 1,
 'elapsed_time_seconds': 8.999049,
 'finish_reason': 'finished',
 'finish_time': datetime.datetime(2023, 9, 11, 10, 30, 47, 65849),
 'httpcompression/response_bytes': 1424486,
 'httpcompression/response_count': 1,
 'item_scraped_count': 20,
 'log_count/DEBUG': 23,
 'log_count/INFO': 7,
 'memusage/max': 147730432,
 'memusage/startup': 147730432,
 'response_received_count': 2,
 'robotstxt/request_count': 1,
 'robotstxt/response_count': 1,
 'robotstxt/response_status_count/200': 1,
 'scheduler/dequeued': 2,
 'scheduler/dequeued/memory': 2,
 'scheduler/enqueued': 2,
 'scheduler/enqueued/memory': 2,
 'start_time': datetime.datetime(2023, 9, 11, 10, 30, 38, 66800)}
2023-09-11 07:30:47 [scrapy] INFO: Spider closed (finished)
