2023-09-22 14:57:41 [scrapy] DEBUG: Crawled (200) <GET https://www.cbf.com.br/futebol-brasileiro/competicoes/campeonato-brasileiro-serie-b/2021> (referer: None)
2023-09-22 14:57:42 [scrapy] DEBUG: Scraped from <200 https://www.cbf.com.br/futebol-brasileiro/competicoes/campeonato-brasileiro-serie-b/2021>
{'year': '2021', 'position': '1', 'team': 'Botafogo - RJ', 'points': '70', 'games': '38', 'wins': '20', 'draws': '10', 'losses': '8', 'goals_for': '56', 'goals_against': '31', 'goal_difference': '25', 'percentage': '61', 'top_player_scorer': {'team': 'Brusque - SC', 'name': 'Eduardo', 'goals': '17'}}
2023-09-22 14:57:42 [scrapy] DEBUG: Scraped from <200 https://www.cbf.com.br/futebol-brasileiro/competicoes/campeonato-brasileiro-serie-b/2021>
{'year': '2021', 'position': '2', 'team': 'Goiás - GO', 'points': '65', 'games': '38', 'wins': '17', 'draws': '14', 'losses': '7', 'goals_for': '48', 'goals_against': '31', 'goal_difference': '17', 'percentage': '57', 'top_player_scorer': {'team': 'Brusque - SC', 'name': 'Eduardo', 'goals': '17'}}
2023-09-22 14:57:42 [scrapy] DEBUG: Scraped from <200 https://www.cbf.com.br/futebol-brasileiro/competicoes/campeonato-brasileiro-serie-b/2021>
{'year': '2021', 'position': '3', 'team': 'Coritiba - PR', 'points': '64', 'games': '38', 'wins': '18', 'draws': '10', 'losses': '10', 'goals_for': '49', 'goals_against': '35', 'goal_difference': '14', 'percentage': '56', 'top_player_scorer': {'team': 'Brusque - SC', 'name': 'Eduardo', 'goals': '17'}}
2023-09-22 14:57:42 [scrapy] DEBUG: Scraped from <200 https://www.cbf.com.br/futebol-brasileiro/competicoes/campeonato-brasileiro-serie-b/2021>
{'year': '2021', 'position': '4', 'team': 'Avaí - SC', 'points': '64', 'games': '38', 'wins': '18', 'draws': '10', 'losses': '10', 'goals_for': '44', 'goals_against': '35', 'goal_difference': '9', 'percentage': '56', 'top_player_scorer': {'team': 'Brusque - SC', 'name': 'Eduardo', 'goals': '17'}}
2023-09-22 14:57:42 [scrapy] DEBUG: Scraped from <200 https://www.cbf.com.br/futebol-brasileiro/competicoes/campeonato-brasileiro-serie-b/2021>
{'year': '2021', 'position': '5', 'team': 'Csa - AL', 'points': '62', 'games': '38', 'wins': '18', 'draws': '8', 'losses': '12', 'goals_for': '48', 'goals_against': '33', 'goal_difference': '15', 'percentage': '54', 'top_player_scorer': {'team': 'Brusque - SC', 'name': 'Eduardo', 'goals': '17'}}
2023-09-22 14:57:42 [scrapy] DEBUG: Scraped from <200 https://www.cbf.com.br/futebol-brasileiro/competicoes/campeonato-brasileiro-serie-b/2021>
{'year': '2021', 'position': '6', 'team': 'Guarani - SP', 'points': '60', 'games': '38', 'wins': '16', 'draws': '12', 'losses': '10', 'goals_for': '54', 'goals_against': '41', 'goal_difference': '13', 'percentage': '52', 'top_player_scorer': {'team': 'Brusque - SC', 'name': 'Eduardo', 'goals': '17'}}
2023-09-22 14:57:42 [scrapy] DEBUG: Scraped from <200 https://www.cbf.com.br/futebol-brasileiro/competicoes/campeonato-brasileiro-serie-b/2021>
{'year': '2021', 'position': '7', 'team': 'Crb - AL', 'points': '60', 'games': '38', 'wins': '16', 'draws': '12', 'losses': '10', 'goals_for': '47', 'goals_against': '39', 'goal_difference': '8', 'percentage': '52', 'top_player_scorer': {'team': 'Brusque - SC', 'name': 'Eduardo', 'goals': '17'}}
2023-09-22 14:57:42 [scrapy] DEBUG: Scraped from <200 https://www.cbf.com.br/futebol-brasileiro/competicoes/campeonato-brasileiro-serie-b/2021>
{'year': '2021', 'position': '8', 'team': 'Náutico - PE', 'points': '53', 'games': '38', 'wins': '14', 'draws': '11', 'losses': '13', 'goals_for': '50', 'goals_against': '50', 'goal_difference': '0', 'percentage': '46', 'top_player_scorer': {'team': 'Brusque - SC', 'name': 'Eduardo', 'goals': '17'}}
2023-09-22 14:57:42 [scrapy] DEBUG: Scraped from <200 https://www.cbf.com.br/futebol-brasileiro/competicoes/campeonato-brasileiro-serie-b/2021>
{'year': '2021', 'position': '9', 'team': 'Vila Nova - GO', 'points': '51', 'games': '38', 'wins': '12', 'draws': '15', 'losses': '11', 'goals_for': '35', 'goals_against': '36', 'goal_difference': '-1', 'percentage': '44', 'top_player_scorer': {'team': 'Brusque - SC', 'name': 'Eduardo', 'goals': '17'}}
2023-09-22 14:57:42 [scrapy] DEBUG: Scraped from <200 https://www.cbf.com.br/futebol-brasileiro/competicoes/campeonato-brasileiro-serie-b/2021>
{'year': '2021', 'position': '10', 'team': 'Vasco da Gama - RJ', 'points': '49', 'games': '38', 'wins': '13', 'draws': '10', 'losses': '15', 'goals_for': '43', 'goals_against': '52', 'goal_difference': '-9', 'percentage': '42', 'top_player_scorer': {'team': 'Brusque - SC', 'name': 'Eduardo', 'goals': '17'}}
2023-09-22 14:57:42 [scrapy] DEBUG: Scraped from <200 https://www.cbf.com.br/futebol-brasileiro/competicoes/campeonato-brasileiro-serie-b/2021>
{'year': '2021', 'position': '11', 'team': 'Ponte Preta - SP', 'points': '49', 'games': '38', 'wins': '12', 'draws': '13', 'losses': '13', 'goals_for': '39', 'goals_against': '40', 'goal_difference': '-1', 'percentage': '42', 'top_player_scorer': {'team': 'Brusque - SC', 'name': 'Eduardo', 'goals': '17'}}
2023-09-22 14:57:42 [scrapy] DEBUG: Scraped from <200 https://www.cbf.com.br/futebol-brasileiro/competicoes/campeonato-brasileiro-serie-b/2021>
{'year': '2021', 'position': '12', 'team': 'Operário - PR', 'points': '48', 'games': '38', 'wins': '13', 'draws': '9', 'losses': '16', 'goals_for': '35', 'goals_against': '46', 'goal_difference': '-11', 'percentage': '42', 'top_player_scorer': {'team': 'Brusque - SC', 'name': 'Eduardo', 'goals': '17'}}
2023-09-22 14:57:42 [scrapy] DEBUG: Scraped from <200 https://www.cbf.com.br/futebol-brasileiro/competicoes/campeonato-brasileiro-serie-b/2021>
{'year': '2021', 'position': '13', 'team': 'Brusque - SC', 'points': '48', 'games': '38', 'wins': '13', 'draws': '9', 'losses': '16', 'goals_for': '44', 'goals_against': '56', 'goal_difference': '-12', 'percentage': '42', 'top_player_scorer': {'team': 'Brusque - SC', 'name': 'Eduardo', 'goals': '17'}}
2023-09-22 14:57:42 [scrapy] DEBUG: Scraped from <200 https://www.cbf.com.br/futebol-brasileiro/competicoes/campeonato-brasileiro-serie-b/2021>
{'year': '2021', 'position': '14', 'team': 'Cruzeiro - MG', 'points': '48', 'games': '38', 'wins': '10', 'draws': '18', 'losses': '10', 'goals_for': '42', 'goals_against': '44', 'goal_difference': '-2', 'percentage': '42', 'top_player_scorer': {'team': 'Brusque - SC', 'name': 'Eduardo', 'goals': '17'}}
2023-09-22 14:57:42 [scrapy] DEBUG: Scraped from <200 https://www.cbf.com.br/futebol-brasileiro/competicoes/campeonato-brasileiro-serie-b/2021>
{'year': '2021', 'position': '15', 'team': 'Sampaio Corrêa - MA', 'points': '47', 'games': '38', 'wins': '12', 'draws': '11', 'losses': '15', 'goals_for': '41', 'goals_against': '42', 'goal_difference': '-1', 'percentage': '41', 'top_player_scorer': {'team': 'Brusque - SC', 'name': 'Eduardo', 'goals': '17'}}
2023-09-22 14:57:42 [scrapy] DEBUG: Scraped from <200 https://www.cbf.com.br/futebol-brasileiro/competicoes/campeonato-brasileiro-serie-b/2021>
{'year': '2021', 'position': '16', 'team': 'Londrina - PR', 'points': '44', 'games': '38', 'wins': '11', 'draws': '11', 'losses': '16', 'goals_for': '31', 'goals_against': '41', 'goal_difference': '-10', 'percentage': '38', 'top_player_scorer': {'team': 'Brusque - SC', 'name': 'Eduardo', 'goals': '17'}}
2023-09-22 14:57:42 [scrapy] DEBUG: Scraped from <200 https://www.cbf.com.br/futebol-brasileiro/competicoes/campeonato-brasileiro-serie-b/2021>
{'year': '2021', 'position': '17', 'team': 'Remo - PA', 'points': '43', 'games': '38', 'wins': '11', 'draws': '10', 'losses': '17', 'goals_for': '31', 'goals_against': '42', 'goal_difference': '-11', 'percentage': '37', 'top_player_scorer': {'team': 'Brusque - SC', 'name': 'Eduardo', 'goals': '17'}}
2023-09-22 14:57:42 [scrapy] DEBUG: Scraped from <200 https://www.cbf.com.br/futebol-brasileiro/competicoes/campeonato-brasileiro-serie-b/2021>
{'year': '2021', 'position': '18', 'team': 'Vitória - BA', 'points': '40', 'games': '38', 'wins': '8', 'draws': '16', 'losses': '14', 'goals_for': '31', 'goals_against': '32', 'goal_difference': '-1', 'percentage': '35', 'top_player_scorer': {'team': 'Brusque - SC', 'name': 'Eduardo', 'goals': '17'}}
2023-09-22 14:57:42 [scrapy] DEBUG: Scraped from <200 https://www.cbf.com.br/futebol-brasileiro/competicoes/campeonato-brasileiro-serie-b/2021>
{'year': '2021', 'position': '19', 'team': 'Confiança - SE', 'points': '37', 'games': '38', 'wins': '9', 'draws': '10', 'losses': '19', 'goals_for': '35', 'goals_against': '48', 'goal_difference': '-13', 'percentage': '32', 'top_player_scorer': {'team': 'Brusque - SC', 'name': 'Eduardo', 'goals': '17'}}
2023-09-22 14:57:42 [scrapy] DEBUG: Scraped from <200 https://www.cbf.com.br/futebol-brasileiro/competicoes/campeonato-brasileiro-serie-b/2021>
{'year': '2021', 'position': '20', 'team': 'Brasil - RS', 'points': '23', 'games': '38', 'wins': '4', 'draws': '11', 'losses': '23', 'goals_for': '23', 'goals_against': '52', 'goal_difference': '-29', 'percentage': '20', 'top_player_scorer': {'team': 'Brusque - SC', 'name': 'Eduardo', 'goals': '17'}}
2023-09-22 14:57:42 [scrapy] INFO: Closing spider (finished)
2023-09-22 14:57:42 [scrapy] INFO: Stored json feed (20 items) in: output.json
2023-09-22 14:57:42 [scrapy] INFO: Dumping Scrapy stats:
{'downloader/request_bytes': 280,
 'downloader/request_count': 1,
 'downloader/request_method_count/GET': 1,
 'downloader/response_bytes': 212277,
 'downloader/response_count': 1,
 'downloader/response_status_count/200': 1,
 'elapsed_time_seconds': 6.368593,
 'feedexport/success_count/FileFeedStorage': 1,
 'finish_reason': 'finished',
 'finish_time': datetime.datetime(2023, 9, 22, 17, 57, 42, 264746),
 'httpcompression/response_bytes': 1582039,
 'httpcompression/response_count': 1,
 'item_scraped_count': 20,
 'log_count/DEBUG': 21,
 'log_count/INFO': 8,
 'log_count/WARNING': 1,
 'memusage/max': 197853184,
 'memusage/startup': 197853184,
 'response_received_count': 1,
 'scheduler/dequeued': 1,
 'scheduler/dequeued/memory': 1,
 'scheduler/enqueued': 1,
 'scheduler/enqueued/memory': 1,
 'start_time': datetime.datetime(2023, 9, 22, 17, 57, 35, 896153)}
2023-09-22 14:57:42 [scrapy] INFO: Spider closed (finished)
